
; File generated by darts version N-2018.03#7d02e3ca79#180723, Wed Apr 10 23:52:58 2019
; Copyright 2014-2018 Synopsys, Inc. All rights reserved.
; darts -B -I../lib +p -d -h -I../lib/runtime/include -I../../io_modules -I/CMC/tools/synopsys/asip_designer_vN-2018.03-SP3/linux64/chessdir/../examples/io_modules -D__tct_patch__=300 -L +Ihex Release/sha256.o tlx

; Release: ipd N-2018.03-SP3
.data_segment_name
.rodata local 1 __sha256___str3e68c8bf DMb_stat
	0x20
	0x20
	0x0

.data_segment_name
.rodata local 1 __sha256___str93adbc38 DMb_stat
	0x30
	0x78
	0x25
	0x30
	0x38
	0x78
	0x2c
	0x20
	0x0

.data_segment_name
.rodata local 1 __sha256___str25127e77 DMb_stat
	0xa
	0x20
	0x20
	0x0

.data_segment_name
.rodata local 1 __sha256___str008811f7 DMb_stat
	0xa
	0x0

.data_segment_name
.rodata local 1 __sha256___straad2c221 DMb_stat
	0x61
	0x64
	0x64
	0x3a
	0x25
	0x64
	0xa
	0x64
	0x69
	0x76
	0x3a
	0x25
	0x64
	0xa
	0x74
	0x65
	0x73
	0x74
	0x3a
	0x25
	0x64
	0xa
	0x6d
	0x6f
	0x64
	0x3a
	0x25
	0x64
	0xa
	0x0

.data_segment_name
.rodata local 1 __sha256___strbd65765a DMb_stat
	0x5a
	0x3d
	0xa
	0x0

.undef local data __sha256___str3e68c8bf

.undef local data __sha256___str93adbc38

.undef local data __sha256___str25127e77

.undef local data __sha256___str008811f7

.undef local data __sha256___straad2c221

.undef local data __sha256___strbd65765a

.data_segment_name
.data global 4 n DMb_stat
	0x0
	0x0
	0x4
	0x2

.data_segment_name
.data global 4 modulus DMb_stat
	0x0
	0x0
	0x0
	0x0
	0xc8
	0x46
	0x7f
	0xda
	0x54
	0x17
	0xa4
	0x45
	0x6c
	0xdd
	0x47
	0x70
	0x1c
	0x7d
	0x9e
	0x26
	0xae
	0x23
	0xf3
	0xea
	0x7a
	0xc9
	0x1f
	0x94
	0x98
	0x6a
	0x9c
	0x9b
	0x88
	0x4b
	0xca
	0xf5
	0x12
	0x62
	0x4c
	0x21
	0xb3
	0x90
	0xb6
	0x1c
	0xec
	0x95
	0x83
	0xef
	0x6d
	0x83
	0xba
	0xd9
	0xd1
	0x33
	0xb2
	0x51
	0x45
	0x81
	0xaa
	0x7b
	0x2b
	0x93
	0xb8
	0x1e
	0x32
	0xd2
	0xaa
	0x3e
	0xb1
	0x27
	0x98
	0x1d
	0x9
	0xf7
	0xc9
	0x22
	0xc8
	0xa7
	0x3b
	0x49
	0xb9
	0x8c
	0xfa
	0xea
	0xcb
	0xae
	0xef
	0xea
	0xe5
	0x1f
	0x19
	0xd6
	0xc4
	0x5f
	0x66
	0xed
	0x99
	0xaf
	0x46
	0xba
	0xe
	0xc
	0xbf
	0xfa
	0xb4
	0x1f
	0x35
	0x53
	0xe8
	0x3b
	0xc0
	0xce
	0xbe
	0xed
	0xff
	0xcd
	0x63
	0x1b
	0x10
	0xc2
	0x98
	0x6a
	0x78
	0x74
	0x45
	0xd6
	0xf1
	0x1
	0x46
	0x6b
	0xd
	0xab

.data_segment_name
.data global 4 C DMb_stat
	0x0
	0x0
	0x0
	0x0
	0xa8
	0xfd
	0xd7
	0x4a
	0xf4
	0x3
	0x79
	0x85
	0x6c
	0xa4
	0x30
	0x11
	0x77
	0x64
	0x98
	0x85
	0x14
	0x4b
	0x10
	0x3f
	0x68
	0xa5
	0x87
	0x5a
	0x6e
	0xf1
	0xbe
	0xa3
	0xd8
	0x6c
	0x1d
	0xc
	0xf9
	0x52
	0xe6
	0x9b
	0x4b
	0xc7
	0x9d
	0xdc
	0x9d
	0x1a
	0xc8
	0x5a
	0x86
	0x6d
	0x40
	0x83
	0xe0
	0x4f
	0x5d
	0xcd
	0xdb
	0x21
	0xb7
	0xc6
	0xf8
	0xaf
	0xe0
	0x8f
	0x7e
	0x9e
	0xd1
	0xfd
	0xe0
	0xd1
	0x44
	0x49
	0x8b
	0x2e
	0x52
	0xf6
	0x82
	0xd6
	0x6d
	0x5f
	0xbd
	0xcf
	0x6c
	0xc5
	0xc6
	0x39
	0x33
	0x8b
	0x33
	0x79
	0x61
	0x43
	0xa5
	0x47
	0xa
	0x5f
	0xb4
	0x57
	0x8a
	0x62
	0x94
	0x93
	0xe5
	0x96
	0xea
	0x0
	0x3d
	0x36
	0xae
	0x81
	0xf7
	0x39
	0x9c
	0x45
	0xa2
	0x37
	0xa2
	0x1f
	0xfc
	0xa7
	0xa2
	0xa9
	0xae
	0x1d
	0xe6
	0x6b
	0xd4
	0xa1
	0xeb
	0xf3
	0x37
	0x9c

.data_segment_name
.data global 4 ONE DMb_stat
	0x0
	0x0
	0x0
	0x0
	0x0
	0x0
	0x0
	0x0
	0x0
	0x0
	0x0
	0x0
	0x0
	0x0
	0x0
	0x0
	0x0
	0x0
	0x0
	0x0
	0x0
	0x0
	0x0
	0x0
	0x0
	0x0
	0x0
	0x0
	0x0
	0x0
	0x0
	0x0
	0x0
	0x0
	0x0
	0x0
	0x0
	0x0
	0x0
	0x0
	0x0
	0x0
	0x0
	0x0
	0x0
	0x0
	0x0
	0x0
	0x0
	0x0
	0x0
	0x0
	0x0
	0x0
	0x0
	0x0
	0x0
	0x0
	0x0
	0x0
	0x0
	0x0
	0x0
	0x0
	0x0
	0x0
	0x0
	0x0
	0x0
	0x0
	0x0
	0x0
	0x0
	0x0
	0x0
	0x0
	0x0
	0x0
	0x0
	0x0
	0x0
	0x0
	0x0
	0x0
	0x0
	0x0
	0x0
	0x0
	0x0
	0x0
	0x0
	0x0
	0x0
	0x0
	0x0
	0x0
	0x0
	0x0
	0x0
	0x0
	0x0
	0x0
	0x0
	0x0
	0x0
	0x0
	0x0
	0x0
	0x0
	0x0
	0x0
	0x0
	0x0
	0x0
	0x0
	0x0
	0x0
	0x0
	0x0
	0x0
	0x0
	0x0
	0x0
	0x0
	0x0
	0x0
	0x0
	0x0
	0x0
	0x0
	0x0
	0x1

.data_segment_name
.data global 4 publicExponent DMb_stat
	0x0
	0x0
	0x0
	0x0
	0x0
	0x0
	0x0
	0x0
	0x0
	0x0
	0x0
	0x0
	0x0
	0x0
	0x0
	0x0
	0x0
	0x0
	0x0
	0x0
	0x0
	0x0
	0x0
	0x0
	0x0
	0x0
	0x0
	0x0
	0x0
	0x0
	0x0
	0x0
	0x0
	0x0
	0x0
	0x0
	0x0
	0x0
	0x0
	0x0
	0x0
	0x0
	0x0
	0x0
	0x0
	0x0
	0x0
	0x0
	0x0
	0x0
	0x0
	0x0
	0x0
	0x0
	0x0
	0x0
	0x0
	0x0
	0x0
	0x0
	0x0
	0x0
	0x0
	0x0
	0x0
	0x0
	0x0
	0x0
	0x0
	0x0
	0x0
	0x0
	0x0
	0x0
	0x0
	0x0
	0x0
	0x0
	0x0
	0x0
	0x0
	0x0
	0x0
	0x0
	0x0
	0x0
	0x0
	0x0
	0x0
	0x0
	0x0
	0x0
	0x0
	0x0
	0x0
	0x0
	0x0
	0x0
	0x0
	0x0
	0x0
	0x0
	0x0
	0x0
	0x0
	0x0
	0x0
	0x0
	0x0
	0x0
	0x0
	0x0
	0x0
	0x0
	0x0
	0x0
	0x0
	0x0
	0x0
	0x0
	0x0
	0x0
	0x0
	0x0
	0x0
	0x0
	0x0
	0x0
	0x0
	0x1
	0x0
	0x1

.data_segment_name
.data global 4 privateExponent DMb_stat
	0x0
	0x0
	0x0
	0x0
	0x99
	0x59
	0x49
	0xea
	0x5d
	0xbb
	0x60
	0x7f
	0xfc
	0x34
	0x8e
	0xcf
	0xac
	0x31
	0xf
	0x58
	0xa4
	0xbc
	0x48
	0xb7
	0x0
	0xdf
	0x61
	0x3c
	0x1
	0x5c
	0x98
	0x9f
	0x8a
	0xc4
	0x26
	0x1a
	0x72
	0xc2
	0x2b
	0x73
	0x1e
	0xb0
	0x2e
	0x91
	0x85
	0x21
	0x92
	0xcd
	0x50
	0xb8
	0xad
	0xe8
	0xbc
	0x83
	0xee
	0x4
	0xc6
	0xc8
	0xdb
	0x45
	0xc6
	0x7f
	0x2c
	0x5a
	0x8b
	0x25
	0xbd
	0x4e
	0x38
	0xdf
	0x89
	0x5
	0x43
	0xab
	0xc3
	0xaf
	0xfa
	0xf6
	0xe1
	0x4d
	0x23
	0xbc
	0x4
	0x63
	0x2b
	0x83
	0xcc
	0x99
	0xd3
	0x14
	0x5
	0x49
	0x7b
	0xef
	0x19
	0xb4
	0xda
	0x11
	0xd8
	0xc1
	0x3a
	0x4c
	0x65
	0xef
	0xf6
	0x18
	0xcf
	0x5d
	0xd2
	0xce
	0x8b
	0x29
	0x82
	0x6a
	0x96
	0xe7
	0x9c
	0xb8
	0x41
	0xad
	0xea
	0x9f
	0xe9
	0xbf
	0x40
	0xad
	0xa8
	0x4
	0xe6
	0x48
	0xa4
	0x19

.data_segment_name
.data global 4 INPUT DMb_stat
	0x0
	0x0
	0x0
	0x0
	0x0
	0x0
	0x0
	0x0
	0x0
	0x0
	0x0
	0x0
	0x0
	0x0
	0x0
	0x0
	0x0
	0x0
	0x0
	0x0
	0x0
	0x0
	0x0
	0x0
	0x0
	0x0
	0x0
	0x0
	0x0
	0x0
	0x0
	0x0
	0x0
	0x0
	0x0
	0x0
	0x0
	0x0
	0x0
	0x0
	0x0
	0x0
	0x0
	0x0
	0x0
	0x0
	0x0
	0x0
	0x0
	0x0
	0x0
	0x0
	0x0
	0x0
	0x0
	0x0
	0x0
	0x0
	0x0
	0x0
	0x0
	0x0
	0x0
	0x0
	0x0
	0x0
	0x0
	0x0
	0x0
	0x0
	0x0
	0x0
	0x0
	0x0
	0x0
	0x0
	0x0
	0x0
	0x0
	0x0
	0x0
	0x0
	0x0
	0x0
	0x0
	0x0
	0x0
	0x0
	0x0
	0x0
	0x0
	0x0
	0x0
	0x0
	0x0
	0x0
	0x0
	0x0
	0x0
	0x0
	0x0
	0x0
	0x0
	0x0
	0x0
	0x0
	0x0
	0x0
	0x0
	0x0
	0x0
	0x0
	0x0
	0x0
	0x0
	0x0
	0x0
	0x0
	0x0
	0x0
	0x0
	0x0
	0x0
	0x0
	0x0
	0x0
	0x0
	0x0
	0x0
	0x12
	0x34
	0x56

.data_segment_name
.bss global 4 WORK1 DMb_stat 132

.data_segment_name
.bss global 4 WORK2 DMb_stat 132

.data_segment_name
.bss global 4 cpt_add DMb_stat 4

.data_segment_name
.bss global 4 cpt_div DMb_stat 4

.data_segment_name
.bss global 4 cpt_test DMb_stat 4

.data_segment_name
.bss global 4 cpt_mod DMb_stat 4

.data_segment_name
.bss global 4 B DMb_stat 132

.data_segment_name
.bss global 4 Z DMb_stat 132

.undef global data stdin

.undef global data stdout

.text_segment_name
.text global 0 void_array_add___P__uint___P__uint___P__uint
.rela 4 ZLS_Fvoid_array_add___P__uint___P__uint___P__uint_11 0
	     0    0x4809000b  lhi r9, #11
.rela 5 ZLS_Fvoid_array_add___P__uint___P__uint___P__uint_11 0
	     1    0x552b000b  ori r11,r9,#11
.rela 4 ZLE_Fvoid_array_add___P__uint___P__uint___P__uint_15 0
	     2    0x480a000f  lhi r10, #15
.rela 5 ZLE_Fvoid_array_add___P__uint___P__uint___P__uint_15 0
	     3    0x554c000f  ori r12,r10,#15
	     4    0x08a80080  addi r8,r5,#128
	     5    0x08890080  addi r9,r4,#128
	     6    0x08ca0080  addi r10,r6,#128
	     7    0xbc000021  bor lc,r0,#33
	     8    0xbd610000  bor ls,r11,#0
	     9    0xbd820000  bor le,r12,#0
	    10    0x48050000  lhi r5, #0
.label ZLS_Fvoid_array_add___P__uint___P__uint___P__uint_11
	    11    0x0123e034  lw r3,(r9+=-4)
	    12    0x0104e034  lw r4,(r8+=-4)
	    13    0x00000026  rsa_add
	    14    0x0147e037  sw r7,(r10+=-4)
.label ZLE_Fvoid_array_add___P__uint___P__uint___P__uint_15
	    15    0x0006280a  or r5,r0,r6
.rela 4 cpt_add 0
	    16    0x48080000  lhi r8, #0
.rela 5 cpt_add 0
	    17    0x55080000  ori r8,r8,#0
	    18    0x51090000  lw r9,0(r8)
	    19    0x09290001  addi r9,r9,#1
.rts
	    20    0x30400000  jr r2
	    21    0xa9090000  sw r9,0(r8)
.label void_array_add___P__uint___P__uint___P__uint__end
	    22    0x00000000  nop

.undef global data cpt_add

.text_segment_name
.text global 0 void_array_div2___P__uint___P__uint
.rela 4 ZLS_Fvoid_array_div2___P__uint___P__uint_10 0
	     0    0x4808000a  lhi r8, #10
.rela 5 ZLS_Fvoid_array_div2___P__uint___P__uint_10 0
	     1    0x5508000a  ori r8,r8,#10
.rela 4 ZLE_Fvoid_array_div2___P__uint___P__uint_13 0
	     2    0x4806000d  lhi r6, #13
	     3    0xbd010000  bor ls,r8,#0
.rela 5 ZLE_Fvoid_array_div2___P__uint___P__uint_13 0
	     4    0x54c9000d  ori r9,r6,#13
	     5    0x54880000  ori r8,r4,#0
	     6    0xbc000021  bor lc,r0,#33
	     7    0xbd220000  bor le,r9,#0
	     8    0x48040000  lhi r4, #0
	     9    0x54a60000  ori r6,r5,#0
.label ZLS_Fvoid_array_div2___P__uint___P__uint_10
	    10    0x01032034  lw r3,(r8+=4)
	    11    0x00000025  rsa_div2
	    12    0x00c72037  sw r7,(r6+=4)
.label ZLE_Fvoid_array_div2___P__uint___P__uint_13
	    13    0x0005200a  or r4,r0,r5
.rela 4 cpt_div 0
	    14    0x48060000  lhi r6, #0
.rela 5 cpt_div 0
	    15    0x54c60000  ori r6,r6,#0
	    16    0x50c80000  lw r8,0(r6)
	    17    0x09080001  addi r8,r8,#1
.rts
	    18    0x30400000  jr r2
	    19    0xa8c80000  sw r8,0(r6)
.label void_array_div2___P__uint___P__uint__end
	    20    0x00000000  nop

.undef global data cpt_div

.text_segment_name
.text global 0 void_array_reset___P__uint
.rela 4 ZLS_Fvoid_array_reset___P__uint_8 0
	     0    0x48050008  lhi r5, #8
.rela 4 ZLS_Fvoid_array_reset___P__uint_8 0
	     1    0x48030008  lhi r3, #8
.rela 5 ZLS_Fvoid_array_reset___P__uint_8 0
	     2    0x54a50008  ori r5,r5,#8
.rela 5 ZLS_Fvoid_array_reset___P__uint_8 0
	     3    0x54630008  ori r3,r3,#8
	     4    0xbc000021  bor lc,r0,#33
	     5    0xbca10000  bor ls,r5,#0
	     6    0xbc620000  bor le,r3,#0
	     7    0x00000000  nop
.label ZLS_Fvoid_array_reset___P__uint_8
	     8    0x00802037  sw r0,(r4+=4)
.rts
	     9    0x30400000  jr r2
	    10    0x00000000  nop
.label void_array_reset___P__uint__end
	    11    0x00000000  nop

.text_segment_name
.text global 0 void_array_set___P__uint___uint
	     0    0x0821000c  addi r1,r1,#12
	     1    0xa825fffc  sw r5,-4(r1)
	     2    0xa824fff8  sw r4,-8(r1)
	     3    0xa822fff4  sw r2,-12(r1)
	     4    0x28000000  jal #void_array_reset___P__uint
	     5    0x00000000  nop
	     6    0x5025fff4  lw r5,-12(r1)
	     7    0x5024fff8  lw r4,-8(r1)
	     8    0x5023fffc  lw r3,-4(r1)
.rts
	     9    0x30a00000  jr r5
	    10    0xa8830080  sw r3,128(r4)
.label void_array_set___P__uint___uint__end
	    11    0x0821fff4  addi r1,r1,#-12

.undef global text void_array_reset___P__uint

.text_segment_name
.text global 0 __uint_array_bit_test___P__uint___uint
.rela 4 cpt_test 0
	     0    0x48030000  lhi r3, #0
	     1    0x9ca60003  srli r6,r5,#3
	     2    0x54070020  ori r7,r0,#32
.rela 5 cpt_test 0
	     3    0x54630000  ori r3,r3,#0
	     4    0x00e63018  sub r6,r7,r6
	     5    0x50670000  lw r7,0(r3)
	     6    0x08e70001  addi r7,r7,#1
	     7    0x88c60002  slli r6,r6,#2
	     8    0xa8670000  sw r7,0(r3)
	     9    0x00862001  add r4,r4,r6
	    10    0x10a50007  andi r5,r5,#7
	    11    0x50840000  lw r4,0(r4)
.rts
	    12    0x30400000  jr r2
	    13    0x00852817  srl r5,r4,r5
.label __uint_array_bit_test___P__uint___uint__end
	    14    0x10a30001  andi r3,r5,#1

.undef global data cpt_test

.text_segment_name
.text global 0 void_array_print___P__uint
	     0    0x08210018  addi r1,r1,#24
.rela 4 __sha256___str3e68c8bf 0
	     1    0x48030000  lhi r3, #0
	     2    0xa824fff8  sw r4,-8(r1)
	     3    0xa822fff4  sw r2,-12(r1)
	     4    0x28000000  jal #__sint_printf___P__cchar
.rela 5 __sha256___str3e68c8bf 0
	     5    0x54640000  ori r4,r3,#0
.rela 4 ZLE_Fvoid_array_print___P__uint_42 0
	     6    0x4803002a  lhi r3, #42
.rela 5 ZLE_Fvoid_array_print___P__uint_42 0
	     7    0x5467002a  ori r7,r3,#42
.rela 4 __sha256___str25127e77 0
	     8    0x48050000  lhi r5, #0
	     9    0x5023fff8  lw r3,-8(r1)
.rela 4 __sha256___str93adbc38 0
	    10    0x48040000  lhi r4, #0
.rela 5 __sha256___str25127e77 0
	    11    0x54a50000  ori r5,r5,#0
.rela 4 ZLS_Fvoid_array_print___P__uint_21 0
	    12    0x48060015  lhi r6, #21
	    13    0xa825fff8  sw r5,-8(r1)
.rela 5 __sha256___str93adbc38 0
	    14    0x54840000  ori r4,r4,#0
.rela 5 ZLS_Fvoid_array_print___P__uint_21 0
	    15    0x54c60015  ori r6,r6,#21
	    16    0xbc000021  bor lc,r0,#33
	    17    0xbcc10000  bor ls,r6,#0
	    18    0xbce20000  bor le,r7,#0
	    19    0xa824fff0  sw r4,-16(r1)
	    20    0x48050000  lhi r5, #0
.label ZLS_Fvoid_array_print___P__uint_21
	    21    0x00662034  lw r6,(r3+=4)
	    22    0xa826fffc  sw r6,-4(r1)
	    23    0xa823ffec  sw r3,-20(r1)
	    24    0xa825ffe8  sw r5,-24(r1)
	    25    0x28000000  jal #__sint_printf___P__cchar
	    26    0x5024fff0  lw r4,-16(r1)
	    27    0x5024ffe8  lw r4,-24(r1)
	    28    0x9883001f  srai r3,r4,#31
	    29    0x10630003  andi r3,r3,#3
	    30    0x00641801  add r3,r3,r4
	    31    0x98630002  srai r3,r3,#2
	    32    0x88630002  slli r3,r3,#2
	    33    0x00831818  sub r3,r4,r3
	    34    0x94650003  snei r5,r3,#3
	    35    0x20a00005  bnez r5,#5
	    36    0x5023ffec  lw r3,-20(r1)
	    37    0x00000000  nop
	    38    0x28000000  jal #__sint_printf___P__cchar
	    39    0x5024fff8  lw r4,-8(r1)
	    40    0x5024ffe8  lw r4,-24(r1)
	    41    0x5023ffec  lw r3,-20(r1)
.label ZLE_Fvoid_array_print___P__uint_42
	    42    0x08850001  addi r5,r4,#1
.rela 4 __sha256___str008811f7 0
	    43    0x48040000  lhi r4, #0
	    44    0x5022fff4  lw r2,-12(r1)
.rela 5 __sha256___str008811f7 0
	    45    0x54840000  ori r4,r4,#0
	    46    0x24000000  j #__sint_printf___P__cchar
.label void_array_print___P__uint__end
	    47    0x0821ffe8  addi r1,r1,#-24

.undef global text __sint_printf___P__cchar

.text_segment_name
.text global 0 void_array_copy___P__uint___P__uint
	     0    0x0085180b  seq r3,r4,r5
	     1    0x2060000b  bnez r3,#11
	     2    0x00000000  nop
	     3    0x00000000  nop
.rela 4 ZLS_Fvoid_array_copy___P__uint___P__uint_11 0
	     4    0x4806000b  lhi r6, #11
.rela 4 ZLE_Fvoid_array_copy___P__uint___P__uint_13 0
	     5    0x4803000d  lhi r3, #13
.rela 5 ZLS_Fvoid_array_copy___P__uint___P__uint_11 0
	     6    0x54c6000b  ori r6,r6,#11
.rela 5 ZLE_Fvoid_array_copy___P__uint___P__uint_13 0
	     7    0x5463000d  ori r3,r3,#13
	     8    0xbc000021  bor lc,r0,#33
	     9    0xbcc10000  bor ls,r6,#0
	    10    0xbc620000  bor le,r3,#0
.label ZLS_Fvoid_array_copy___P__uint___P__uint_11
	    11    0x00832034  lw r3,(r4+=4)
	    12    0x00a32037  sw r3,(r5+=4)
.label ZLE_Fvoid_array_copy___P__uint___P__uint_13
	    13    0x00000000  nop
.rts
	    14    0x30400000  jr r2
	    15    0x00000000  nop
.label void_array_copy___P__uint___P__uint__end
	    16    0x00000000  nop

.text_segment_name
.text global 0 void_ModularMultiplication___P__uint___P__uint___P__uint___uint___P__uint
	     0    0x0821001c  addi r1,r1,#28
	     1    0x54a90000  ori r9,r5,#0
.rela 4 WORK1 0
	     2    0x48030000  lhi r3, #0
.rela 5 WORK1 0
	     3    0x54650000  ori r5,r3,#0
	     4    0xa828fffc  sw r8,-4(r1)
	     5    0xa827fff8  sw r7,-8(r1)
	     6    0xa826fff4  sw r6,-12(r1)
	     7    0xa829fff0  sw r9,-16(r1)
	     8    0xa822ffec  sw r2,-20(r1)
	     9    0xa825ffe8  sw r5,-24(r1)
	    10    0x28000000  jal #void_array_copy___P__uint___P__uint
	    11    0x00000000  nop
.rela 4 WORK2 0
	    12    0x48050000  lhi r5, #0
	    13    0x5024fff0  lw r4,-16(r1)
.rela 5 WORK2 0
	    14    0x54a50000  ori r5,r5,#0
	    15    0xa825fff0  sw r5,-16(r1)
	    16    0x28000000  jal #void_array_copy___P__uint___P__uint
	    17    0x00000000  nop
	    18    0x28000000  jal #void_array_reset___P__uint
	    19    0x5024fffc  lw r4,-4(r1)
	    20    0x24000019  j #25
	    21    0x48050000  lhi r5, #0
	    22    0x28000000  jal #__uint_array_bit_test___P__uint___uint
	    23    0x5024ffe8  lw r4,-24(r1)
	    24    0x14600006  beqz r3,#6
	    25    0x48050000  lhi r5, #0
	    26    0x00000000  nop
	    27    0x5026fffc  lw r6,-4(r1)
	    28    0x5024fffc  lw r4,-4(r1)
	    29    0x28000000  jal #void_array_add___P__uint___P__uint___P__uint
	    30    0x5025fff0  lw r5,-16(r1)
	    31    0x48050000  lhi r5, #0
	    32    0x28000000  jal #__uint_array_bit_test___P__uint___uint
	    33    0x5024fffc  lw r4,-4(r1)
	    34    0x14600005  beqz r3,#5
	    35    0x00000000  nop
	    36    0x00000000  nop
	    37    0x5026fffc  lw r6,-4(r1)
	    38    0x5024fffc  lw r4,-4(r1)
	    39    0x28000000  jal #void_array_add___P__uint___P__uint___P__uint
	    40    0x5025fff4  lw r5,-12(r1)
	    41    0x5024fffc  lw r4,-4(r1)
	    42    0x28000000  jal #void_array_div2___P__uint___P__uint
	    43    0x5025fffc  lw r5,-4(r1)
	    44    0x5025ffe4  lw r5,-28(r1)
	    45    0x08a50001  addi r5,r5,#1
.label __ll1_void_ModularMultiplication___P__uint___P__uint___P__uint___uint___P__uint
	    46    0x5024fff8  lw r4,-8(r1)
	    47    0x00a42014  sltu r4,r5,r4
	    48    0x2080ffe4  bnez r4,#-28
	    49    0xa825ffe4  sw r5,-28(r1)
	    50    0x00000000  nop
.rela 4 cpt_mod 0
	    51    0x48050000  lhi r5, #0
.rela 5 cpt_mod 0
	    52    0x54a40000  ori r4,r5,#0
	    53    0x5025ffec  lw r5,-20(r1)
	    54    0x50830000  lw r3,0(r4)
	    55    0x08630001  addi r3,r3,#1
.rts
	    56    0x30a00000  jr r5
	    57    0xa8830000  sw r3,0(r4)
.label void_ModularMultiplication___P__uint___P__uint___P__uint___uint___P__uint__end
	    58    0x0821ffe4  addi r1,r1,#-28

.undef global text void_array_copy___P__uint___P__uint

.undef global text void_array_reset___P__uint

.undef global text __uint_array_bit_test___P__uint___uint

.undef global text void_array_add___P__uint___P__uint___P__uint

.undef global text void_array_div2___P__uint___P__uint

.undef global data WORK1

.undef global data WORK2

.undef global data cpt_mod

.text_segment_name
.text global 0 void_ModularExponentiation___P__uint___P__uint___P__uint___uint___P__uint___P__uint
	     0    0x08210040  addi r1,r1,#64
.rela 4 cpt_add 0
	     1    0x480c0000  lhi r12, #0
.rela 4 cpt_div 0
	     2    0x480b0000  lhi r11, #0
.rela 4 cpt_mod 0
	     3    0x480a0000  lhi r10, #0
.rela 4 cpt_test 0
	     4    0x48030000  lhi r3, #0
.rela 5 cpt_add 0
	     5    0x558c0000  ori r12,r12,#0
.rela 5 cpt_div 0
	     6    0x556b0000  ori r11,r11,#0
.rela 5 cpt_mod 0
	     7    0x554a0000  ori r10,r10,#0
.rela 5 cpt_test 0
	     8    0x54630000  ori r3,r3,#0
	     9    0xa825ffcc  sw r5,-52(r1)
	    10    0xa8600000  sw r0,0(r3)
	    11    0xa9400000  sw r0,0(r10)
	    12    0xa9600000  sw r0,0(r11)
	    13    0xa9800000  sw r0,0(r12)
	    14    0xa829ffdc  sw r9,-36(r1)
	    15    0xa828ffd8  sw r8,-40(r1)
	    16    0xa827ffd4  sw r7,-44(r1)
	    17    0xa826ffd0  sw r6,-48(r1)
	    18    0xa824ffc8  sw r4,-56(r1)
	    19    0xa822ffc4  sw r2,-60(r1)
	    20    0xa823ffec  sw r3,-20(r1)
	    21    0xa82affe8  sw r10,-24(r1)
	    22    0xa82bffe4  sw r11,-28(r1)
	    23    0xa82cffe0  sw r12,-32(r1)
	    24    0x55050000  ori r5,r8,#0
	    25    0x28000000  jal #void_ModularMultiplication___P__uint___P__uint___P__uint___uint___P__uint
	    26    0x54880000  ori r8,r4,#0
.rela 4 ONE 0
	    27    0x48050000  lhi r5, #0
	    28    0x5024ffd8  lw r4,-40(r1)
.rela 5 ONE 0
	    29    0x54a50000  ori r5,r5,#0
	    30    0x5027ffd4  lw r7,-44(r1)
	    31    0x5026ffd0  lw r6,-48(r1)
	    32    0xa825ffd8  sw r5,-40(r1)
	    33    0x28000000  jal #void_ModularMultiplication___P__uint___P__uint___P__uint___uint___P__uint
	    34    0x5028ffdc  lw r8,-36(r1)
	    35    0x24000013  j #19
	    36    0x48050000  lhi r5, #0
	    37    0x28000000  jal #__uint_array_bit_test___P__uint___uint
	    38    0x5024ffcc  lw r4,-52(r1)
	    39    0x14600007  beqz r3,#7
	    40    0x5025ffc8  lw r5,-56(r1)
	    41    0x00000000  nop
	    42    0x5026ffd0  lw r6,-48(r1)
	    43    0x5028ffdc  lw r8,-36(r1)
	    44    0x5024ffdc  lw r4,-36(r1)
	    45    0x28000000  jal #void_ModularMultiplication___P__uint___P__uint___P__uint___uint___P__uint
	    46    0x5027ffd4  lw r7,-44(r1)
	    47    0x5025ffc8  lw r5,-56(r1)
	    48    0x5026ffd0  lw r6,-48(r1)
	    49    0x5028ffc8  lw r8,-56(r1)
	    50    0x5024ffc8  lw r4,-56(r1)
	    51    0x28000000  jal #void_ModularMultiplication___P__uint___P__uint___P__uint___uint___P__uint
	    52    0x5027ffd4  lw r7,-44(r1)
	    53    0x5025ffc0  lw r5,-64(r1)
	    54    0x08a50001  addi r5,r5,#1
.label __ll1_void_ModularExponentiation___P__uint___P__uint___P__uint___uint___P__uint___P__uint
	    55    0x5027ffd4  lw r7,-44(r1)
	    56    0x00a73814  sltu r7,r5,r7
	    57    0x20e0ffea  bnez r7,#-22
	    58    0xa825ffc0  sw r5,-64(r1)
	    59    0x00000000  nop
	    60    0x5027ffd4  lw r7,-44(r1)
	    61    0x5026ffd0  lw r6,-48(r1)
	    62    0x5028ffdc  lw r8,-36(r1)
	    63    0x5025ffd8  lw r5,-40(r1)
	    64    0x28000000  jal #void_ModularMultiplication___P__uint___P__uint___P__uint___uint___P__uint
	    65    0x55040000  ori r4,r8,#0
	    66    0x5024ffe8  lw r4,-24(r1)
	    67    0x5026ffec  lw r6,-20(r1)
	    68    0x5025ffe4  lw r5,-28(r1)
	    69    0x5027ffe0  lw r7,-32(r1)
	    70    0x50880000  lw r8,0(r4)
	    71    0x50e70000  lw r7,0(r7)
	    72    0x50a50000  lw r5,0(r5)
	    73    0x50c60000  lw r6,0(r6)
	    74    0xa828fff0  sw r8,-16(r1)
	    75    0xa826fff4  sw r6,-12(r1)
	    76    0xa825fff8  sw r5,-8(r1)
	    77    0xa827fffc  sw r7,-4(r1)
.rela 4 __sha256___straad2c221 0
	    78    0x48040000  lhi r4, #0
	    79    0x28000000  jal #__sint_printf___P__cchar
.rela 5 __sha256___straad2c221 0
	    80    0x54840000  ori r4,r4,#0
	    81    0x5025ffc4  lw r5,-60(r1)
.rts
	    82    0x30a00000  jr r5
	    83    0x0821ffc0  addi r1,r1,#-64
.label void_ModularExponentiation___P__uint___P__uint___P__uint___uint___P__uint___P__uint__end
	    84    0x00000000  nop

.undef global text void_ModularMultiplication___P__uint___P__uint___P__uint___uint___P__uint

.undef global text __uint_array_bit_test___P__uint___uint

.undef global text __sint_printf___P__cchar

.undef global data cpt_add

.undef global data cpt_div

.undef global data cpt_mod

.undef global data cpt_test

.undef global data ONE

.text_segment_name
.text global 0 _main
.rela 4 n 0
	     0    0x48040000  lhi r4, #0
	     1    0x08210008  addi r1,r1,#8
.rela 5 n 0
	     2    0x54870000  ori r7,r4,#0
.rela 4 Z 0
	     3    0x48090000  lhi r9, #0
.rela 4 publicExponent 0
	     4    0x48050000  lhi r5, #0
.rela 4 modulus 0
	     5    0x48030000  lhi r3, #0
.rela 4 C 0
	     6    0x48080000  lhi r8, #0
.rela 5 Z 0
	     7    0x55290000  ori r9,r9,#0
	     8    0x50e70000  lw r7,0(r7)
	     9    0xa822fffc  sw r2,-4(r1)
	    10    0xa829fff8  sw r9,-8(r1)
.rela 4 INPUT 0
	    11    0x48040000  lhi r4, #0
.rela 5 publicExponent 0
	    12    0x54a50000  ori r5,r5,#0
.rela 5 modulus 0
	    13    0x54660000  ori r6,r3,#0
.rela 5 C 0
	    14    0x55080000  ori r8,r8,#0
	    15    0x28000000  jal #void_ModularExponentiation___P__uint___P__uint___P__uint___uint___P__uint___P__uint
.rela 5 INPUT 0
	    16    0x54840000  ori r4,r4,#0
.rela 4 __sha256___strbd65765a 0
	    17    0x48040000  lhi r4, #0
	    18    0x28000000  jal #__sint_printf___P__cchar
.rela 5 __sha256___strbd65765a 0
	    19    0x54840000  ori r4,r4,#0
	    20    0x28000000  jal #void_array_print___P__uint
	    21    0x5024fff8  lw r4,-8(r1)
	    22    0x5024fffc  lw r4,-4(r1)
.rts
	    23    0x30800000  jr r4
	    24    0x48030000  lhi r3, #0
.label _main__end
	    25    0x0821fff8  addi r1,r1,#-8

.undef global text void_ModularExponentiation___P__uint___P__uint___P__uint___uint___P__uint___P__uint

.undef global text __sint_printf___P__cchar

.undef global text void_array_print___P__uint

.undef global data INPUT

.undef global data publicExponent

.undef global data modulus

.undef global data n

.undef global data C

.undef global data Z

