
; File generated by darts version N-2018.03#7d02e3ca79#180723, Fri Jan 11 21:30:27 2019
; Copyright 2014-2018 Synopsys, Inc. All rights reserved.
; darts -B -I/users/benacer/Desktop/sha256_orig/sha256/lib +p -d -h -I/users/benacer/Desktop/sha256_orig/sha256/lib/runtime/include -I../../io_modules -I/CMC/tools/synopsys/asip_designer_vN-2018.03-SP3/linux64/chessdir/../examples/io_modules -D__tct_patch__=300 -L +Ihex Release/sort.o tlx

; Release: ipd N-2018.03-SP3
.data_segment_name
.rodata local 1 __sort___str79664dfd DMb_stat
	0x75
	0x6e
	0x73
	0x6f
	0x72
	0x74
	0x65
	0x64
	0x3a
	0x0

.data_segment_name
.rodata local 1 __sort___str2762cd22 DMb_stat
	0x20
	0x25
	0x64
	0x0

.data_segment_name
.rodata local 1 __sort___str008811f7 DMb_stat
	0xa
	0x0

.data_segment_name
.rodata local 1 __sort___str2430d344 DMb_stat
	0x73
	0x6f
	0x72
	0x74
	0x65
	0x64
	0x3a
	0x0

.undef local data __sort___str79664dfd

.undef local data __sort___str2762cd22

.undef local data __sort___str008811f7

.undef local data __sort___str2430d344

.data_segment_name
.data global 4 some_array DMb_stat
	0xff
	0xff
	0xff
	0xf1
	0xff
	0xff
	0xff
	0xec
	0x0
	0x0
	0x0
	0x1e
	0x0
	0x0
	0x0
	0x28
	0x0
	0x0
	0x0
	0x3c
	0xff
	0xff
	0xfe
	0xd4
	0x0
	0x0
	0x0
	0x23
	0x0
	0x0
	0x0
	0x2d
	0x0
	0x0
	0x1
	0x1d
	0x0
	0x0
	0x0
	0x50

.undef global data stdin

.undef global data stdout

.text_segment_name
.text global 0 __sint_find_min_location___P__sint___sint___sint
	     0    0x00c53018  sub r6,r6,r5
	     1    0x88a30002  slli r3,r5,#2
.rela 4 ZLS_F__sint_find_min_location___P__sint___sint___sint_12 0
	     2    0x4808000c  lhi r8, #12
.rela 4 ZLE_F__sint_find_min_location___P__sint___sint___sint_19 0
	     3    0x48070013  lhi r7, #19
	     4    0xbcc00000  bor lc,r6,#0
	     5    0x00642001  add r4,r3,r4
.rela 5 ZLS_F__sint_find_min_location___P__sint___sint___sint_12 0
	     6    0x5508000c  ori r8,r8,#12
.rela 5 ZLE_F__sint_find_min_location___P__sint___sint___sint_19 0
	     7    0x54e70013  ori r7,r7,#19
	     8    0xbd010000  bor ls,r8,#0
	     9    0xbce20000  bor le,r7,#0
	    10    0x54067fff  ori r6,r0,#32767
	    11    0x0803ffff  addi r3,r0,#-1
.label ZLS_F__sint_find_min_location___P__sint___sint___sint_12
	    12    0x00872034  lw r7,(r4+=4)
	    13    0x00e6400c  sge r8,r7,r6
	    14    0x21000003  bnez r8,#3
	    15    0x00000000  nop
	    16    0x00000000  nop
	    17    0x54e60000  ori r6,r7,#0
	    18    0x54a30000  ori r3,r5,#0
.label ZLE_F__sint_find_min_location___P__sint___sint___sint_19
	    19    0x08a50001  addi r5,r5,#1
.rts
	    20    0x30400000  jr r2
	    21    0x00000000  nop
.label __sint_find_min_location___P__sint___sint___sint__end
	    22    0x00000000  nop

.text_segment_name
.text global 0 void_sort___P__sint___sint
	     0    0x08210018  addi r1,r1,#24
	     1    0x08a3ffff  addi r3,r5,#-1
	     2    0xa823fff8  sw r3,-8(r1)
	     3    0xa824fff4  sw r4,-12(r1)
	     4    0xa825fffc  sw r5,-4(r1)
	     5    0xa822fff0  sw r2,-16(r1)
	     6    0x54860000  ori r6,r4,#0
	     7    0x24000010  j #16
	     8    0x48050000  lhi r5, #0
	     9    0x5026fffc  lw r6,-4(r1)
	    10    0xa825ffe8  sw r5,-24(r1)
	    11    0x28000000  jal #__sint_find_min_location___P__sint___sint___sint
	    12    0x00000000  nop
	    13    0x5024fff4  lw r4,-12(r1)
	    14    0x88650002  slli r5,r3,#2
	    15    0x00852801  add r5,r4,r5
	    16    0x5026ffec  lw r6,-20(r1)
	    17    0x50a80000  lw r8,0(r5)
	    18    0x50c30000  lw r3,0(r6)
	    19    0x5027ffe8  lw r7,-24(r1)
	    20    0x00c82037  sw r8,(r6+=4)
	    21    0xa8a30000  sw r3,0(r5)
	    22    0x08e50001  addi r5,r7,#1
	    23    0x5023fff8  lw r3,-8(r1)
.label __ll1_void_sort___P__sint___sint
	    24    0x00a31813  slt r3,r5,r3
	    25    0x2060ffee  bnez r3,#-18
	    26    0xa826ffec  sw r6,-20(r1)
	    27    0x00000000  nop
	    28    0x5024fff0  lw r4,-16(r1)
.rts
	    29    0x30800000  jr r4
	    30    0x0821ffe8  addi r1,r1,#-24
.label void_sort___P__sint___sint__end
	    31    0x00000000  nop

.undef global text __sint_find_min_location___P__sint___sint___sint

.text_segment_name
.text global 0 _main
	     0    0x0821000c  addi r1,r1,#12
	     1    0x54040000  ori r4,r0,#__sort___str79664dfd
	     2    0xa822fff8  sw r2,-8(r1)
	     3    0x28000000  jal #__sint_printf___P__cchar
	     4    0x00000000  nop
	     5    0x54040000  ori r4,r0,#some_array
.rela 4 ZLS_F_main_15 0
	     6    0x4805000f  lhi r5, #15
.rela 4 ZLE_F_main_21 0
	     7    0x48030015  lhi r3, #21
	     8    0xa824fff4  sw r4,-12(r1)
.rela 5 ZLS_F_main_15 0
	     9    0x54a5000f  ori r5,r5,#15
.rela 5 ZLE_F_main_21 0
	    10    0x54630015  ori r3,r3,#21
	    11    0xbc00000a  bor lc,r0,#10
	    12    0xbca10000  bor ls,r5,#0
	    13    0xbc620000  bor le,r3,#0
	    14    0x54040000  ori r4,r0,#__sort___str2762cd22
.label ZLS_F_main_15
	    15    0x5023fff4  lw r3,-12(r1)
	    16    0x00652034  lw r5,(r3+=4)
	    17    0xa825fffc  sw r5,-4(r1)
	    18    0xa823fff4  sw r3,-12(r1)
	    19    0x28000000  jal #__sint_printf___P__cchar
	    20    0x00000000  nop
.label ZLE_F_main_21
	    21    0x54040000  ori r4,r0,#__sort___str2762cd22
	    22    0x54040000  ori r4,r0,#__sort___str008811f7
	    23    0x28000000  jal #__sint_printf___P__cchar
	    24    0x00000000  nop
	    25    0x54040000  ori r4,r0,#some_array
	    26    0x5405000a  ori r5,r0,#10
	    27    0x28000000  jal #void_sort___P__sint___sint
	    28    0x00000000  nop
	    29    0x54040000  ori r4,r0,#__sort___str2430d344
	    30    0x28000000  jal #__sint_printf___P__cchar
	    31    0x00000000  nop
	    32    0x54040000  ori r4,r0,#some_array
.rela 4 ZLS_F_main_42 0
	    33    0x4805002a  lhi r5, #42
.rela 4 ZLE_F_main_48 0
	    34    0x48030030  lhi r3, #48
	    35    0xa824fff4  sw r4,-12(r1)
.rela 5 ZLS_F_main_42 0
	    36    0x54a5002a  ori r5,r5,#42
.rela 5 ZLE_F_main_48 0
	    37    0x54630030  ori r3,r3,#48
	    38    0xbc00000a  bor lc,r0,#10
	    39    0xbca10000  bor ls,r5,#0
	    40    0xbc620000  bor le,r3,#0
	    41    0x54040000  ori r4,r0,#__sort___str2762cd22
.label ZLS_F_main_42
	    42    0x5023fff4  lw r3,-12(r1)
	    43    0x00652034  lw r5,(r3+=4)
	    44    0xa825fffc  sw r5,-4(r1)
	    45    0xa823fff4  sw r3,-12(r1)
	    46    0x28000000  jal #__sint_printf___P__cchar
	    47    0x00000000  nop
.label ZLE_F_main_48
	    48    0x54040000  ori r4,r0,#__sort___str2762cd22
	    49    0x54040000  ori r4,r0,#__sort___str008811f7
	    50    0x28000000  jal #__sint_printf___P__cchar
	    51    0x00000000  nop
	    52    0x5024fff8  lw r4,-8(r1)
.rts
	    53    0x30800000  jr r4
	    54    0x0821fff4  addi r1,r1,#-12
.label _main__end
	    55    0x00000000  nop

.undef global text __sint_printf___P__cchar

.undef global text void_sort___P__sint___sint

.undef global data some_array

