
// File generated by amnesia version N-2018.03#7d02e3ca79#180723, Fri Jan 25 16:14:37 2019
// Copyright 2014-2018 Synopsys, Inc. All rights reserved.
// amnesia -P tinycore2

toolrelease _18R1;

==================================================
	 CONNECTIVITY 'tinycore2'
==================================================

==========================
Type representation info :
==========================
representation                'int' : 'word'
representation           'unsigned' : 'word'
representation              'void*' : 'word'

======================
Type promotions info :
======================

===============
Storages info :
===============
              'word' storages : R
              'bool' storages : SREG (status)

============================
Restricted register access :
============================

- no move from/to           : SREG (status)

============================
Detailed connectivity info :
============================

------------------------------------------------------------------------------------------------------
1) type 'word' [+ represented/promotable types: 'int', 'unsigned', 'void*']  : 
------------------------------------------------------------------------------------------------------

  R <-> R

------------------------------------------------------------------------------------------------------
2) type 'bool' : /
------------------------------------------------------------------------------------------------------


