
; File generated by darts version N-2018.03#7d02e3ca79#180723, Thu Feb 28 14:34:51 2019
; Copyright 2014-2018 Synopsys, Inc. All rights reserved.
; darts -B -I../lib +p -d -h -I../lib/runtime/include -I../../io_modules -I/CMC/tools/synopsys/asip_designer_vN-2018.03-SP3/linux64/chessdir/../examples/io_modules -D__tct_patch__=300 -L +Ihex +u Release/sha256 tlx

; Release: ipd N-2018.03-SP3

.text_segment PM      0	   
.entry_point
.label _main_init
           0    0x48010000  lhi r1, #0
           1    0x54218000  ori r1,r1,#32768
           2    0x00000000  nop
.label _main
           3    0x0821006c  addi r1,r1,#108
           4    0x48040000  lhi r4, #0
           5    0x54840104  ori r4,r4,#260
           6    0xa822fffc  sw r2,-4(r1)
           7    0xa824fff8  sw r4,-8(r1)
           8    0x280001ce  jal #462
           9    0x00000000  nop
          10    0x0826ffd8  addi r6,r1,#-40
          11    0x54650000  ori r5,r3,#0
          12    0x28000086  jal #134
          13    0x5024fff8  lw r4,-8(r1)
          14    0x48040000  lhi r4, #0
          15    0x28000193  jal #403
          16    0x54840dab  ori r4,r4,#3499
          17    0x28000143  jal #323
          18    0x0824ffd8  addi r4,r1,#-40
          19    0x0824ffd8  addi r4,r1,#-40
          20    0x28000159  jal #345
          21    0x0825ff96  addi r5,r1,#-106
          22    0x48040000  lhi r4, #0
          23    0x2800018b  jal #395
          24    0x54840da9  ori r4,r4,#3497
          25    0x0824ff96  addi r4,r1,#-106
          26    0x48030000  lhi r3, #0
          27    0x2800019e  jal #414
          28    0x54650d63  ori r5,r3,#3427
          29    0x14600006  beqz r3,#6
          30    0x00000000  nop
          31    0x00000000  nop
          32    0x48040000  lhi r4, #0
          33    0x28000181  jal #385
          34    0x54840de0  ori r4,r4,#3552
          35    0x24000004  j #4
          36    0x00000000  nop
          37    0x48040000  lhi r4, #0
          38    0x2800017c  jal #380
          39    0x54840dc6  ori r4,r4,#3526
          40    0x5024fffc  lw r4,-4(r1)
.rts
          41    0x30800000  jr r4
          42    0x48030000  lhi r3, #0
          43    0x0821ff94  addi r1,r1,#-108
.label void_sha256_transform___P__uchar_R__uint_R__uint_R__uint_R__uint_R__uint_R__uint_R__uint_R__uint
          44    0x480d0000  lhi r13, #0
          45    0x480e0000  lhi r14, #0
          46    0x08210120  addi r1,r1,#288
          47    0x55ad0048  ori r13,r13,#72
          48    0x55ce0040  ori r14,r14,#64
          49    0xbda20000  bor le,r13,#0
          50    0xbdc10000  bor ls,r14,#0
          51    0xa827ffe8  sw r7,-24(r1)
          52    0x082dfee0  addi r13,r1,#-288
          53    0x548e0000  ori r14,r4,#0
          54    0xbc000010  bor lc,r0,#16
          55    0xa82cfffc  sw r12,-4(r1)
          56    0xa82bfff8  sw r11,-8(r1)
          57    0xa82afff4  sw r10,-12(r1)
          58    0xa829fff0  sw r9,-16(r1)
          59    0xa828ffec  sw r8,-20(r1)
          60    0xa826ffe4  sw r6,-28(r1)
          61    0xa825ffe0  sw r5,-32(r1)
          62    0x48070000  lhi r7, #0
          63    0x55af0000  ori r15,r13,#0
          64    0x01c30831  lbu r3,(r14+=1)
          65    0x01c40831  lbu r4,(r14+=1)
          66    0x01c50831  lbu r5,(r14+=1)
          67    0x54e80000  ori r8,r7,#0
          68    0x01c60831  lbu r6,(r14+=1)
          69    0x00000027  RE sha256_in2,r3,r4,r5,r6
          70    0x01e72037  sw r7,(r15+=4)
          71    0x55040000  ori r4,r8,#0
          72    0x08870001  addi r7,r4,#1
          73    0x88e50002  slli r5,r7,#2
          74    0x88e80002  slli r8,r7,#2
          75    0x082ffea4  addi r15,r1,#-348
          76    0x0829fea0  addi r9,r1,#-352
          77    0x70e60040  sgeui r6,r7,#64
          78    0x010d4001  add r8,r8,r13
          79    0x00af7801  add r15,r5,r15
          80    0x00a94801  add r9,r5,r9
          81    0x0824fed8  addi r4,r1,#-296
          82    0x082efec4  addi r14,r1,#-316
          83    0x20c00016  bnez r6,#22
          84    0x00ae7001  add r14,r5,r14
          85    0x00851801  add r3,r4,r5
          86    0x54060040  ori r6,r0,#64
          87    0x00c73018  sub r6,r6,r7
          88    0x48050000  lhi r5, #0
          89    0x48040000  lhi r4, #0
          90    0x54a5005f  ori r5,r5,#95
          91    0x54870067  ori r7,r4,#103
          92    0xbcc00000  bor lc,r6,#0
          93    0xbca10000  bor ls,r5,#0
          94    0xbce20000  bor le,r7,#0
          95    0x54670000  ori r7,r3,#0
          96    0x01c42034  lw r4,(r14+=4)
          97    0x00e32034  lw r3,(r7+=4)
          98    0x54ea0000  ori r10,r7,#0
          99    0x01e52034  lw r5,(r15+=4)
         100    0x01262034  lw r6,(r9+=4)
         101    0x00000026  RE sha256_in1,r3,r4,r5,r6
         102    0x01072037  sw r7,(r8+=4)
         103    0x55430000  ori r3,r10,#0
         104    0x5028fff4  lw r8,-12(r1)
         105    0x24000003  j #3
         106    0x5029fff8  lw r9,-8(r1)
         107    0x5029fff8  lw r9,-8(r1)
         108    0x5028fff4  lw r8,-12(r1)
         109    0x480a0000  lhi r10, #0
         110    0x554a007c  ori r10,r10,#124
         111    0x480f0000  lhi r15, #0
         112    0x480e0000  lhi r14, #0
         113    0xbd410000  bor ls,r10,#0
         114    0x55ef007e  ori r15,r15,#126
         115    0x55ce0004  ori r14,r14,#4
         116    0xbc000040  bor lc,r0,#64
         117    0xbde20000  bor le,r15,#0
         118    0x5027fff0  lw r7,-16(r1)
         119    0x5026ffec  lw r6,-20(r1)
         120    0x5025ffe8  lw r5,-24(r1)
         121    0x5024ffe4  lw r4,-28(r1)
         122    0x5023ffe0  lw r3,-32(r1)
         123    0x502afffc  lw r10,-4(r1)
         124    0x01cb2034  lw r11,(r14+=4)
         125    0x01ac2034  lw r12,(r13+=4)
         126    0x00000025  sha256ci,r3,r4,r5,r6,r7,r8,r9,r10,r11,r12
         127    0x502dfffc  lw r13,-4(r1)
         128    0x014d6001  add r12,r10,r13
         129    0x502efff8  lw r14,-8(r1)
         130    0x012e5801  add r11,r9,r14
         131    0x502dfff0  lw r13,-16(r1)
         132    0x00ed4801  add r9,r7,r13
         133    0x502efff4  lw r14,-12(r1)
         134    0x010e5001  add r10,r8,r14
         135    0x5027ffe0  lw r7,-32(r1)
         136    0x502fffe8  lw r15,-24(r1)
         137    0x54e80000  ori r8,r7,#0
         138    0x00af3801  add r7,r5,r15
         139    0x502dffec  lw r13,-20(r1)
         140    0x502effe4  lw r14,-28(r1)
         141    0x55050000  ori r5,r8,#0
         142    0x0821fee0  addi r1,r1,#-288
         143    0x00652801  add r5,r3,r5
.rts
         144    0x30400000  jr r2
         145    0x00cd4001  add r8,r6,r13
         146    0x008e3001  add r6,r4,r14
.label void_sha256___P__uchar___uint___P__uchar
         147    0x0821006c  addi r1,r1,#108
         148    0x480abb67  lhi r10, #-17561
         149    0xa826fff4  sw r6,-12(r1)
         150    0xa825fff8  sw r5,-8(r1)
         151    0xa825fffc  sw r5,-4(r1)
         152    0x48036a09  lhi r3, #27145
         153    0x5546ae85  ori r6,r10,#44677
         154    0x48073c6e  lhi r7, #15470
         155    0x4808a54f  lhi r8, #-23217
         156    0x4809510e  lhi r9, #20750
         157    0x480c9b05  lhi r12, #-25851
         158    0x480b1f83  lhi r11, #8067
         159    0x54ae0000  ori r14,r5,#0
         160    0xa822fff0  sw r2,-16(r1)
         161    0x5465e667  ori r5,r3,#58983
         162    0x54e7f372  ori r7,r7,#62322
         163    0x5508f53a  ori r8,r8,#62778
         164    0x5529527f  ori r9,r9,#21119
         165    0x558a688c  ori r10,r12,#26764
         166    0x556bd9ab  ori r11,r11,#55723
         167    0x480d5be0  lhi r13, #23520
         168    0x24000009  j #9
         169    0x55accd19  ori r12,r13,#52505
         170    0xa824ffec  sw r4,-20(r1)
         171    0x2bffff80  jal #-128
         172    0x00000000  nop
         173    0x5024fff8  lw r4,-8(r1)
         174    0x088effc0  addi r14,r4,#-64
         175    0x5024ffec  lw r4,-20(r1)
         176    0x08840040  addi r4,r4,#64
         177    0xa82efff8  sw r14,-8(r1)
         178    0x71c30040  sgeui r3,r14,#64
         179    0x2060fff5  bnez r3,#-11
         180    0x00000000  nop
         181    0x00000000  nop
         182    0x502efff8  lw r14,-8(r1)
         183    0x91cd0038  sltui r13,r14,#56
         184    0x21a00032  bnez r13,#50
         185    0x48030000  lhi r3, #0
         186    0x01c01011  sleu r2,r14,r0
         187    0x548f0000  ori r15,r4,#0
         188    0x2040000d  bnez r2,#13
         189    0x0824ff94  addi r4,r1,#-108
         190    0x548d0000  ori r13,r4,#0
         191    0x480d0000  lhi r13, #0
         192    0x48030000  lhi r3, #0
         193    0x55ad00c8  ori r13,r13,#200
         194    0x546300ca  ori r3,r3,#202
         195    0xbda10000  bor ls,r13,#0
         196    0xbc620000  bor le,r3,#0
         197    0xbdc00000  bor lc,r14,#0
         198    0x48030000  lhi r3, #0
         199    0x548d0000  ori r13,r4,#0
         200    0x01ee0831  lbu r14,(r15+=1)
         201    0x01ae0835  sb r14,(r13+=1)
         202    0x08630001  addi r3,r3,#1
         203    0x086e0001  addi r14,r3,#1
         204    0x71cf0040  sgeui r15,r14,#64
         205    0x54020080  ori r2,r0,#128
         206    0x21e0000c  bnez r15,#12
         207    0x008e1801  add r3,r4,r14
         208    0x5da20000  sb r2,0(r13)
         209    0x540f0040  ori r15,r0,#64
         210    0x01ee7018  sub r14,r15,r14
         211    0x480d0000  lhi r13, #0
         212    0x48020000  lhi r2, #0
         213    0x55ad00db  ori r13,r13,#219
         214    0x544f00db  ori r15,r2,#219
         215    0xbdc00000  bor lc,r14,#0
         216    0xbda10000  bor ls,r13,#0
         217    0xbde20000  bor le,r15,#0
         218    0x00000000  nop
         219    0x00600835  sb r0,(r3+=1)
         220    0x2bffff4f  jal #-177
         221    0x00000000  nop
         222    0xa826ffd4  sw r6,-44(r1)
         223    0xa82cffe0  sw r12,-32(r1)
         224    0xa82bfff8  sw r11,-8(r1)
         225    0xa82affec  sw r10,-20(r1)
         226    0xa829ffdc  sw r9,-36(r1)
         227    0xa828ffe8  sw r8,-24(r1)
         228    0xa827ffe4  sw r7,-28(r1)
         229    0xa825ffd8  sw r5,-40(r1)
         230    0x0824ff94  addi r4,r1,#-108
         231    0x54060038  ori r6,r0,#56
         232    0x280000dd  jal #221
         233    0x48050000  lhi r5, #0
         234    0x2400002d  j #45
         235    0x5026fffc  lw r6,-4(r1)
         236    0xa82bfff8  sw r11,-8(r1)
         237    0xa82affec  sw r10,-20(r1)
         238    0xa828ffe8  sw r8,-24(r1)
         239    0x082dff94  addi r13,r1,#-108
         240    0x2040000c  bnez r2,#12
         241    0xa827ffe4  sw r7,-28(r1)
         242    0x55a70000  ori r7,r13,#0
         243    0x48070000  lhi r7, #0
         244    0x48080000  lhi r8, #0
         245    0x54e700fd  ori r7,r7,#253
         246    0xbce20000  bor le,r7,#0
         247    0x550800fb  ori r8,r8,#251
         248    0xbdc00000  bor lc,r14,#0
         249    0xbd010000  bor ls,r8,#0
         250    0x55a70000  ori r7,r13,#0
         251    0x00880831  lbu r8,(r4+=1)
         252    0x00e80835  sb r8,(r7+=1)
         253    0x08630001  addi r3,r3,#1
         254    0xa82cffe0  sw r12,-32(r1)
         255    0x086c0001  addi r12,r3,#1
         256    0xa825ffd8  sw r5,-40(r1)
         257    0x71880038  sgeui r8,r12,#56
         258    0xa829ffdc  sw r9,-36(r1)
         259    0x540a0080  ori r10,r0,#128
         260    0x54050038  ori r5,r0,#56
         261    0x2100000e  bnez r8,#14
         262    0x5cea0000  sb r10,0(r7)
         263    0x018d5801  add r11,r12,r13
         264    0x00ac2818  sub r5,r5,r12
         265    0x48090000  lhi r9, #0
         266    0x48070000  lhi r7, #0
         267    0x55290111  ori r9,r9,#273
         268    0x54ec0111  ori r12,r7,#273
         269    0xbca00000  bor lc,r5,#0
         270    0xbd210000  bor ls,r9,#0
         271    0xbd820000  bor le,r12,#0
         272    0x00000000  nop
         273    0x01600835  sb r0,(r11+=1)
         274    0xa826ffd4  sw r6,-44(r1)
         275    0x24000004  j #4
         276    0x5026fffc  lw r6,-4(r1)
         277    0xa826ffd4  sw r6,-44(r1)
         278    0x00000000  nop
         279    0x5026fffc  lw r6,-4(r1)
         280    0x88c60003  slli r6,r6,#3
         281    0x9cc50008  srli r5,r6,#8
         282    0x5c26ffd3  sb r6,-45(r1)
         283    0x9cc90010  srli r9,r6,#16
         284    0x5c25ffd2  sb r5,-46(r1)
         285    0x5c29ffd1  sb r9,-47(r1)
         286    0x9cc60018  srli r6,r6,#24
         287    0x5c26ffd0  sb r6,-48(r1)
         288    0x5c20ffcf  sb r0,-49(r1)
         289    0x5c20ffce  sb r0,-50(r1)
         290    0x5c20ffcd  sb r0,-51(r1)
         291    0x5c20ffcc  sb r0,-52(r1)
         292    0x0824ff94  addi r4,r1,#-108
         293    0x502cffe0  lw r12,-32(r1)
         294    0x502bfff8  lw r11,-8(r1)
         295    0x502affec  lw r10,-20(r1)
         296    0x5029ffdc  lw r9,-36(r1)
         297    0x5028ffe8  lw r8,-24(r1)
         298    0x5027ffe4  lw r7,-28(r1)
         299    0x5025ffd8  lw r5,-40(r1)
         300    0x2bfffeff  jal #-257
         301    0x5026ffd4  lw r6,-44(r1)
         302    0x48030000  lhi r3, #0
         303    0x48040000  lhi r4, #0
         304    0x54630137  ori r3,r3,#311
         305    0x54840150  ori r4,r4,#336
         306    0xbc610000  bor ls,r3,#0
         307    0xbc820000  bor le,r4,#0
         308    0xbc000004  bor lc,r0,#4
         309    0x5024fff4  lw r4,-12(r1)
         310    0x54030018  ori r3,r0,#24
         311    0x00a37017  srl r14,r5,r3
         312    0x11ce00ff  andi r14,r14,#255
         313    0x00c36817  srl r13,r6,r3
         314    0x008e2035  sb r14,(r4+=4)
         315    0x11ad00ff  andi r13,r13,#255
         316    0x00e37817  srl r15,r7,r3
         317    0x008d2035  sb r13,(r4+=4)
         318    0x11ef00ff  andi r15,r15,#255
         319    0x008f2035  sb r15,(r4+=4)
         320    0x01037017  srl r14,r8,r3
         321    0x11cf00ff  andi r15,r14,#255
         322    0x008f2035  sb r15,(r4+=4)
         323    0x01236817  srl r13,r9,r3
         324    0x11af00ff  andi r15,r13,#255
         325    0x01437017  srl r14,r10,r3
         326    0x008f2035  sb r15,(r4+=4)
         327    0x01636817  srl r13,r11,r3
         328    0x11ce00ff  andi r14,r14,#255
         329    0x01837817  srl r15,r12,r3
         330    0x008e2035  sb r14,(r4+=4)
         331    0x11ad00ff  andi r13,r13,#255
         332    0x008d2035  sb r13,(r4+=4)
         333    0x11ee00ff  andi r14,r15,#255
         334    0x5c8e0000  sb r14,0(r4)
         335    0x0863fff8  addi r3,r3,#-8
         336    0x0884ffe5  addi r4,r4,#-27
         337    0x5026fff0  lw r6,-16(r1)
.rts
         338    0x30c00000  jr r6
         339    0x0821ff94  addi r1,r1,#-108
         340    0x00000000  nop
.label void_print_hash___P__uchar
         341    0x08210010  addi r1,r1,#16
         342    0x48060000  lhi r6, #0
         343    0x48050000  lhi r5, #0
         344    0x48030000  lhi r3, #0
         345    0x54c60168  ori r6,r6,#360
         346    0x54a50162  ori r5,r5,#354
         347    0x54630da4  ori r3,r3,#3492
         348    0xa823fff8  sw r3,-8(r1)
         349    0xa822fff4  sw r2,-12(r1)
         350    0xa824fff0  sw r4,-16(r1)
         351    0xbcc20000  bor le,r6,#0
         352    0xbca10000  bor ls,r5,#0
         353    0xbc000020  bor lc,r0,#32
         354    0x5023fff0  lw r3,-16(r1)
         355    0x00650831  lbu r5,(r3+=1)
         356    0xa825fffc  sw r5,-4(r1)
         357    0xa823fff0  sw r3,-16(r1)
         358    0x2800003c  jal #60
         359    0x5024fff8  lw r4,-8(r1)
         360    0x00000000  nop
         361    0x48040000  lhi r4, #0
         362    0x5022fff4  lw r2,-12(r1)
         363    0x54840da9  ori r4,r4,#3497
         364    0x24000036  j #54
         365    0x0821fff0  addi r1,r1,#-16
.label void_convert_hash___P__uchar___P__cchar
         366    0x08210014  addi r1,r1,#20
         367    0x54860000  ori r6,r4,#0
         368    0x54a40000  ori r4,r5,#0
         369    0x48050000  lhi r5, #0
         370    0x48030000  lhi r3, #0
         371    0x48070000  lhi r7, #0
         372    0x54a50184  ori r5,r5,#388
         373    0x5463017c  ori r3,r3,#380
         374    0x54e70da4  ori r7,r7,#3492
         375    0xa827fff4  sw r7,-12(r1)
         376    0xa822fff8  sw r2,-8(r1)
         377    0xbca20000  bor le,r5,#0
         378    0xbc610000  bor ls,r3,#0
         379    0xbc000020  bor lc,r0,#32
         380    0x00c30831  lbu r3,(r6+=1)
         381    0xa823fffc  sw r3,-4(r1)
         382    0xa826fff0  sw r6,-16(r1)
         383    0xa824ffec  sw r4,-20(r1)
         384    0x28000028  jal #40
         385    0x5025fff4  lw r5,-12(r1)
         386    0x5024ffec  lw r4,-20(r1)
         387    0x5026fff0  lw r6,-16(r1)
         388    0x00642001  add r4,r3,r4
         389    0x5025fff8  lw r5,-8(r1)
.rts
         390    0x30a00000  jr r5
         391    0x5c800000  sb r0,0(r4)
         392    0x0821ffec  addi r1,r1,#-20
.label _hosted_clib_io
         393    0x00000000  nop
         394    0x00000000  nop
         395    0x00000000  nop
         396    0x00000000  nop
         397    0x54030010  ori r3,r0,#16
.rts
         398    0x30400000  jr r2
         399    0xa8830000  sw r3,0(r4)
         400    0x00000000  nop
.label __sint_vfprintf___PFILE___P__cchar___Pvoid
         401    0x54830000  ori r3,r4,#0
         402    0x08210048  addi r1,r1,#72
         403    0x50680000  lw r8,0(r3)
         404    0x0824ffb8  addi r4,r1,#-72
         405    0x0803ffff  addi r3,r0,#-1
         406    0x54070002  ori r7,r0,#2
         407    0xa828ffbc  sw r8,-68(r1)
         408    0xa825ffcc  sw r5,-52(r1)
         409    0xa826fff8  sw r6,-8(r1)
         410    0xa823ffc0  sw r3,-64(r1)
         411    0xa8870000  sw r7,0(r4)
         412    0xa822fffc  sw r2,-4(r1)
         413    0x2bffffeb  jal #-21
         414    0x00000000  nop
         415    0x5024fffc  lw r4,-4(r1)
.rts
         416    0x30800000  jr r4
         417    0x5023ffc0  lw r3,-64(r1)
         418    0x0821ffb8  addi r1,r1,#-72
.label __sint_printf___P__cchar
         419    0x48060000  lhi r6, #0
         420    0x54c30f04  ori r3,r6,#3844
         421    0x08260000  addi r6,r1,#0
         422    0x54850000  ori r5,r4,#0
         423    0x27ffffe9  j #-23
         424    0x50640000  lw r4,0(r3)
.label __sint_sprintf___P__cchar___P__cchar
         425    0x08210048  addi r1,r1,#72
         426    0x54870000  ori r7,r4,#0
         427    0x0824ffb8  addi r4,r1,#-72
         428    0x0803ffff  addi r3,r0,#-1
         429    0x54060017  ori r6,r0,#23
         430    0xa827ffe4  sw r7,-28(r1)
         431    0xa825ffcc  sw r5,-52(r1)
         432    0xa823ffc0  sw r3,-64(r1)
         433    0xa824fff8  sw r4,-8(r1)
         434    0xa8860000  sw r6,0(r4)
         435    0xa822fffc  sw r2,-4(r1)
         436    0x2bffffd4  jal #-44
         437    0x00000000  nop
         438    0x5024fffc  lw r4,-4(r1)
.rts
         439    0x30800000  jr r4
         440    0x5023ffc0  lw r3,-64(r1)
         441    0x0821ffb8  addi r1,r1,#-72
.label __sint_strcmp___P__cchar___P__cchar
         442    0x00830830  lb r3,(r4+=1)
         443    0x00a60830  lb r6,(r5+=1)
         444    0x00663815  sne r7,r3,r6
         445    0x0060400b  seq r8,r3,r0
         446    0x00e8380a  or r7,r7,r8
         447    0x14e0fff9  beqz r7,#-7
         448    0x00000000  nop
         449    0x00000000  nop
         450    0x10c500ff  andi r5,r6,#255
.rts
         451    0x30400000  jr r2
         452    0x106400ff  andi r4,r3,#255
         453    0x00851818  sub r3,r4,r5
.label __Pvoid_memset___Pvoid___sint___uint
         454    0x54830000  ori r3,r4,#0
         455    0x00c02011  sleu r4,r6,r0
         456    0x2080000a  bnez r4,#10
         457    0x00000000  nop
         458    0x00000000  nop
         459    0x48070000  lhi r7, #0
         460    0x48040000  lhi r4, #0
         461    0xbcc00000  bor lc,r6,#0
         462    0x54e701d3  ori r7,r7,#467
         463    0x548401d3  ori r4,r4,#467
         464    0xbce10000  bor ls,r7,#0
         465    0xbc820000  bor le,r4,#0
         466    0x54660000  ori r6,r3,#0
         467    0x00c50835  sb r5,(r6+=1)
.rts
         468    0x30400000  jr r2
         469    0x00000000  nop
         470    0x00000000  nop
.label __uint_strlen___P__cchar
         471    0x54830000  ori r3,r4,#0
         472    0x00650830  lb r5,(r3+=1)
         473    0x20a0fffd  bnez r5,#-3
         474    0x00000000  nop
         475    0x00000000  nop
.rts
         476    0x30400000  jr r2
         477    0x0863ffff  addi r3,r3,#-1
         478    0x00641818  sub r3,r3,r4

.data_segment DMb      4	   
.label k
	0x42
	0x8a
	0x2f
	0x98
	0x71
	0x37
	0x44
	0x91
	0xb5
	0xc0
	0xfb
	0xcf
	0xe9
	0xb5
	0xdb
	0xa5
	0x39
	0x56
	0xc2
	0x5b
	0x59
	0xf1
	0x11
	0xf1
	0x92
	0x3f
	0x82
	0xa4
	0xab
	0x1c
	0x5e
	0xd5
	0xd8
	0x7
	0xaa
	0x98
	0x12
	0x83
	0x5b
	0x1
	0x24
	0x31
	0x85
	0xbe
	0x55
	0xc
	0x7d
	0xc3
	0x72
	0xbe
	0x5d
	0x74
	0x80
	0xde
	0xb1
	0xfe
	0x9b
	0xdc
	0x6
	0xa7
	0xc1
	0x9b
	0xf1
	0x74
	0xe4
	0x9b
	0x69
	0xc1
	0xef
	0xbe
	0x47
	0x86
	0xf
	0xc1
	0x9d
	0xc6
	0x24
	0xc
	0xa1
	0xcc
	0x2d
	0xe9
	0x2c
	0x6f
	0x4a
	0x74
	0x84
	0xaa
	0x5c
	0xb0
	0xa9
	0xdc
	0x76
	0xf9
	0x88
	0xda
	0x98
	0x3e
	0x51
	0x52
	0xa8
	0x31
	0xc6
	0x6d
	0xb0
	0x3
	0x27
	0xc8
	0xbf
	0x59
	0x7f
	0xc7
	0xc6
	0xe0
	0xb
	0xf3
	0xd5
	0xa7
	0x91
	0x47
	0x6
	0xca
	0x63
	0x51
	0x14
	0x29
	0x29
	0x67
	0x27
	0xb7
	0xa
	0x85
	0x2e
	0x1b
	0x21
	0x38
	0x4d
	0x2c
	0x6d
	0xfc
	0x53
	0x38
	0xd
	0x13
	0x65
	0xa
	0x73
	0x54
	0x76
	0x6a
	0xa
	0xbb
	0x81
	0xc2
	0xc9
	0x2e
	0x92
	0x72
	0x2c
	0x85
	0xa2
	0xbf
	0xe8
	0xa1
	0xa8
	0x1a
	0x66
	0x4b
	0xc2
	0x4b
	0x8b
	0x70
	0xc7
	0x6c
	0x51
	0xa3
	0xd1
	0x92
	0xe8
	0x19
	0xd6
	0x99
	0x6
	0x24
	0xf4
	0xe
	0x35
	0x85
	0x10
	0x6a
	0xa0
	0x70
	0x19
	0xa4
	0xc1
	0x16
	0x1e
	0x37
	0x6c
	0x8
	0x27
	0x48
	0x77
	0x4c
	0x34
	0xb0
	0xbc
	0xb5
	0x39
	0x1c
	0xc
	0xb3
	0x4e
	0xd8
	0xaa
	0x4a
	0x5b
	0x9c
	0xca
	0x4f
	0x68
	0x2e
	0x6f
	0xf3
	0x74
	0x8f
	0x82
	0xee
	0x78
	0xa5
	0x63
	0x6f
	0x84
	0xc8
	0x78
	0x14
	0x8c
	0xc7
	0x2
	0x8
	0x90
	0xbe
	0xff
	0xfa
	0xa4
	0x50
	0x6c
	0xeb
	0xbe
	0xf9
	0xa3
	0xf7
	0xc6
	0x71
	0x78
	0xf2

.data_segment DMb    260	   
.label input_text
	0x54
	0x68
	0x65
	0x20
	0x55
	0x6e
	0x69
	0x74
	0x65
	0x64
	0x20
	0x53
	0x74
	0x61
	0x74
	0x65
	0x73
	0x20
	0x6f
	0x66
	0x20
	0x41
	0x6d
	0x65
	0x72
	0x69
	0x63
	0x61
	0x20
	0x68
	0x61
	0x73
	0x20
	0x61
	0x64
	0x6f
	0x70
	0x74
	0x65
	0x64
	0x20
	0x61
	0x20
	0x73
	0x75
	0x69
	0x74
	0x65
	0x20
	0x6f
	0x66
	0x20
	0x53
	0x65
	0x63
	0x75
	0x72
	0x65
	0x20
	0x48
	0x61
	0x73
	0x68
	0x20
	0x41
	0x6c
	0x67
	0x6f
	0x72
	0x69
	0x74
	0x68
	0x6d
	0x73
	0x20
	0x28
	0x53
	0x48
	0x41
	0x73
	0x29
	0x2c
	0x20
	0x69
	0x6e
	0x63
	0x6c
	0x75
	0x64
	0x69
	0x6e
	0x67
	0x20
	0x66
	0x6f
	0x75
	0x72
	0x20
	0x62
	0x65
	0x79
	0x6f
	0x6e
	0x64
	0x20
	0x53
	0x48
	0x41
	0x2d
	0x31
	0x2c
	0x20
	0x61
	0x73
	0x20
	0x70
	0x61
	0x72
	0x74
	0x20
	0x6f
	0x66
	0x20
	0x61
	0x20
	0x46
	0x65
	0x64
	0x65
	0x72
	0x61
	0x6c
	0x20
	0x49
	0x6e
	0x66
	0x6f
	0x72
	0x6d
	0x61
	0x74
	0x69
	0x6f
	0x6e
	0x20
	0x50
	0x72
	0x6f
	0x63
	0x65
	0x73
	0x73
	0x69
	0x6e
	0x67
	0x20
	0x53
	0x74
	0x61
	0x6e
	0x64
	0x61
	0x72
	0x64
	0x20
	0x28
	0x46
	0x49
	0x50
	0x53
	0x29
	0x2c
	0x20
	0x73
	0x70
	0x65
	0x63
	0x69
	0x66
	0x69
	0x63
	0x61
	0x6c
	0x6c
	0x79
	0x20
	0x53
	0x48
	0x41
	0x2d
	0x32
	0x32
	0x34
	0x20
	0x28
	0x52
	0x46
	0x43
	0x20
	0x33
	0x38
	0x37
	0x34
	0x29
	0x2c
	0x20
	0x53
	0x48
	0x41
	0x2d
	0x32
	0x35
	0x36
	0x2c
	0x20
	0x53
	0x48
	0x41
	0x2d
	0x33
	0x38
	0x34
	0x2c
	0x20
	0x61
	0x6e
	0x64
	0x20
	0x53
	0x48
	0x41
	0x2d
	0x35
	0x31
	0x32
	0x2e
	0x20
	0x20
	0x54
	0x68
	0x65
	0x20
	0x70
	0x75
	0x72
	0x70
	0x6f
	0x73
	0x65
	0x20
	0x6f
	0x66
	0x20
	0x74
	0x68
	0x69
	0x73
	0x20
	0x64
	0x6f
	0x63
	0x75
	0x6d
	0x65
	0x6e
	0x74
	0x20
	0x69
	0x73
	0x20
	0x74
	0x6f
	0x20
	0x6d
	0x61
	0x6b
	0x65
	0x20
	0x73
	0x6f
	0x75
	0x72
	0x63
	0x65
	0x20
	0x63
	0x6f
	0x64
	0x65
	0x20
	0x70
	0x65
	0x72
	0x66
	0x6f
	0x72
	0x6d
	0x69
	0x6e
	0x67
	0x20
	0x74
	0x68
	0x65
	0x73
	0x65
	0x20
	0x68
	0x61
	0x73
	0x68
	0x20
	0x66
	0x75
	0x6e
	0x63
	0x74
	0x69
	0x6f
	0x6e
	0x73
	0x20
	0x63
	0x6f
	0x6e
	0x76
	0x65
	0x6e
	0x69
	0x65
	0x6e
	0x74
	0x6c
	0x79
	0x20
	0x61
	0x76
	0x61
	0x69
	0x6c
	0x61
	0x62
	0x6c
	0x65
	0x20
	0x74
	0x6f
	0x20
	0x74
	0x68
	0x65
	0x20
	0x49
	0x6e
	0x74
	0x65
	0x72
	0x6e
	0x65
	0x74
	0x20
	0x63
	0x6f
	0x6d
	0x6d
	0x75
	0x6e
	0x69
	0x74
	0x79
	0x2e
	0x20
	0x20
	0x54
	0x68
	0x65
	0x20
	0x73
	0x61
	0x6d
	0x70
	0x6c
	0x65
	0x20
	0x63
	0x6f
	0x64
	0x65
	0x20
	0x73
	0x75
	0x70
	0x70
	0x6f
	0x72
	0x74
	0x73
	0x20
	0x69
	0x6e
	0x70
	0x75
	0x74
	0x20
	0x73
	0x74
	0x72
	0x69
	0x6e
	0x67
	0x73
	0x20
	0x6f
	0x66
	0x20
	0x61
	0x72
	0x62
	0x69
	0x74
	0x72
	0x61
	0x72
	0x79
	0x20
	0x62
	0x69
	0x74
	0x20
	0x6c
	0x65
	0x6e
	0x67
	0x74
	0x68
	0x2e
	0x20
	0x20
	0x53
	0x48
	0x41
	0x2d
	0x31
	0x27
	0x73
	0x20
	0x73
	0x61
	0x6d
	0x70
	0x6c
	0x65
	0x20
	0x63
	0x6f
	0x64
	0x65
	0x20
	0x66
	0x72
	0x6f
	0x6d
	0x20
	0x52
	0x46
	0x43
	0x20
	0x33
	0x31
	0x37
	0x34
	0x20
	0x68
	0x61
	0x73
	0x20
	0x61
	0x6c
	0x73
	0x6f
	0x20
	0x62
	0x65
	0x65
	0x6e
	0x20
	0x75
	0x70
	0x64
	0x61
	0x74
	0x65
	0x64
	0x20
	0x74
	0x6f
	0x20
	0x68
	0x61
	0x6e
	0x64
	0x6c
	0x65
	0x20
	0x69
	0x6e
	0x70
	0x75
	0x74
	0x20
	0x73
	0x74
	0x72
	0x69
	0x6e
	0x67
	0x73
	0x20
	0x6f
	0x66
	0x20
	0x61
	0x72
	0x62
	0x69
	0x74
	0x72
	0x61
	0x72
	0x79
	0x20
	0x62
	0x69
	0x74
	0x20
	0x6c
	0x65
	0x6e
	0x67
	0x74
	0x68
	0x2e
	0x20
	0x20
	0x4d
	0x6f
	0x73
	0x74
	0x20
	0x6f
	0x66
	0x20
	0x74
	0x68
	0x65
	0x20
	0x74
	0x65
	0x78
	0x74
	0x20
	0x68
	0x65
	0x72
	0x65
	0x69
	0x6e
	0x20
	0x77
	0x61
	0x73
	0x20
	0x61
	0x64
	0x61
	0x70
	0x74
	0x65
	0x64
	0x20
	0x62
	0x79
	0x20
	0x74
	0x68
	0x65
	0x20
	0x61
	0x75
	0x74
	0x68
	0x6f
	0x72
	0x73
	0x20
	0x66
	0x72
	0x6f
	0x6d
	0x20
	0x46
	0x49
	0x50
	0x53
	0x20
	0x31
	0x38
	0x30
	0x2d
	0x32
	0x2e
	0x20
	0x20
	0x43
	0x6f
	0x64
	0x65
	0x20
	0x74
	0x6f
	0x20
	0x70
	0x65
	0x72
	0x66
	0x6f
	0x72
	0x6d
	0x20
	0x53
	0x48
	0x41
	0x2d
	0x62
	0x61
	0x73
	0x65
	0x64
	0x20
	0x48
	0x4d
	0x41
	0x43
	0x73
	0x2c
	0x20
	0x77
	0x69
	0x74
	0x68
	0x20
	0x61
	0x72
	0x62
	0x69
	0x74
	0x72
	0x61
	0x72
	0x79
	0x20
	0x62
	0x69
	0x74
	0x20
	0x6c
	0x65
	0x6e
	0x67
	0x74
	0x68
	0x20
	0x74
	0x65
	0x78
	0x74
	0x2c
	0x20
	0x69
	0x73
	0x20
	0x61
	0x6c
	0x73
	0x6f
	0x20
	0x69
	0x6e
	0x63
	0x6c
	0x75
	0x64
	0x65
	0x64
	0x2e
	0x20
	0x20
	0x4e
	0x4f
	0x54
	0x45
	0x3a
	0x20
	0x4d
	0x75
	0x63
	0x68
	0x20
	0x6f
	0x66
	0x20
	0x74
	0x68
	0x65
	0x20
	0x74
	0x65
	0x78
	0x74
	0x20
	0x62
	0x65
	0x6c
	0x6f
	0x77
	0x20
	0x69
	0x73
	0x20
	0x74
	0x61
	0x6b
	0x65
	0x6e
	0x20
	0x66
	0x72
	0x6f
	0x6d
	0x20
	0x5b
	0x46
	0x49
	0x50
	0x53
	0x31
	0x38
	0x30
	0x2d
	0x32
	0x5d
	0x20
	0x61
	0x6e
	0x64
	0x20
	0x61
	0x73
	0x73
	0x65
	0x72
	0x74
	0x69
	0x6f
	0x6e
	0x73
	0x20
	0x74
	0x68
	0x65
	0x72
	0x65
	0x69
	0x6e
	0x20
	0x6f
	0x66
	0x20
	0x74
	0x68
	0x65
	0x20
	0x73
	0x65
	0x63
	0x75
	0x72
	0x69
	0x74
	0x79
	0x20
	0x6f
	0x66
	0x20
	0x74
	0x68
	0x65
	0x20
	0x61
	0x6c
	0x67
	0x6f
	0x72
	0x69
	0x74
	0x68
	0x6d
	0x73
	0x20
	0x64
	0x65
	0x73
	0x63
	0x72
	0x69
	0x62
	0x65
	0x64
	0x20
	0x61
	0x72
	0x65
	0x20
	0x6d
	0x61
	0x64
	0x65
	0x20
	0x62
	0x79
	0x20
	0x74
	0x68
	0x65
	0x20
	0x55
	0x53
	0x20
	0x47
	0x6f
	0x76
	0x65
	0x72
	0x6e
	0x6d
	0x65
	0x6e
	0x74
	0x2c
	0x20
	0x74
	0x68
	0x65
	0x20
	0x61
	0x75
	0x74
	0x68
	0x6f
	0x72
	0x20
	0x6f
	0x66
	0x20
	0x5b
	0x46
	0x49
	0x50
	0x53
	0x31
	0x38
	0x30
	0x2d
	0x32
	0x5d
	0x2c
	0x20
	0x61
	0x6e
	0x64
	0x20
	0x6e
	0x6f
	0x74
	0x20
	0x62
	0x79
	0x20
	0x74
	0x68
	0x65
	0x20
	0x61
	0x75
	0x74
	0x68
	0x6f
	0x72
	0x73
	0x20
	0x6f
	0x66
	0x20
	0x74
	0x68
	0x69
	0x73
	0x20
	0x64
	0x6f
	0x63
	0x75
	0x6d
	0x65
	0x6e
	0x74
	0x2e
	0x20
	0x20
	0x54
	0x68
	0x65
	0x20
	0x74
	0x65
	0x78
	0x74
	0x20
	0x62
	0x65
	0x6c
	0x6f
	0x77
	0x20
	0x73
	0x70
	0x65
	0x63
	0x69
	0x66
	0x69
	0x65
	0x73
	0x20
	0x53
	0x65
	0x63
	0x75
	0x72
	0x65
	0x20
	0x48
	0x61
	0x73
	0x68
	0x20
	0x41
	0x6c
	0x67
	0x6f
	0x72
	0x69
	0x74
	0x68
	0x6d
	0x73
	0x2c
	0x20
	0x53
	0x48
	0x41
	0x2d
	0x32
	0x32
	0x34
	0x20
	0x5b
	0x52
	0x46
	0x43
	0x33
	0x38
	0x37
	0x34
	0x5d
	0x2c
	0x20
	0x53
	0x48
	0x41
	0x2d
	0x32
	0x35
	0x36
	0x2c
	0x20
	0x53
	0x48
	0x41
	0x2d
	0x33
	0x38
	0x34
	0x2c
	0x20
	0x61
	0x6e
	0x64
	0x20
	0x53
	0x48
	0x41
	0x2d
	0x35
	0x31
	0x32
	0x2c
	0x20
	0x66
	0x6f
	0x72
	0x20
	0x63
	0x6f
	0x6d
	0x70
	0x75
	0x74
	0x69
	0x6e
	0x67
	0x20
	0x61
	0x20
	0x63
	0x6f
	0x6e
	0x64
	0x65
	0x6e
	0x73
	0x65
	0x64
	0x20
	0x72
	0x65
	0x70
	0x72
	0x65
	0x73
	0x65
	0x6e
	0x74
	0x61
	0x74
	0x69
	0x6f
	0x6e
	0x20
	0x6f
	0x66
	0x20
	0x61
	0x20
	0x6d
	0x65
	0x73
	0x73
	0x61
	0x67
	0x65
	0x20
	0x6f
	0x72
	0x20
	0x61
	0x20
	0x64
	0x61
	0x74
	0x61
	0x20
	0x66
	0x69
	0x6c
	0x65
	0x2e
	0x20
	0x28
	0x53
	0x48
	0x41
	0x2d
	0x31
	0x20
	0x69
	0x73
	0x20
	0x73
	0x70
	0x65
	0x63
	0x69
	0x66
	0x69
	0x65
	0x64
	0x20
	0x69
	0x6e
	0x20
	0x5b
	0x52
	0x46
	0x43
	0x33
	0x31
	0x37
	0x34
	0x5d
	0x2e
	0x29
	0x20
	0x20
	0x57
	0x68
	0x65
	0x6e
	0x20
	0x61
	0x20
	0x6d
	0x65
	0x73
	0x73
	0x61
	0x67
	0x65
	0x20
	0x6f
	0x66
	0x20
	0x61
	0x6e
	0x79
	0x20
	0x6c
	0x65
	0x6e
	0x67
	0x74
	0x68
	0x20
	0x3c
	0x20
	0x32
	0x5e
	0x36
	0x34
	0x20
	0x62
	0x69
	0x74
	0x73
	0x20
	0x28
	0x66
	0x6f
	0x72
	0x20
	0x53
	0x48
	0x41
	0x2d
	0x32
	0x32
	0x34
	0x20
	0x61
	0x6e
	0x64
	0x20
	0x53
	0x48
	0x41
	0x2d
	0x32
	0x35
	0x36
	0x29
	0x20
	0x6f
	0x72
	0x20
	0x3c
	0x20
	0x32
	0x5e
	0x31
	0x32
	0x38
	0x20
	0x62
	0x69
	0x74
	0x73
	0x20
	0x28
	0x66
	0x6f
	0x72
	0x20
	0x53
	0x48
	0x41
	0x2d
	0x33
	0x38
	0x34
	0x20
	0x61
	0x6e
	0x64
	0x20
	0x53
	0x48
	0x41
	0x2d
	0x35
	0x31
	0x32
	0x29
	0x20
	0x69
	0x73
	0x20
	0x69
	0x6e
	0x70
	0x75
	0x74
	0x20
	0x74
	0x6f
	0x20
	0x6f
	0x6e
	0x65
	0x20
	0x6f
	0x66
	0x20
	0x74
	0x68
	0x65
	0x73
	0x65
	0x20
	0x61
	0x6c
	0x67
	0x6f
	0x72
	0x69
	0x74
	0x68
	0x6d
	0x73
	0x2c
	0x20
	0x74
	0x68
	0x65
	0x20
	0x72
	0x65
	0x73
	0x75
	0x6c
	0x74
	0x20
	0x69
	0x73
	0x20
	0x61
	0x6e
	0x20
	0x6f
	0x75
	0x74
	0x70
	0x75
	0x74
	0x20
	0x63
	0x61
	0x6c
	0x6c
	0x65
	0x64
	0x20
	0x61
	0x20
	0x6d
	0x65
	0x73
	0x73
	0x61
	0x67
	0x65
	0x20
	0x64
	0x69
	0x67
	0x65
	0x73
	0x74
	0x2e
	0x20
	0x20
	0x54
	0x68
	0x65
	0x20
	0x6d
	0x65
	0x73
	0x73
	0x61
	0x67
	0x65
	0x20
	0x64
	0x69
	0x67
	0x65
	0x73
	0x74
	0x73
	0x20
	0x72
	0x61
	0x6e
	0x67
	0x65
	0x20
	0x69
	0x6e
	0x20
	0x6c
	0x65
	0x6e
	0x67
	0x74
	0x68
	0x20
	0x66
	0x72
	0x6f
	0x6d
	0x20
	0x32
	0x32
	0x34
	0x20
	0x74
	0x6f
	0x20
	0x35
	0x31
	0x32
	0x20
	0x62
	0x69
	0x74
	0x73
	0x2c
	0x20
	0x64
	0x65
	0x70
	0x65
	0x6e
	0x64
	0x69
	0x6e
	0x67
	0x20
	0x6f
	0x6e
	0x20
	0x74
	0x68
	0x65
	0x20
	0x61
	0x6c
	0x67
	0x6f
	0x72
	0x69
	0x74
	0x68
	0x6d
	0x2e
	0x20
	0x20
	0x53
	0x65
	0x63
	0x75
	0x72
	0x65
	0x20
	0x68
	0x61
	0x73
	0x68
	0x20
	0x61
	0x6c
	0x67
	0x6f
	0x72
	0x69
	0x74
	0x68
	0x6d
	0x73
	0x20
	0x61
	0x72
	0x65
	0x20
	0x74
	0x79
	0x70
	0x69
	0x63
	0x61
	0x6c
	0x6c
	0x79
	0x20
	0x75
	0x73
	0x65
	0x64
	0x20
	0x77
	0x69
	0x74
	0x68
	0x20
	0x6f
	0x74
	0x68
	0x65
	0x72
	0x20
	0x63
	0x72
	0x79
	0x70
	0x74
	0x6f
	0x67
	0x72
	0x61
	0x70
	0x68
	0x69
	0x63
	0x20
	0x61
	0x6c
	0x67
	0x6f
	0x72
	0x69
	0x74
	0x68
	0x6d
	0x73
	0x2c
	0x20
	0x73
	0x75
	0x63
	0x68
	0x20
	0x61
	0x73
	0x20
	0x64
	0x69
	0x67
	0x69
	0x74
	0x61
	0x6c
	0x20
	0x73
	0x69
	0x67
	0x6e
	0x61
	0x74
	0x75
	0x72
	0x65
	0x20
	0x61
	0x6c
	0x67
	0x6f
	0x72
	0x69
	0x74
	0x68
	0x6d
	0x73
	0x20
	0x61
	0x6e
	0x64
	0x20
	0x6b
	0x65
	0x79
	0x65
	0x64
	0x20
	0x68
	0x61
	0x73
	0x68
	0x20
	0x61
	0x75
	0x74
	0x68
	0x65
	0x6e
	0x74
	0x69
	0x63
	0x61
	0x74
	0x69
	0x6f
	0x6e
	0x20
	0x63
	0x6f
	0x64
	0x65
	0x73
	0x2c
	0x20
	0x6f
	0x72
	0x20
	0x69
	0x6e
	0x20
	0x74
	0x68
	0x65
	0x20
	0x67
	0x65
	0x6e
	0x65
	0x72
	0x61
	0x74
	0x69
	0x6f
	0x6e
	0x20
	0x6f
	0x66
	0x20
	0x72
	0x61
	0x6e
	0x64
	0x6f
	0x6d
	0x20
	0x6e
	0x75
	0x6d
	0x62
	0x65
	0x72
	0x73
	0x20
	0x5b
	0x52
	0x46
	0x43
	0x34
	0x30
	0x38
	0x36
	0x5d
	0x2e
	0x20
	0x20
	0x54
	0x68
	0x65
	0x20
	0x66
	0x6f
	0x75
	0x72
	0x20
	0x61
	0x6c
	0x67
	0x6f
	0x72
	0x69
	0x74
	0x68
	0x6d
	0x73
	0x20
	0x73
	0x70
	0x65
	0x63
	0x69
	0x66
	0x69
	0x65
	0x64
	0x20
	0x69
	0x6e
	0x20
	0x74
	0x68
	0x69
	0x73
	0x20
	0x64
	0x6f
	0x63
	0x75
	0x6d
	0x65
	0x6e
	0x74
	0x20
	0x61
	0x72
	0x65
	0x20
	0x63
	0x61
	0x6c
	0x6c
	0x65
	0x64
	0x20
	0x73
	0x65
	0x63
	0x75
	0x72
	0x65
	0x20
	0x62
	0x65
	0x63
	0x61
	0x75
	0x73
	0x65
	0x20
	0x69
	0x74
	0x20
	0x69
	0x73
	0x20
	0x63
	0x6f
	0x6d
	0x70
	0x75
	0x74
	0x61
	0x74
	0x69
	0x6f
	0x6e
	0x61
	0x6c
	0x6c
	0x79
	0x20
	0x69
	0x6e
	0x66
	0x65
	0x61
	0x73
	0x69
	0x62
	0x6c
	0x65
	0x20
	0x74
	0x6f
	0x20
	0x28
	0x31
	0x29
	0x20
	0x66
	0x69
	0x6e
	0x64
	0x20
	0x61
	0x20
	0x6d
	0x65
	0x73
	0x73
	0x61
	0x67
	0x65
	0x20
	0x74
	0x68
	0x61
	0x74
	0x20
	0x63
	0x6f
	0x72
	0x72
	0x65
	0x73
	0x70
	0x6f
	0x6e
	0x64
	0x73
	0x20
	0x74
	0x6f
	0x20
	0x61
	0x20
	0x67
	0x69
	0x76
	0x65
	0x6e
	0x20
	0x6d
	0x65
	0x73
	0x73
	0x61
	0x67
	0x65
	0x20
	0x64
	0x69
	0x67
	0x65
	0x73
	0x74
	0x2c
	0x20
	0x6f
	0x72
	0x20
	0x28
	0x32
	0x29
	0x20
	0x66
	0x69
	0x6e
	0x64
	0x20
	0x74
	0x77
	0x6f
	0x20
	0x64
	0x69
	0x66
	0x66
	0x65
	0x72
	0x65
	0x6e
	0x74
	0x20
	0x6d
	0x65
	0x73
	0x73
	0x61
	0x67
	0x65
	0x73
	0x20
	0x74
	0x68
	0x61
	0x74
	0x20
	0x70
	0x72
	0x6f
	0x64
	0x75
	0x63
	0x65
	0x20
	0x74
	0x68
	0x65
	0x20
	0x73
	0x61
	0x6d
	0x65
	0x20
	0x6d
	0x65
	0x73
	0x73
	0x61
	0x67
	0x65
	0x20
	0x64
	0x69
	0x67
	0x65
	0x73
	0x74
	0x2e
	0x20
	0x20
	0x41
	0x6e
	0x79
	0x20
	0x63
	0x68
	0x61
	0x6e
	0x67
	0x65
	0x20
	0x74
	0x6f
	0x20
	0x61
	0x20
	0x6d
	0x65
	0x73
	0x73
	0x61
	0x67
	0x65
	0x20
	0x69
	0x6e
	0x20
	0x74
	0x72
	0x61
	0x6e
	0x73
	0x69
	0x74
	0x20
	0x77
	0x69
	0x6c
	0x6c
	0x2c
	0x20
	0x77
	0x69
	0x74
	0x68
	0x20
	0x76
	0x65
	0x72
	0x79
	0x20
	0x68
	0x69
	0x67
	0x68
	0x20
	0x70
	0x72
	0x6f
	0x62
	0x61
	0x62
	0x69
	0x6c
	0x69
	0x74
	0x79
	0x2c
	0x20
	0x72
	0x65
	0x73
	0x75
	0x6c
	0x74
	0x20
	0x69
	0x6e
	0x20
	0x61
	0x20
	0x64
	0x69
	0x66
	0x66
	0x65
	0x72
	0x65
	0x6e
	0x74
	0x20
	0x6d
	0x65
	0x73
	0x73
	0x61
	0x67
	0x65
	0x20
	0x64
	0x69
	0x67
	0x65
	0x73
	0x74
	0x2e
	0x20
	0x20
	0x54
	0x68
	0x69
	0x73
	0x20
	0x77
	0x69
	0x6c
	0x6c
	0x20
	0x72
	0x65
	0x73
	0x75
	0x6c
	0x74
	0x20
	0x69
	0x6e
	0x20
	0x61
	0x20
	0x76
	0x65
	0x72
	0x69
	0x66
	0x69
	0x63
	0x61
	0x74
	0x69
	0x6f
	0x6e
	0x20
	0x66
	0x61
	0x69
	0x6c
	0x75
	0x72
	0x65
	0x20
	0x77
	0x68
	0x65
	0x6e
	0x20
	0x74
	0x68
	0x65
	0x20
	0x73
	0x65
	0x63
	0x75
	0x72
	0x65
	0x20
	0x68
	0x61
	0x73
	0x68
	0x20
	0x61
	0x6c
	0x67
	0x6f
	0x72
	0x69
	0x74
	0x68
	0x6d
	0x20
	0x69
	0x73
	0x20
	0x75
	0x73
	0x65
	0x64
	0x20
	0x77
	0x69
	0x74
	0x68
	0x20
	0x61
	0x20
	0x64
	0x69
	0x67
	0x69
	0x74
	0x61
	0x6c
	0x20
	0x73
	0x69
	0x67
	0x6e
	0x61
	0x74
	0x75
	0x72
	0x65
	0x20
	0x61
	0x6c
	0x67
	0x6f
	0x72
	0x69
	0x74
	0x68
	0x6d
	0x20
	0x6f
	0x72
	0x20
	0x61
	0x20
	0x6b
	0x65
	0x79
	0x65
	0x64
	0x2d
	0x68
	0x61
	0x73
	0x68
	0x20
	0x6d
	0x65
	0x73
	0x73
	0x61
	0x67
	0x65
	0x20
	0x61
	0x75
	0x74
	0x68
	0x65
	0x6e
	0x74
	0x69
	0x63
	0x61
	0x74
	0x69
	0x6f
	0x6e
	0x20
	0x61
	0x6c
	0x67
	0x6f
	0x72
	0x69
	0x74
	0x68
	0x6d
	0x2e
	0x20
	0x20
	0x54
	0x68
	0x65
	0x20
	0x63
	0x6f
	0x64
	0x65
	0x20
	0x70
	0x72
	0x6f
	0x76
	0x69
	0x64
	0x65
	0x64
	0x20
	0x68
	0x65
	0x72
	0x65
	0x69
	0x6e
	0x20
	0x73
	0x75
	0x70
	0x70
	0x6f
	0x72
	0x74
	0x73
	0x20
	0x69
	0x6e
	0x70
	0x75
	0x74
	0x20
	0x73
	0x74
	0x72
	0x69
	0x6e
	0x67
	0x73
	0x20
	0x6f
	0x66
	0x20
	0x61
	0x72
	0x62
	0x69
	0x74
	0x72
	0x61
	0x72
	0x79
	0x20
	0x62
	0x69
	0x74
	0x20
	0x6c
	0x65
	0x6e
	0x67
	0x74
	0x68
	0x2e
	0x20
	0x20
	0x53
	0x48
	0x41
	0x2d
	0x31
	0x27
	0x73
	0x20
	0x73
	0x61
	0x6d
	0x70
	0x6c
	0x65
	0x20
	0x63
	0x6f
	0x64
	0x65
	0x20
	0x66
	0x72
	0x6f
	0x6d
	0x20
	0x5b
	0x52
	0x46
	0x43
	0x33
	0x31
	0x37
	0x34
	0x5d
	0x20
	0x68
	0x61
	0x73
	0x20
	0x61
	0x6c
	0x73
	0x6f
	0x20
	0x62
	0x65
	0x65
	0x6e
	0x20
	0x75
	0x70
	0x64
	0x61
	0x74
	0x65
	0x64
	0x20
	0x74
	0x6f
	0x20
	0x68
	0x61
	0x6e
	0x64
	0x6c
	0x65
	0x20
	0x69
	0x6e
	0x70
	0x75
	0x74
	0x20
	0x73
	0x74
	0x72
	0x69
	0x6e
	0x67
	0x73
	0x20
	0x6f
	0x66
	0x20
	0x61
	0x72
	0x62
	0x69
	0x74
	0x72
	0x61
	0x72
	0x79
	0x20
	0x62
	0x69
	0x74
	0x20
	0x6c
	0x65
	0x6e
	0x67
	0x74
	0x68
	0x2e
	0x20
	0x20
	0x53
	0x65
	0x65
	0x20
	0x53
	0x65
	0x63
	0x74
	0x69
	0x6f
	0x6e
	0x20
	0x31
	0x2e
	0x31
	0x20
	0x66
	0x6f
	0x72
	0x20
	0x6c
	0x69
	0x63
	0x65
	0x6e
	0x73
	0x65
	0x20
	0x69
	0x6e
	0x66
	0x6f
	0x72
	0x6d
	0x61
	0x74
	0x69
	0x6f
	0x6e
	0x20
	0x66
	0x6f
	0x72
	0x20
	0x74
	0x68
	0x69
	0x73
	0x20
	0x63
	0x6f
	0x64
	0x65
	0x2e
	0x20
	0x20
	0x53
	0x65
	0x63
	0x74
	0x69
	0x6f
	0x6e
	0x20
	0x32
	0x20
	0x62
	0x65
	0x6c
	0x6f
	0x77
	0x20
	0x64
	0x65
	0x66
	0x69
	0x6e
	0x65
	0x73
	0x20
	0x74
	0x68
	0x65
	0x20
	0x74
	0x65
	0x72
	0x6d
	0x69
	0x6e
	0x6f
	0x6c
	0x6f
	0x67
	0x79
	0x20
	0x61
	0x6e
	0x64
	0x20
	0x66
	0x75
	0x6e
	0x63
	0x74
	0x69
	0x6f
	0x6e
	0x73
	0x20
	0x75
	0x73
	0x65
	0x64
	0x20
	0x61
	0x73
	0x20
	0x62
	0x75
	0x69
	0x6c
	0x64
	0x69
	0x6e
	0x67
	0x20
	0x62
	0x6c
	0x6f
	0x63
	0x6b
	0x73
	0x20
	0x74
	0x6f
	0x20
	0x66
	0x6f
	0x72
	0x6d
	0x20
	0x74
	0x68
	0x65
	0x73
	0x65
	0x20
	0x61
	0x6c
	0x67
	0x6f
	0x72
	0x69
	0x74
	0x68
	0x6d
	0x73
	0x2e
	0x20
	0x20
	0x53
	0x65
	0x63
	0x74
	0x69
	0x6f
	0x6e
	0x20
	0x33
	0x20
	0x64
	0x65
	0x73
	0x63
	0x72
	0x69
	0x62
	0x65
	0x73
	0x20
	0x74
	0x68
	0x65
	0x20
	0x66
	0x75
	0x6e
	0x64
	0x61
	0x6d
	0x65
	0x6e
	0x74
	0x61
	0x6c
	0x20
	0x6f
	0x70
	0x65
	0x72
	0x61
	0x74
	0x69
	0x6f
	0x6e
	0x73
	0x20
	0x6f
	0x6e
	0x20
	0x77
	0x6f
	0x72
	0x64
	0x73
	0x20
	0x66
	0x72
	0x6f
	0x6d
	0x20
	0x77
	0x68
	0x69
	0x63
	0x68
	0x20
	0x74
	0x68
	0x65
	0x73
	0x65
	0x20
	0x61
	0x6c
	0x67
	0x6f
	0x72
	0x69
	0x74
	0x68
	0x6d
	0x73
	0x20
	0x61
	0x72
	0x65
	0x20
	0x62
	0x75
	0x69
	0x6c
	0x74
	0x2e
	0x20
	0x20
	0x53
	0x65
	0x63
	0x74
	0x69
	0x6f
	0x6e
	0x20
	0x34
	0x20
	0x64
	0x65
	0x73
	0x63
	0x72
	0x69
	0x62
	0x65
	0x73
	0x20
	0x68
	0x6f
	0x77
	0x20
	0x6d
	0x65
	0x73
	0x73
	0x61
	0x67
	0x65
	0x73
	0x20
	0x61
	0x72
	0x65
	0x20
	0x70
	0x61
	0x64
	0x64
	0x65
	0x64
	0x20
	0x75
	0x70
	0x20
	0x74
	0x6f
	0x20
	0x61
	0x6e
	0x20
	0x69
	0x6e
	0x74
	0x65
	0x67
	0x72
	0x61
	0x6c
	0x20
	0x6d
	0x75
	0x6c
	0x74
	0x69
	0x70
	0x6c
	0x65
	0x20
	0x6f
	0x66
	0x20
	0x74
	0x68
	0x65
	0x20
	0x72
	0x65
	0x71
	0x75
	0x69
	0x72
	0x65
	0x64
	0x20
	0x62
	0x6c
	0x6f
	0x63
	0x6b
	0x20
	0x73
	0x69
	0x7a
	0x65
	0x20
	0x61
	0x6e
	0x64
	0x20
	0x74
	0x68
	0x65
	0x6e
	0x20
	0x70
	0x61
	0x72
	0x73
	0x65
	0x64
	0x20
	0x69
	0x6e
	0x74
	0x6f
	0x20
	0x62
	0x6c
	0x6f
	0x63
	0x6b
	0x73
	0x2e
	0x20
	0x20
	0x53
	0x65
	0x63
	0x74
	0x69
	0x6f
	0x6e
	0x20
	0x35
	0x20
	0x64
	0x65
	0x66
	0x69
	0x6e
	0x65
	0x73
	0x20
	0x74
	0x68
	0x65
	0x20
	0x63
	0x6f
	0x6e
	0x73
	0x74
	0x61
	0x6e
	0x74
	0x73
	0x20
	0x61
	0x6e
	0x64
	0x20
	0x74
	0x68
	0x65
	0x20
	0x63
	0x6f
	0x6d
	0x70
	0x6f
	0x73
	0x69
	0x74
	0x65
	0x20
	0x66
	0x75
	0x6e
	0x63
	0x74
	0x69
	0x6f
	0x6e
	0x73
	0x20
	0x75
	0x73
	0x65
	0x64
	0x20
	0x74
	0x6f
	0x20
	0x73
	0x70
	0x65
	0x63
	0x69
	0x66
	0x79
	0x20
	0x74
	0x68
	0x65
	0x73
	0x65
	0x20
	0x61
	0x6c
	0x67
	0x6f
	0x72
	0x69
	0x74
	0x68
	0x6d
	0x73
	0x2e
	0x20
	0x20
	0x53
	0x65
	0x63
	0x74
	0x69
	0x6f
	0x6e
	0x20
	0x36
	0x20
	0x67
	0x69
	0x76
	0x65
	0x73
	0x20
	0x74
	0x68
	0x65
	0x20
	0x61
	0x63
	0x74
	0x75
	0x61
	0x6c
	0x20
	0x73
	0x70
	0x65
	0x63
	0x69
	0x66
	0x69
	0x63
	0x61
	0x74
	0x69
	0x6f
	0x6e
	0x20
	0x66
	0x6f
	0x72
	0x20
	0x74
	0x68
	0x65
	0x20
	0x53
	0x48
	0x41
	0x2d
	0x32
	0x32
	0x34
	0x2c
	0x20
	0x53
	0x48
	0x41
	0x2d
	0x32
	0x35
	0x36
	0x2c
	0x20
	0x53
	0x48
	0x41
	0x2d
	0x33
	0x38
	0x34
	0x2c
	0x20
	0x61
	0x6e
	0x64
	0x20
	0x53
	0x48
	0x41
	0x2d
	0x35
	0x31
	0x32
	0x20
	0x66
	0x75
	0x6e
	0x63
	0x74
	0x69
	0x6f
	0x6e
	0x73
	0x2e
	0x20
	0x20
	0x53
	0x65
	0x63
	0x74
	0x69
	0x6f
	0x6e
	0x20
	0x37
	0x20
	0x70
	0x72
	0x6f
	0x76
	0x69
	0x64
	0x65
	0x73
	0x20
	0x70
	0x6f
	0x69
	0x6e
	0x74
	0x65
	0x72
	0x73
	0x20
	0x74
	0x6f
	0x20
	0x74
	0x68
	0x65
	0x20
	0x73
	0x70
	0x65
	0x63
	0x69
	0x66
	0x69
	0x63
	0x61
	0x74
	0x69
	0x6f
	0x6e
	0x20
	0x6f
	0x66
	0x20
	0x48
	0x4d
	0x41
	0x43
	0x20
	0x6b
	0x65
	0x79
	0x65
	0x64
	0x20
	0x6d
	0x65
	0x73
	0x73
	0x61
	0x67
	0x65
	0x20
	0x61
	0x75
	0x74
	0x68
	0x65
	0x6e
	0x74
	0x69
	0x63
	0x61
	0x74
	0x69
	0x6f
	0x6e
	0x20
	0x63
	0x6f
	0x64
	0x65
	0x73
	0x20
	0x62
	0x61
	0x73
	0x65
	0x64
	0x20
	0x6f
	0x6e
	0x20
	0x74
	0x68
	0x65
	0x20
	0x53
	0x48
	0x41
	0x20
	0x61
	0x6c
	0x67
	0x6f
	0x72
	0x69
	0x74
	0x68
	0x6d
	0x73
	0x2e
	0x20
	0x20
	0x53
	0x65
	0x63
	0x74
	0x69
	0x6f
	0x6e
	0x20
	0x38
	0x20
	0x67
	0x69
	0x76
	0x65
	0x73
	0x20
	0x73
	0x61
	0x6d
	0x70
	0x6c
	0x65
	0x20
	0x63
	0x6f
	0x64
	0x65
	0x20
	0x66
	0x6f
	0x72
	0x20
	0x74
	0x68
	0x65
	0x20
	0x53
	0x48
	0x41
	0x20
	0x61
	0x6c
	0x67
	0x6f
	0x72
	0x69
	0x74
	0x68
	0x6d
	0x73
	0x20
	0x61
	0x6e
	0x64
	0x20
	0x53
	0x65
	0x63
	0x74
	0x69
	0x6f
	0x6e
	0x20
	0x39
	0x20
	0x63
	0x6f
	0x64
	0x65
	0x20
	0x66
	0x6f
	0x72
	0x20
	0x53
	0x48
	0x41
	0x2d
	0x62
	0x61
	0x73
	0x65
	0x64
	0x20
	0x48
	0x4d
	0x41
	0x43
	0x73
	0x2e
	0x20
	0x20
	0x54
	0x68
	0x65
	0x20
	0x53
	0x48
	0x41
	0x2d
	0x62
	0x61
	0x73
	0x65
	0x64
	0x20
	0x48
	0x4d
	0x41
	0x43
	0x73
	0x20
	0x77
	0x69
	0x6c
	0x6c
	0x20
	0x61
	0x63
	0x63
	0x65
	0x70
	0x74
	0x20
	0x61
	0x72
	0x62
	0x69
	0x74
	0x72
	0x61
	0x72
	0x79
	0x20
	0x62
	0x69
	0x74
	0x20
	0x6c
	0x65
	0x6e
	0x67
	0x74
	0x68
	0x20
	0x74
	0x65
	0x78
	0x74
	0x2e
	0x0

.rodata_segment DMb   3427	   
.label expected_result
	0x32
	0x39
	0x31
	0x39
	0x32
	0x62
	0x37
	0x64
	0x39
	0x31
	0x64
	0x64
	0x38
	0x32
	0x37
	0x31
	0x30
	0x35
	0x32
	0x38
	0x33
	0x64
	0x62
	0x62
	0x32
	0x36
	0x34
	0x64
	0x37
	0x63
	0x36
	0x39
	0x30
	0x38
	0x66
	0x37
	0x61
	0x63
	0x36
	0x30
	0x35
	0x63
	0x32
	0x66
	0x32
	0x63
	0x39
	0x36
	0x61
	0x37
	0x31
	0x61
	0x64
	0x35
	0x30
	0x38
	0x39
	0x37
	0x66
	0x38
	0x61
	0x36
	0x34
	0x66
	0x0
.label __sha256___strb9b464ee
	0x25
	0x30
	0x32
	0x78
	0x0
.label __sha256___str008811f7
	0xa
	0x0
.label __sha256___str11913289
	0x53
	0x48
	0x41
	0x32
	0x35
	0x36
	0x20
	0x63
	0x61
	0x6c
	0x63
	0x75
	0x6c
	0x61
	0x74
	0x65
	0x64
	0x20
	0x72
	0x65
	0x73
	0x75
	0x6c
	0x74
	0x3a
	0xa
	0x0
.label __sha256___strcda77035
	0x53
	0x48
	0x41
	0x32
	0x35
	0x36
	0x20
	0x72
	0x65
	0x73
	0x75
	0x6c
	0x74
	0x20
	0x69
	0x73
	0x20
	0x63
	0x6f
	0x72
	0x72
	0x65
	0x63
	0x74
	0xa
	0x0
.label __sha256___strb18556b0
	0x53
	0x48
	0x41
	0x32
	0x35
	0x36
	0x20
	0x72
	0x65
	0x73
	0x75
	0x6c
	0x74
	0x20
	0x69
	0x73
	0x20
	0x69
	0x6e
	0x63
	0x6f
	0x72
	0x72
	0x65
	0x63
	0x74
	0xa
	0x0

.bss_segment DMb   3580	    256

.data_segment DMb   3836	   
.label __stdio__stdout
	0x0
	0x0
	0x0
	0x1
	0x0
	0x0
	0x0
	0x1
.label stdout
	0x0
	0x0
	0xe
	0xfc

.stack DMb 32768 65536
