
; File generated by darts version N-2018.03#7d02e3ca79#180723, Thu Feb 28 14:34:51 2019
; Copyright 2014-2018 Synopsys, Inc. All rights reserved.
; darts -B -I../lib +p -d -h -I../lib/runtime/include -I../../io_modules -I/CMC/tools/synopsys/asip_designer_vN-2018.03-SP3/linux64/chessdir/../examples/io_modules -D__tct_patch__=300 -L +Ihex Release/sha256.o tlx

; Release: ipd N-2018.03-SP3
.data_segment_name
.rodata local 1 __sha256___strb9b464ee DMb_stat
	0x25
	0x30
	0x32
	0x78
	0x0

.data_segment_name
.rodata local 1 __sha256___str008811f7 DMb_stat
	0xa
	0x0

.data_segment_name
.rodata local 1 __sha256___str11913289 DMb_stat
	0x53
	0x48
	0x41
	0x32
	0x35
	0x36
	0x20
	0x63
	0x61
	0x6c
	0x63
	0x75
	0x6c
	0x61
	0x74
	0x65
	0x64
	0x20
	0x72
	0x65
	0x73
	0x75
	0x6c
	0x74
	0x3a
	0xa
	0x0

.data_segment_name
.rodata local 1 __sha256___strcda77035 DMb_stat
	0x53
	0x48
	0x41
	0x32
	0x35
	0x36
	0x20
	0x72
	0x65
	0x73
	0x75
	0x6c
	0x74
	0x20
	0x69
	0x73
	0x20
	0x63
	0x6f
	0x72
	0x72
	0x65
	0x63
	0x74
	0xa
	0x0

.data_segment_name
.rodata local 1 __sha256___strb18556b0 DMb_stat
	0x53
	0x48
	0x41
	0x32
	0x35
	0x36
	0x20
	0x72
	0x65
	0x73
	0x75
	0x6c
	0x74
	0x20
	0x69
	0x73
	0x20
	0x69
	0x6e
	0x63
	0x6f
	0x72
	0x72
	0x65
	0x63
	0x74
	0xa
	0x0

.undef local data __sha256___strb9b464ee

.undef local data __sha256___str008811f7

.undef local data __sha256___strb9b464ee

.undef local data __sha256___str11913289

.undef local data __sha256___str008811f7

.undef local data __sha256___strcda77035

.undef local data __sha256___strb18556b0

.data_segment_name
.data global 4 k DMb_stat
	0x42
	0x8a
	0x2f
	0x98
	0x71
	0x37
	0x44
	0x91
	0xb5
	0xc0
	0xfb
	0xcf
	0xe9
	0xb5
	0xdb
	0xa5
	0x39
	0x56
	0xc2
	0x5b
	0x59
	0xf1
	0x11
	0xf1
	0x92
	0x3f
	0x82
	0xa4
	0xab
	0x1c
	0x5e
	0xd5
	0xd8
	0x7
	0xaa
	0x98
	0x12
	0x83
	0x5b
	0x1
	0x24
	0x31
	0x85
	0xbe
	0x55
	0xc
	0x7d
	0xc3
	0x72
	0xbe
	0x5d
	0x74
	0x80
	0xde
	0xb1
	0xfe
	0x9b
	0xdc
	0x6
	0xa7
	0xc1
	0x9b
	0xf1
	0x74
	0xe4
	0x9b
	0x69
	0xc1
	0xef
	0xbe
	0x47
	0x86
	0xf
	0xc1
	0x9d
	0xc6
	0x24
	0xc
	0xa1
	0xcc
	0x2d
	0xe9
	0x2c
	0x6f
	0x4a
	0x74
	0x84
	0xaa
	0x5c
	0xb0
	0xa9
	0xdc
	0x76
	0xf9
	0x88
	0xda
	0x98
	0x3e
	0x51
	0x52
	0xa8
	0x31
	0xc6
	0x6d
	0xb0
	0x3
	0x27
	0xc8
	0xbf
	0x59
	0x7f
	0xc7
	0xc6
	0xe0
	0xb
	0xf3
	0xd5
	0xa7
	0x91
	0x47
	0x6
	0xca
	0x63
	0x51
	0x14
	0x29
	0x29
	0x67
	0x27
	0xb7
	0xa
	0x85
	0x2e
	0x1b
	0x21
	0x38
	0x4d
	0x2c
	0x6d
	0xfc
	0x53
	0x38
	0xd
	0x13
	0x65
	0xa
	0x73
	0x54
	0x76
	0x6a
	0xa
	0xbb
	0x81
	0xc2
	0xc9
	0x2e
	0x92
	0x72
	0x2c
	0x85
	0xa2
	0xbf
	0xe8
	0xa1
	0xa8
	0x1a
	0x66
	0x4b
	0xc2
	0x4b
	0x8b
	0x70
	0xc7
	0x6c
	0x51
	0xa3
	0xd1
	0x92
	0xe8
	0x19
	0xd6
	0x99
	0x6
	0x24
	0xf4
	0xe
	0x35
	0x85
	0x10
	0x6a
	0xa0
	0x70
	0x19
	0xa4
	0xc1
	0x16
	0x1e
	0x37
	0x6c
	0x8
	0x27
	0x48
	0x77
	0x4c
	0x34
	0xb0
	0xbc
	0xb5
	0x39
	0x1c
	0xc
	0xb3
	0x4e
	0xd8
	0xaa
	0x4a
	0x5b
	0x9c
	0xca
	0x4f
	0x68
	0x2e
	0x6f
	0xf3
	0x74
	0x8f
	0x82
	0xee
	0x78
	0xa5
	0x63
	0x6f
	0x84
	0xc8
	0x78
	0x14
	0x8c
	0xc7
	0x2
	0x8
	0x90
	0xbe
	0xff
	0xfa
	0xa4
	0x50
	0x6c
	0xeb
	0xbe
	0xf9
	0xa3
	0xf7
	0xc6
	0x71
	0x78
	0xf2

.data_segment_name
.data global 4 input_text DMb
	0x54
	0x68
	0x65
	0x20
	0x55
	0x6e
	0x69
	0x74
	0x65
	0x64
	0x20
	0x53
	0x74
	0x61
	0x74
	0x65
	0x73
	0x20
	0x6f
	0x66
	0x20
	0x41
	0x6d
	0x65
	0x72
	0x69
	0x63
	0x61
	0x20
	0x68
	0x61
	0x73
	0x20
	0x61
	0x64
	0x6f
	0x70
	0x74
	0x65
	0x64
	0x20
	0x61
	0x20
	0x73
	0x75
	0x69
	0x74
	0x65
	0x20
	0x6f
	0x66
	0x20
	0x53
	0x65
	0x63
	0x75
	0x72
	0x65
	0x20
	0x48
	0x61
	0x73
	0x68
	0x20
	0x41
	0x6c
	0x67
	0x6f
	0x72
	0x69
	0x74
	0x68
	0x6d
	0x73
	0x20
	0x28
	0x53
	0x48
	0x41
	0x73
	0x29
	0x2c
	0x20
	0x69
	0x6e
	0x63
	0x6c
	0x75
	0x64
	0x69
	0x6e
	0x67
	0x20
	0x66
	0x6f
	0x75
	0x72
	0x20
	0x62
	0x65
	0x79
	0x6f
	0x6e
	0x64
	0x20
	0x53
	0x48
	0x41
	0x2d
	0x31
	0x2c
	0x20
	0x61
	0x73
	0x20
	0x70
	0x61
	0x72
	0x74
	0x20
	0x6f
	0x66
	0x20
	0x61
	0x20
	0x46
	0x65
	0x64
	0x65
	0x72
	0x61
	0x6c
	0x20
	0x49
	0x6e
	0x66
	0x6f
	0x72
	0x6d
	0x61
	0x74
	0x69
	0x6f
	0x6e
	0x20
	0x50
	0x72
	0x6f
	0x63
	0x65
	0x73
	0x73
	0x69
	0x6e
	0x67
	0x20
	0x53
	0x74
	0x61
	0x6e
	0x64
	0x61
	0x72
	0x64
	0x20
	0x28
	0x46
	0x49
	0x50
	0x53
	0x29
	0x2c
	0x20
	0x73
	0x70
	0x65
	0x63
	0x69
	0x66
	0x69
	0x63
	0x61
	0x6c
	0x6c
	0x79
	0x20
	0x53
	0x48
	0x41
	0x2d
	0x32
	0x32
	0x34
	0x20
	0x28
	0x52
	0x46
	0x43
	0x20
	0x33
	0x38
	0x37
	0x34
	0x29
	0x2c
	0x20
	0x53
	0x48
	0x41
	0x2d
	0x32
	0x35
	0x36
	0x2c
	0x20
	0x53
	0x48
	0x41
	0x2d
	0x33
	0x38
	0x34
	0x2c
	0x20
	0x61
	0x6e
	0x64
	0x20
	0x53
	0x48
	0x41
	0x2d
	0x35
	0x31
	0x32
	0x2e
	0x20
	0x20
	0x54
	0x68
	0x65
	0x20
	0x70
	0x75
	0x72
	0x70
	0x6f
	0x73
	0x65
	0x20
	0x6f
	0x66
	0x20
	0x74
	0x68
	0x69
	0x73
	0x20
	0x64
	0x6f
	0x63
	0x75
	0x6d
	0x65
	0x6e
	0x74
	0x20
	0x69
	0x73
	0x20
	0x74
	0x6f
	0x20
	0x6d
	0x61
	0x6b
	0x65
	0x20
	0x73
	0x6f
	0x75
	0x72
	0x63
	0x65
	0x20
	0x63
	0x6f
	0x64
	0x65
	0x20
	0x70
	0x65
	0x72
	0x66
	0x6f
	0x72
	0x6d
	0x69
	0x6e
	0x67
	0x20
	0x74
	0x68
	0x65
	0x73
	0x65
	0x20
	0x68
	0x61
	0x73
	0x68
	0x20
	0x66
	0x75
	0x6e
	0x63
	0x74
	0x69
	0x6f
	0x6e
	0x73
	0x20
	0x63
	0x6f
	0x6e
	0x76
	0x65
	0x6e
	0x69
	0x65
	0x6e
	0x74
	0x6c
	0x79
	0x20
	0x61
	0x76
	0x61
	0x69
	0x6c
	0x61
	0x62
	0x6c
	0x65
	0x20
	0x74
	0x6f
	0x20
	0x74
	0x68
	0x65
	0x20
	0x49
	0x6e
	0x74
	0x65
	0x72
	0x6e
	0x65
	0x74
	0x20
	0x63
	0x6f
	0x6d
	0x6d
	0x75
	0x6e
	0x69
	0x74
	0x79
	0x2e
	0x20
	0x20
	0x54
	0x68
	0x65
	0x20
	0x73
	0x61
	0x6d
	0x70
	0x6c
	0x65
	0x20
	0x63
	0x6f
	0x64
	0x65
	0x20
	0x73
	0x75
	0x70
	0x70
	0x6f
	0x72
	0x74
	0x73
	0x20
	0x69
	0x6e
	0x70
	0x75
	0x74
	0x20
	0x73
	0x74
	0x72
	0x69
	0x6e
	0x67
	0x73
	0x20
	0x6f
	0x66
	0x20
	0x61
	0x72
	0x62
	0x69
	0x74
	0x72
	0x61
	0x72
	0x79
	0x20
	0x62
	0x69
	0x74
	0x20
	0x6c
	0x65
	0x6e
	0x67
	0x74
	0x68
	0x2e
	0x20
	0x20
	0x53
	0x48
	0x41
	0x2d
	0x31
	0x27
	0x73
	0x20
	0x73
	0x61
	0x6d
	0x70
	0x6c
	0x65
	0x20
	0x63
	0x6f
	0x64
	0x65
	0x20
	0x66
	0x72
	0x6f
	0x6d
	0x20
	0x52
	0x46
	0x43
	0x20
	0x33
	0x31
	0x37
	0x34
	0x20
	0x68
	0x61
	0x73
	0x20
	0x61
	0x6c
	0x73
	0x6f
	0x20
	0x62
	0x65
	0x65
	0x6e
	0x20
	0x75
	0x70
	0x64
	0x61
	0x74
	0x65
	0x64
	0x20
	0x74
	0x6f
	0x20
	0x68
	0x61
	0x6e
	0x64
	0x6c
	0x65
	0x20
	0x69
	0x6e
	0x70
	0x75
	0x74
	0x20
	0x73
	0x74
	0x72
	0x69
	0x6e
	0x67
	0x73
	0x20
	0x6f
	0x66
	0x20
	0x61
	0x72
	0x62
	0x69
	0x74
	0x72
	0x61
	0x72
	0x79
	0x20
	0x62
	0x69
	0x74
	0x20
	0x6c
	0x65
	0x6e
	0x67
	0x74
	0x68
	0x2e
	0x20
	0x20
	0x4d
	0x6f
	0x73
	0x74
	0x20
	0x6f
	0x66
	0x20
	0x74
	0x68
	0x65
	0x20
	0x74
	0x65
	0x78
	0x74
	0x20
	0x68
	0x65
	0x72
	0x65
	0x69
	0x6e
	0x20
	0x77
	0x61
	0x73
	0x20
	0x61
	0x64
	0x61
	0x70
	0x74
	0x65
	0x64
	0x20
	0x62
	0x79
	0x20
	0x74
	0x68
	0x65
	0x20
	0x61
	0x75
	0x74
	0x68
	0x6f
	0x72
	0x73
	0x20
	0x66
	0x72
	0x6f
	0x6d
	0x20
	0x46
	0x49
	0x50
	0x53
	0x20
	0x31
	0x38
	0x30
	0x2d
	0x32
	0x2e
	0x20
	0x20
	0x43
	0x6f
	0x64
	0x65
	0x20
	0x74
	0x6f
	0x20
	0x70
	0x65
	0x72
	0x66
	0x6f
	0x72
	0x6d
	0x20
	0x53
	0x48
	0x41
	0x2d
	0x62
	0x61
	0x73
	0x65
	0x64
	0x20
	0x48
	0x4d
	0x41
	0x43
	0x73
	0x2c
	0x20
	0x77
	0x69
	0x74
	0x68
	0x20
	0x61
	0x72
	0x62
	0x69
	0x74
	0x72
	0x61
	0x72
	0x79
	0x20
	0x62
	0x69
	0x74
	0x20
	0x6c
	0x65
	0x6e
	0x67
	0x74
	0x68
	0x20
	0x74
	0x65
	0x78
	0x74
	0x2c
	0x20
	0x69
	0x73
	0x20
	0x61
	0x6c
	0x73
	0x6f
	0x20
	0x69
	0x6e
	0x63
	0x6c
	0x75
	0x64
	0x65
	0x64
	0x2e
	0x20
	0x20
	0x4e
	0x4f
	0x54
	0x45
	0x3a
	0x20
	0x4d
	0x75
	0x63
	0x68
	0x20
	0x6f
	0x66
	0x20
	0x74
	0x68
	0x65
	0x20
	0x74
	0x65
	0x78
	0x74
	0x20
	0x62
	0x65
	0x6c
	0x6f
	0x77
	0x20
	0x69
	0x73
	0x20
	0x74
	0x61
	0x6b
	0x65
	0x6e
	0x20
	0x66
	0x72
	0x6f
	0x6d
	0x20
	0x5b
	0x46
	0x49
	0x50
	0x53
	0x31
	0x38
	0x30
	0x2d
	0x32
	0x5d
	0x20
	0x61
	0x6e
	0x64
	0x20
	0x61
	0x73
	0x73
	0x65
	0x72
	0x74
	0x69
	0x6f
	0x6e
	0x73
	0x20
	0x74
	0x68
	0x65
	0x72
	0x65
	0x69
	0x6e
	0x20
	0x6f
	0x66
	0x20
	0x74
	0x68
	0x65
	0x20
	0x73
	0x65
	0x63
	0x75
	0x72
	0x69
	0x74
	0x79
	0x20
	0x6f
	0x66
	0x20
	0x74
	0x68
	0x65
	0x20
	0x61
	0x6c
	0x67
	0x6f
	0x72
	0x69
	0x74
	0x68
	0x6d
	0x73
	0x20
	0x64
	0x65
	0x73
	0x63
	0x72
	0x69
	0x62
	0x65
	0x64
	0x20
	0x61
	0x72
	0x65
	0x20
	0x6d
	0x61
	0x64
	0x65
	0x20
	0x62
	0x79
	0x20
	0x74
	0x68
	0x65
	0x20
	0x55
	0x53
	0x20
	0x47
	0x6f
	0x76
	0x65
	0x72
	0x6e
	0x6d
	0x65
	0x6e
	0x74
	0x2c
	0x20
	0x74
	0x68
	0x65
	0x20
	0x61
	0x75
	0x74
	0x68
	0x6f
	0x72
	0x20
	0x6f
	0x66
	0x20
	0x5b
	0x46
	0x49
	0x50
	0x53
	0x31
	0x38
	0x30
	0x2d
	0x32
	0x5d
	0x2c
	0x20
	0x61
	0x6e
	0x64
	0x20
	0x6e
	0x6f
	0x74
	0x20
	0x62
	0x79
	0x20
	0x74
	0x68
	0x65
	0x20
	0x61
	0x75
	0x74
	0x68
	0x6f
	0x72
	0x73
	0x20
	0x6f
	0x66
	0x20
	0x74
	0x68
	0x69
	0x73
	0x20
	0x64
	0x6f
	0x63
	0x75
	0x6d
	0x65
	0x6e
	0x74
	0x2e
	0x20
	0x20
	0x54
	0x68
	0x65
	0x20
	0x74
	0x65
	0x78
	0x74
	0x20
	0x62
	0x65
	0x6c
	0x6f
	0x77
	0x20
	0x73
	0x70
	0x65
	0x63
	0x69
	0x66
	0x69
	0x65
	0x73
	0x20
	0x53
	0x65
	0x63
	0x75
	0x72
	0x65
	0x20
	0x48
	0x61
	0x73
	0x68
	0x20
	0x41
	0x6c
	0x67
	0x6f
	0x72
	0x69
	0x74
	0x68
	0x6d
	0x73
	0x2c
	0x20
	0x53
	0x48
	0x41
	0x2d
	0x32
	0x32
	0x34
	0x20
	0x5b
	0x52
	0x46
	0x43
	0x33
	0x38
	0x37
	0x34
	0x5d
	0x2c
	0x20
	0x53
	0x48
	0x41
	0x2d
	0x32
	0x35
	0x36
	0x2c
	0x20
	0x53
	0x48
	0x41
	0x2d
	0x33
	0x38
	0x34
	0x2c
	0x20
	0x61
	0x6e
	0x64
	0x20
	0x53
	0x48
	0x41
	0x2d
	0x35
	0x31
	0x32
	0x2c
	0x20
	0x66
	0x6f
	0x72
	0x20
	0x63
	0x6f
	0x6d
	0x70
	0x75
	0x74
	0x69
	0x6e
	0x67
	0x20
	0x61
	0x20
	0x63
	0x6f
	0x6e
	0x64
	0x65
	0x6e
	0x73
	0x65
	0x64
	0x20
	0x72
	0x65
	0x70
	0x72
	0x65
	0x73
	0x65
	0x6e
	0x74
	0x61
	0x74
	0x69
	0x6f
	0x6e
	0x20
	0x6f
	0x66
	0x20
	0x61
	0x20
	0x6d
	0x65
	0x73
	0x73
	0x61
	0x67
	0x65
	0x20
	0x6f
	0x72
	0x20
	0x61
	0x20
	0x64
	0x61
	0x74
	0x61
	0x20
	0x66
	0x69
	0x6c
	0x65
	0x2e
	0x20
	0x28
	0x53
	0x48
	0x41
	0x2d
	0x31
	0x20
	0x69
	0x73
	0x20
	0x73
	0x70
	0x65
	0x63
	0x69
	0x66
	0x69
	0x65
	0x64
	0x20
	0x69
	0x6e
	0x20
	0x5b
	0x52
	0x46
	0x43
	0x33
	0x31
	0x37
	0x34
	0x5d
	0x2e
	0x29
	0x20
	0x20
	0x57
	0x68
	0x65
	0x6e
	0x20
	0x61
	0x20
	0x6d
	0x65
	0x73
	0x73
	0x61
	0x67
	0x65
	0x20
	0x6f
	0x66
	0x20
	0x61
	0x6e
	0x79
	0x20
	0x6c
	0x65
	0x6e
	0x67
	0x74
	0x68
	0x20
	0x3c
	0x20
	0x32
	0x5e
	0x36
	0x34
	0x20
	0x62
	0x69
	0x74
	0x73
	0x20
	0x28
	0x66
	0x6f
	0x72
	0x20
	0x53
	0x48
	0x41
	0x2d
	0x32
	0x32
	0x34
	0x20
	0x61
	0x6e
	0x64
	0x20
	0x53
	0x48
	0x41
	0x2d
	0x32
	0x35
	0x36
	0x29
	0x20
	0x6f
	0x72
	0x20
	0x3c
	0x20
	0x32
	0x5e
	0x31
	0x32
	0x38
	0x20
	0x62
	0x69
	0x74
	0x73
	0x20
	0x28
	0x66
	0x6f
	0x72
	0x20
	0x53
	0x48
	0x41
	0x2d
	0x33
	0x38
	0x34
	0x20
	0x61
	0x6e
	0x64
	0x20
	0x53
	0x48
	0x41
	0x2d
	0x35
	0x31
	0x32
	0x29
	0x20
	0x69
	0x73
	0x20
	0x69
	0x6e
	0x70
	0x75
	0x74
	0x20
	0x74
	0x6f
	0x20
	0x6f
	0x6e
	0x65
	0x20
	0x6f
	0x66
	0x20
	0x74
	0x68
	0x65
	0x73
	0x65
	0x20
	0x61
	0x6c
	0x67
	0x6f
	0x72
	0x69
	0x74
	0x68
	0x6d
	0x73
	0x2c
	0x20
	0x74
	0x68
	0x65
	0x20
	0x72
	0x65
	0x73
	0x75
	0x6c
	0x74
	0x20
	0x69
	0x73
	0x20
	0x61
	0x6e
	0x20
	0x6f
	0x75
	0x74
	0x70
	0x75
	0x74
	0x20
	0x63
	0x61
	0x6c
	0x6c
	0x65
	0x64
	0x20
	0x61
	0x20
	0x6d
	0x65
	0x73
	0x73
	0x61
	0x67
	0x65
	0x20
	0x64
	0x69
	0x67
	0x65
	0x73
	0x74
	0x2e
	0x20
	0x20
	0x54
	0x68
	0x65
	0x20
	0x6d
	0x65
	0x73
	0x73
	0x61
	0x67
	0x65
	0x20
	0x64
	0x69
	0x67
	0x65
	0x73
	0x74
	0x73
	0x20
	0x72
	0x61
	0x6e
	0x67
	0x65
	0x20
	0x69
	0x6e
	0x20
	0x6c
	0x65
	0x6e
	0x67
	0x74
	0x68
	0x20
	0x66
	0x72
	0x6f
	0x6d
	0x20
	0x32
	0x32
	0x34
	0x20
	0x74
	0x6f
	0x20
	0x35
	0x31
	0x32
	0x20
	0x62
	0x69
	0x74
	0x73
	0x2c
	0x20
	0x64
	0x65
	0x70
	0x65
	0x6e
	0x64
	0x69
	0x6e
	0x67
	0x20
	0x6f
	0x6e
	0x20
	0x74
	0x68
	0x65
	0x20
	0x61
	0x6c
	0x67
	0x6f
	0x72
	0x69
	0x74
	0x68
	0x6d
	0x2e
	0x20
	0x20
	0x53
	0x65
	0x63
	0x75
	0x72
	0x65
	0x20
	0x68
	0x61
	0x73
	0x68
	0x20
	0x61
	0x6c
	0x67
	0x6f
	0x72
	0x69
	0x74
	0x68
	0x6d
	0x73
	0x20
	0x61
	0x72
	0x65
	0x20
	0x74
	0x79
	0x70
	0x69
	0x63
	0x61
	0x6c
	0x6c
	0x79
	0x20
	0x75
	0x73
	0x65
	0x64
	0x20
	0x77
	0x69
	0x74
	0x68
	0x20
	0x6f
	0x74
	0x68
	0x65
	0x72
	0x20
	0x63
	0x72
	0x79
	0x70
	0x74
	0x6f
	0x67
	0x72
	0x61
	0x70
	0x68
	0x69
	0x63
	0x20
	0x61
	0x6c
	0x67
	0x6f
	0x72
	0x69
	0x74
	0x68
	0x6d
	0x73
	0x2c
	0x20
	0x73
	0x75
	0x63
	0x68
	0x20
	0x61
	0x73
	0x20
	0x64
	0x69
	0x67
	0x69
	0x74
	0x61
	0x6c
	0x20
	0x73
	0x69
	0x67
	0x6e
	0x61
	0x74
	0x75
	0x72
	0x65
	0x20
	0x61
	0x6c
	0x67
	0x6f
	0x72
	0x69
	0x74
	0x68
	0x6d
	0x73
	0x20
	0x61
	0x6e
	0x64
	0x20
	0x6b
	0x65
	0x79
	0x65
	0x64
	0x20
	0x68
	0x61
	0x73
	0x68
	0x20
	0x61
	0x75
	0x74
	0x68
	0x65
	0x6e
	0x74
	0x69
	0x63
	0x61
	0x74
	0x69
	0x6f
	0x6e
	0x20
	0x63
	0x6f
	0x64
	0x65
	0x73
	0x2c
	0x20
	0x6f
	0x72
	0x20
	0x69
	0x6e
	0x20
	0x74
	0x68
	0x65
	0x20
	0x67
	0x65
	0x6e
	0x65
	0x72
	0x61
	0x74
	0x69
	0x6f
	0x6e
	0x20
	0x6f
	0x66
	0x20
	0x72
	0x61
	0x6e
	0x64
	0x6f
	0x6d
	0x20
	0x6e
	0x75
	0x6d
	0x62
	0x65
	0x72
	0x73
	0x20
	0x5b
	0x52
	0x46
	0x43
	0x34
	0x30
	0x38
	0x36
	0x5d
	0x2e
	0x20
	0x20
	0x54
	0x68
	0x65
	0x20
	0x66
	0x6f
	0x75
	0x72
	0x20
	0x61
	0x6c
	0x67
	0x6f
	0x72
	0x69
	0x74
	0x68
	0x6d
	0x73
	0x20
	0x73
	0x70
	0x65
	0x63
	0x69
	0x66
	0x69
	0x65
	0x64
	0x20
	0x69
	0x6e
	0x20
	0x74
	0x68
	0x69
	0x73
	0x20
	0x64
	0x6f
	0x63
	0x75
	0x6d
	0x65
	0x6e
	0x74
	0x20
	0x61
	0x72
	0x65
	0x20
	0x63
	0x61
	0x6c
	0x6c
	0x65
	0x64
	0x20
	0x73
	0x65
	0x63
	0x75
	0x72
	0x65
	0x20
	0x62
	0x65
	0x63
	0x61
	0x75
	0x73
	0x65
	0x20
	0x69
	0x74
	0x20
	0x69
	0x73
	0x20
	0x63
	0x6f
	0x6d
	0x70
	0x75
	0x74
	0x61
	0x74
	0x69
	0x6f
	0x6e
	0x61
	0x6c
	0x6c
	0x79
	0x20
	0x69
	0x6e
	0x66
	0x65
	0x61
	0x73
	0x69
	0x62
	0x6c
	0x65
	0x20
	0x74
	0x6f
	0x20
	0x28
	0x31
	0x29
	0x20
	0x66
	0x69
	0x6e
	0x64
	0x20
	0x61
	0x20
	0x6d
	0x65
	0x73
	0x73
	0x61
	0x67
	0x65
	0x20
	0x74
	0x68
	0x61
	0x74
	0x20
	0x63
	0x6f
	0x72
	0x72
	0x65
	0x73
	0x70
	0x6f
	0x6e
	0x64
	0x73
	0x20
	0x74
	0x6f
	0x20
	0x61
	0x20
	0x67
	0x69
	0x76
	0x65
	0x6e
	0x20
	0x6d
	0x65
	0x73
	0x73
	0x61
	0x67
	0x65
	0x20
	0x64
	0x69
	0x67
	0x65
	0x73
	0x74
	0x2c
	0x20
	0x6f
	0x72
	0x20
	0x28
	0x32
	0x29
	0x20
	0x66
	0x69
	0x6e
	0x64
	0x20
	0x74
	0x77
	0x6f
	0x20
	0x64
	0x69
	0x66
	0x66
	0x65
	0x72
	0x65
	0x6e
	0x74
	0x20
	0x6d
	0x65
	0x73
	0x73
	0x61
	0x67
	0x65
	0x73
	0x20
	0x74
	0x68
	0x61
	0x74
	0x20
	0x70
	0x72
	0x6f
	0x64
	0x75
	0x63
	0x65
	0x20
	0x74
	0x68
	0x65
	0x20
	0x73
	0x61
	0x6d
	0x65
	0x20
	0x6d
	0x65
	0x73
	0x73
	0x61
	0x67
	0x65
	0x20
	0x64
	0x69
	0x67
	0x65
	0x73
	0x74
	0x2e
	0x20
	0x20
	0x41
	0x6e
	0x79
	0x20
	0x63
	0x68
	0x61
	0x6e
	0x67
	0x65
	0x20
	0x74
	0x6f
	0x20
	0x61
	0x20
	0x6d
	0x65
	0x73
	0x73
	0x61
	0x67
	0x65
	0x20
	0x69
	0x6e
	0x20
	0x74
	0x72
	0x61
	0x6e
	0x73
	0x69
	0x74
	0x20
	0x77
	0x69
	0x6c
	0x6c
	0x2c
	0x20
	0x77
	0x69
	0x74
	0x68
	0x20
	0x76
	0x65
	0x72
	0x79
	0x20
	0x68
	0x69
	0x67
	0x68
	0x20
	0x70
	0x72
	0x6f
	0x62
	0x61
	0x62
	0x69
	0x6c
	0x69
	0x74
	0x79
	0x2c
	0x20
	0x72
	0x65
	0x73
	0x75
	0x6c
	0x74
	0x20
	0x69
	0x6e
	0x20
	0x61
	0x20
	0x64
	0x69
	0x66
	0x66
	0x65
	0x72
	0x65
	0x6e
	0x74
	0x20
	0x6d
	0x65
	0x73
	0x73
	0x61
	0x67
	0x65
	0x20
	0x64
	0x69
	0x67
	0x65
	0x73
	0x74
	0x2e
	0x20
	0x20
	0x54
	0x68
	0x69
	0x73
	0x20
	0x77
	0x69
	0x6c
	0x6c
	0x20
	0x72
	0x65
	0x73
	0x75
	0x6c
	0x74
	0x20
	0x69
	0x6e
	0x20
	0x61
	0x20
	0x76
	0x65
	0x72
	0x69
	0x66
	0x69
	0x63
	0x61
	0x74
	0x69
	0x6f
	0x6e
	0x20
	0x66
	0x61
	0x69
	0x6c
	0x75
	0x72
	0x65
	0x20
	0x77
	0x68
	0x65
	0x6e
	0x20
	0x74
	0x68
	0x65
	0x20
	0x73
	0x65
	0x63
	0x75
	0x72
	0x65
	0x20
	0x68
	0x61
	0x73
	0x68
	0x20
	0x61
	0x6c
	0x67
	0x6f
	0x72
	0x69
	0x74
	0x68
	0x6d
	0x20
	0x69
	0x73
	0x20
	0x75
	0x73
	0x65
	0x64
	0x20
	0x77
	0x69
	0x74
	0x68
	0x20
	0x61
	0x20
	0x64
	0x69
	0x67
	0x69
	0x74
	0x61
	0x6c
	0x20
	0x73
	0x69
	0x67
	0x6e
	0x61
	0x74
	0x75
	0x72
	0x65
	0x20
	0x61
	0x6c
	0x67
	0x6f
	0x72
	0x69
	0x74
	0x68
	0x6d
	0x20
	0x6f
	0x72
	0x20
	0x61
	0x20
	0x6b
	0x65
	0x79
	0x65
	0x64
	0x2d
	0x68
	0x61
	0x73
	0x68
	0x20
	0x6d
	0x65
	0x73
	0x73
	0x61
	0x67
	0x65
	0x20
	0x61
	0x75
	0x74
	0x68
	0x65
	0x6e
	0x74
	0x69
	0x63
	0x61
	0x74
	0x69
	0x6f
	0x6e
	0x20
	0x61
	0x6c
	0x67
	0x6f
	0x72
	0x69
	0x74
	0x68
	0x6d
	0x2e
	0x20
	0x20
	0x54
	0x68
	0x65
	0x20
	0x63
	0x6f
	0x64
	0x65
	0x20
	0x70
	0x72
	0x6f
	0x76
	0x69
	0x64
	0x65
	0x64
	0x20
	0x68
	0x65
	0x72
	0x65
	0x69
	0x6e
	0x20
	0x73
	0x75
	0x70
	0x70
	0x6f
	0x72
	0x74
	0x73
	0x20
	0x69
	0x6e
	0x70
	0x75
	0x74
	0x20
	0x73
	0x74
	0x72
	0x69
	0x6e
	0x67
	0x73
	0x20
	0x6f
	0x66
	0x20
	0x61
	0x72
	0x62
	0x69
	0x74
	0x72
	0x61
	0x72
	0x79
	0x20
	0x62
	0x69
	0x74
	0x20
	0x6c
	0x65
	0x6e
	0x67
	0x74
	0x68
	0x2e
	0x20
	0x20
	0x53
	0x48
	0x41
	0x2d
	0x31
	0x27
	0x73
	0x20
	0x73
	0x61
	0x6d
	0x70
	0x6c
	0x65
	0x20
	0x63
	0x6f
	0x64
	0x65
	0x20
	0x66
	0x72
	0x6f
	0x6d
	0x20
	0x5b
	0x52
	0x46
	0x43
	0x33
	0x31
	0x37
	0x34
	0x5d
	0x20
	0x68
	0x61
	0x73
	0x20
	0x61
	0x6c
	0x73
	0x6f
	0x20
	0x62
	0x65
	0x65
	0x6e
	0x20
	0x75
	0x70
	0x64
	0x61
	0x74
	0x65
	0x64
	0x20
	0x74
	0x6f
	0x20
	0x68
	0x61
	0x6e
	0x64
	0x6c
	0x65
	0x20
	0x69
	0x6e
	0x70
	0x75
	0x74
	0x20
	0x73
	0x74
	0x72
	0x69
	0x6e
	0x67
	0x73
	0x20
	0x6f
	0x66
	0x20
	0x61
	0x72
	0x62
	0x69
	0x74
	0x72
	0x61
	0x72
	0x79
	0x20
	0x62
	0x69
	0x74
	0x20
	0x6c
	0x65
	0x6e
	0x67
	0x74
	0x68
	0x2e
	0x20
	0x20
	0x53
	0x65
	0x65
	0x20
	0x53
	0x65
	0x63
	0x74
	0x69
	0x6f
	0x6e
	0x20
	0x31
	0x2e
	0x31
	0x20
	0x66
	0x6f
	0x72
	0x20
	0x6c
	0x69
	0x63
	0x65
	0x6e
	0x73
	0x65
	0x20
	0x69
	0x6e
	0x66
	0x6f
	0x72
	0x6d
	0x61
	0x74
	0x69
	0x6f
	0x6e
	0x20
	0x66
	0x6f
	0x72
	0x20
	0x74
	0x68
	0x69
	0x73
	0x20
	0x63
	0x6f
	0x64
	0x65
	0x2e
	0x20
	0x20
	0x53
	0x65
	0x63
	0x74
	0x69
	0x6f
	0x6e
	0x20
	0x32
	0x20
	0x62
	0x65
	0x6c
	0x6f
	0x77
	0x20
	0x64
	0x65
	0x66
	0x69
	0x6e
	0x65
	0x73
	0x20
	0x74
	0x68
	0x65
	0x20
	0x74
	0x65
	0x72
	0x6d
	0x69
	0x6e
	0x6f
	0x6c
	0x6f
	0x67
	0x79
	0x20
	0x61
	0x6e
	0x64
	0x20
	0x66
	0x75
	0x6e
	0x63
	0x74
	0x69
	0x6f
	0x6e
	0x73
	0x20
	0x75
	0x73
	0x65
	0x64
	0x20
	0x61
	0x73
	0x20
	0x62
	0x75
	0x69
	0x6c
	0x64
	0x69
	0x6e
	0x67
	0x20
	0x62
	0x6c
	0x6f
	0x63
	0x6b
	0x73
	0x20
	0x74
	0x6f
	0x20
	0x66
	0x6f
	0x72
	0x6d
	0x20
	0x74
	0x68
	0x65
	0x73
	0x65
	0x20
	0x61
	0x6c
	0x67
	0x6f
	0x72
	0x69
	0x74
	0x68
	0x6d
	0x73
	0x2e
	0x20
	0x20
	0x53
	0x65
	0x63
	0x74
	0x69
	0x6f
	0x6e
	0x20
	0x33
	0x20
	0x64
	0x65
	0x73
	0x63
	0x72
	0x69
	0x62
	0x65
	0x73
	0x20
	0x74
	0x68
	0x65
	0x20
	0x66
	0x75
	0x6e
	0x64
	0x61
	0x6d
	0x65
	0x6e
	0x74
	0x61
	0x6c
	0x20
	0x6f
	0x70
	0x65
	0x72
	0x61
	0x74
	0x69
	0x6f
	0x6e
	0x73
	0x20
	0x6f
	0x6e
	0x20
	0x77
	0x6f
	0x72
	0x64
	0x73
	0x20
	0x66
	0x72
	0x6f
	0x6d
	0x20
	0x77
	0x68
	0x69
	0x63
	0x68
	0x20
	0x74
	0x68
	0x65
	0x73
	0x65
	0x20
	0x61
	0x6c
	0x67
	0x6f
	0x72
	0x69
	0x74
	0x68
	0x6d
	0x73
	0x20
	0x61
	0x72
	0x65
	0x20
	0x62
	0x75
	0x69
	0x6c
	0x74
	0x2e
	0x20
	0x20
	0x53
	0x65
	0x63
	0x74
	0x69
	0x6f
	0x6e
	0x20
	0x34
	0x20
	0x64
	0x65
	0x73
	0x63
	0x72
	0x69
	0x62
	0x65
	0x73
	0x20
	0x68
	0x6f
	0x77
	0x20
	0x6d
	0x65
	0x73
	0x73
	0x61
	0x67
	0x65
	0x73
	0x20
	0x61
	0x72
	0x65
	0x20
	0x70
	0x61
	0x64
	0x64
	0x65
	0x64
	0x20
	0x75
	0x70
	0x20
	0x74
	0x6f
	0x20
	0x61
	0x6e
	0x20
	0x69
	0x6e
	0x74
	0x65
	0x67
	0x72
	0x61
	0x6c
	0x20
	0x6d
	0x75
	0x6c
	0x74
	0x69
	0x70
	0x6c
	0x65
	0x20
	0x6f
	0x66
	0x20
	0x74
	0x68
	0x65
	0x20
	0x72
	0x65
	0x71
	0x75
	0x69
	0x72
	0x65
	0x64
	0x20
	0x62
	0x6c
	0x6f
	0x63
	0x6b
	0x20
	0x73
	0x69
	0x7a
	0x65
	0x20
	0x61
	0x6e
	0x64
	0x20
	0x74
	0x68
	0x65
	0x6e
	0x20
	0x70
	0x61
	0x72
	0x73
	0x65
	0x64
	0x20
	0x69
	0x6e
	0x74
	0x6f
	0x20
	0x62
	0x6c
	0x6f
	0x63
	0x6b
	0x73
	0x2e
	0x20
	0x20
	0x53
	0x65
	0x63
	0x74
	0x69
	0x6f
	0x6e
	0x20
	0x35
	0x20
	0x64
	0x65
	0x66
	0x69
	0x6e
	0x65
	0x73
	0x20
	0x74
	0x68
	0x65
	0x20
	0x63
	0x6f
	0x6e
	0x73
	0x74
	0x61
	0x6e
	0x74
	0x73
	0x20
	0x61
	0x6e
	0x64
	0x20
	0x74
	0x68
	0x65
	0x20
	0x63
	0x6f
	0x6d
	0x70
	0x6f
	0x73
	0x69
	0x74
	0x65
	0x20
	0x66
	0x75
	0x6e
	0x63
	0x74
	0x69
	0x6f
	0x6e
	0x73
	0x20
	0x75
	0x73
	0x65
	0x64
	0x20
	0x74
	0x6f
	0x20
	0x73
	0x70
	0x65
	0x63
	0x69
	0x66
	0x79
	0x20
	0x74
	0x68
	0x65
	0x73
	0x65
	0x20
	0x61
	0x6c
	0x67
	0x6f
	0x72
	0x69
	0x74
	0x68
	0x6d
	0x73
	0x2e
	0x20
	0x20
	0x53
	0x65
	0x63
	0x74
	0x69
	0x6f
	0x6e
	0x20
	0x36
	0x20
	0x67
	0x69
	0x76
	0x65
	0x73
	0x20
	0x74
	0x68
	0x65
	0x20
	0x61
	0x63
	0x74
	0x75
	0x61
	0x6c
	0x20
	0x73
	0x70
	0x65
	0x63
	0x69
	0x66
	0x69
	0x63
	0x61
	0x74
	0x69
	0x6f
	0x6e
	0x20
	0x66
	0x6f
	0x72
	0x20
	0x74
	0x68
	0x65
	0x20
	0x53
	0x48
	0x41
	0x2d
	0x32
	0x32
	0x34
	0x2c
	0x20
	0x53
	0x48
	0x41
	0x2d
	0x32
	0x35
	0x36
	0x2c
	0x20
	0x53
	0x48
	0x41
	0x2d
	0x33
	0x38
	0x34
	0x2c
	0x20
	0x61
	0x6e
	0x64
	0x20
	0x53
	0x48
	0x41
	0x2d
	0x35
	0x31
	0x32
	0x20
	0x66
	0x75
	0x6e
	0x63
	0x74
	0x69
	0x6f
	0x6e
	0x73
	0x2e
	0x20
	0x20
	0x53
	0x65
	0x63
	0x74
	0x69
	0x6f
	0x6e
	0x20
	0x37
	0x20
	0x70
	0x72
	0x6f
	0x76
	0x69
	0x64
	0x65
	0x73
	0x20
	0x70
	0x6f
	0x69
	0x6e
	0x74
	0x65
	0x72
	0x73
	0x20
	0x74
	0x6f
	0x20
	0x74
	0x68
	0x65
	0x20
	0x73
	0x70
	0x65
	0x63
	0x69
	0x66
	0x69
	0x63
	0x61
	0x74
	0x69
	0x6f
	0x6e
	0x20
	0x6f
	0x66
	0x20
	0x48
	0x4d
	0x41
	0x43
	0x20
	0x6b
	0x65
	0x79
	0x65
	0x64
	0x20
	0x6d
	0x65
	0x73
	0x73
	0x61
	0x67
	0x65
	0x20
	0x61
	0x75
	0x74
	0x68
	0x65
	0x6e
	0x74
	0x69
	0x63
	0x61
	0x74
	0x69
	0x6f
	0x6e
	0x20
	0x63
	0x6f
	0x64
	0x65
	0x73
	0x20
	0x62
	0x61
	0x73
	0x65
	0x64
	0x20
	0x6f
	0x6e
	0x20
	0x74
	0x68
	0x65
	0x20
	0x53
	0x48
	0x41
	0x20
	0x61
	0x6c
	0x67
	0x6f
	0x72
	0x69
	0x74
	0x68
	0x6d
	0x73
	0x2e
	0x20
	0x20
	0x53
	0x65
	0x63
	0x74
	0x69
	0x6f
	0x6e
	0x20
	0x38
	0x20
	0x67
	0x69
	0x76
	0x65
	0x73
	0x20
	0x73
	0x61
	0x6d
	0x70
	0x6c
	0x65
	0x20
	0x63
	0x6f
	0x64
	0x65
	0x20
	0x66
	0x6f
	0x72
	0x20
	0x74
	0x68
	0x65
	0x20
	0x53
	0x48
	0x41
	0x20
	0x61
	0x6c
	0x67
	0x6f
	0x72
	0x69
	0x74
	0x68
	0x6d
	0x73
	0x20
	0x61
	0x6e
	0x64
	0x20
	0x53
	0x65
	0x63
	0x74
	0x69
	0x6f
	0x6e
	0x20
	0x39
	0x20
	0x63
	0x6f
	0x64
	0x65
	0x20
	0x66
	0x6f
	0x72
	0x20
	0x53
	0x48
	0x41
	0x2d
	0x62
	0x61
	0x73
	0x65
	0x64
	0x20
	0x48
	0x4d
	0x41
	0x43
	0x73
	0x2e
	0x20
	0x20
	0x54
	0x68
	0x65
	0x20
	0x53
	0x48
	0x41
	0x2d
	0x62
	0x61
	0x73
	0x65
	0x64
	0x20
	0x48
	0x4d
	0x41
	0x43
	0x73
	0x20
	0x77
	0x69
	0x6c
	0x6c
	0x20
	0x61
	0x63
	0x63
	0x65
	0x70
	0x74
	0x20
	0x61
	0x72
	0x62
	0x69
	0x74
	0x72
	0x61
	0x72
	0x79
	0x20
	0x62
	0x69
	0x74
	0x20
	0x6c
	0x65
	0x6e
	0x67
	0x74
	0x68
	0x20
	0x74
	0x65
	0x78
	0x74
	0x2e
	0x0

.data_segment_name
.rodata global 1 expected_result DMb_stat
	0x32
	0x39
	0x31
	0x39
	0x32
	0x62
	0x37
	0x64
	0x39
	0x31
	0x64
	0x64
	0x38
	0x32
	0x37
	0x31
	0x30
	0x35
	0x32
	0x38
	0x33
	0x64
	0x62
	0x62
	0x32
	0x36
	0x34
	0x64
	0x37
	0x63
	0x36
	0x39
	0x30
	0x38
	0x66
	0x37
	0x61
	0x63
	0x36
	0x30
	0x35
	0x63
	0x32
	0x66
	0x32
	0x63
	0x39
	0x36
	0x61
	0x37
	0x31
	0x61
	0x64
	0x35
	0x30
	0x38
	0x39
	0x37
	0x66
	0x38
	0x61
	0x36
	0x34
	0x66
	0x0

.undef global data stdin

.undef global data stdout

.text_segment_name
.text global 0 void_sha256_transform___P__uchar_R__uint_R__uint_R__uint_R__uint_R__uint_R__uint_R__uint_R__uint
.rela 4 ZLE_Fvoid_sha256_transform___P__uchar_R__uint_R__uint_R__uint_R__uint_R__uint_R__uint_R__uint_R__uint_28 0
	     0    0x480d001c  lhi r13, #28
.rela 4 ZLS_Fvoid_sha256_transform___P__uchar_R__uint_R__uint_R__uint_R__uint_R__uint_R__uint_R__uint_R__uint_20 0
	     1    0x480e0014  lhi r14, #20
	     2    0x08210120  addi r1,r1,#288
.rela 5 ZLE_Fvoid_sha256_transform___P__uchar_R__uint_R__uint_R__uint_R__uint_R__uint_R__uint_R__uint_R__uint_28 0
	     3    0x55ad001c  ori r13,r13,#28
.rela 5 ZLS_Fvoid_sha256_transform___P__uchar_R__uint_R__uint_R__uint_R__uint_R__uint_R__uint_R__uint_R__uint_20 0
	     4    0x55ce0014  ori r14,r14,#20
	     5    0xbda20000  bor le,r13,#0
	     6    0xbdc10000  bor ls,r14,#0
	     7    0xa827ffe8  sw r7,-24(r1)
	     8    0x082dfee0  addi r13,r1,#-288
	     9    0x548e0000  ori r14,r4,#0
	    10    0xbc000010  bor lc,r0,#16
	    11    0xa82cfffc  sw r12,-4(r1)
	    12    0xa82bfff8  sw r11,-8(r1)
	    13    0xa82afff4  sw r10,-12(r1)
	    14    0xa829fff0  sw r9,-16(r1)
	    15    0xa828ffec  sw r8,-20(r1)
	    16    0xa826ffe4  sw r6,-28(r1)
	    17    0xa825ffe0  sw r5,-32(r1)
	    18    0x48070000  lhi r7, #0
	    19    0x55af0000  ori r15,r13,#0
.label ZLS_Fvoid_sha256_transform___P__uchar_R__uint_R__uint_R__uint_R__uint_R__uint_R__uint_R__uint_R__uint_20
	    20    0x01c30831  lbu r3,(r14+=1)
	    21    0x01c40831  lbu r4,(r14+=1)
	    22    0x01c50831  lbu r5,(r14+=1)
	    23    0x54e80000  ori r8,r7,#0
	    24    0x01c60831  lbu r6,(r14+=1)
	    25    0x00000027  RE sha256_in2,r3,r4,r5,r6
	    26    0x01e72037  sw r7,(r15+=4)
	    27    0x55040000  ori r4,r8,#0
.label ZLE_Fvoid_sha256_transform___P__uchar_R__uint_R__uint_R__uint_R__uint_R__uint_R__uint_R__uint_R__uint_28
	    28    0x08870001  addi r7,r4,#1
	    29    0x88e50002  slli r5,r7,#2
	    30    0x88e80002  slli r8,r7,#2
	    31    0x082ffea4  addi r15,r1,#-348
	    32    0x0829fea0  addi r9,r1,#-352
	    33    0x70e60040  sgeui r6,r7,#64
	    34    0x010d4001  add r8,r8,r13
	    35    0x00af7801  add r15,r5,r15
	    36    0x00a94801  add r9,r5,r9
	    37    0x0824fed8  addi r4,r1,#-296
	    38    0x082efec4  addi r14,r1,#-316
	    39    0x20c00016  bnez r6,#22
	    40    0x00ae7001  add r14,r5,r14
	    41    0x00851801  add r3,r4,r5
	    42    0x54060040  ori r6,r0,#64
	    43    0x00c73018  sub r6,r6,r7
.rela 4 ZLS_Fvoid_sha256_transform___P__uchar_R__uint_R__uint_R__uint_R__uint_R__uint_R__uint_R__uint_R__uint_51 0
	    44    0x48050033  lhi r5, #51
.rela 4 ZLE_Fvoid_sha256_transform___P__uchar_R__uint_R__uint_R__uint_R__uint_R__uint_R__uint_R__uint_R__uint_59 0
	    45    0x4804003b  lhi r4, #59
.rela 5 ZLS_Fvoid_sha256_transform___P__uchar_R__uint_R__uint_R__uint_R__uint_R__uint_R__uint_R__uint_R__uint_51 0
	    46    0x54a50033  ori r5,r5,#51
.rela 5 ZLE_Fvoid_sha256_transform___P__uchar_R__uint_R__uint_R__uint_R__uint_R__uint_R__uint_R__uint_R__uint_59 0
	    47    0x5487003b  ori r7,r4,#59
	    48    0xbcc00000  bor lc,r6,#0
	    49    0xbca10000  bor ls,r5,#0
	    50    0xbce20000  bor le,r7,#0
.label ZLS_Fvoid_sha256_transform___P__uchar_R__uint_R__uint_R__uint_R__uint_R__uint_R__uint_R__uint_R__uint_51
	    51    0x54670000  ori r7,r3,#0
	    52    0x01c42034  lw r4,(r14+=4)
	    53    0x00e32034  lw r3,(r7+=4)
	    54    0x54ea0000  ori r10,r7,#0
	    55    0x01e52034  lw r5,(r15+=4)
	    56    0x01262034  lw r6,(r9+=4)
	    57    0x00000026  RE sha256_in1,r3,r4,r5,r6
	    58    0x01072037  sw r7,(r8+=4)
.label ZLE_Fvoid_sha256_transform___P__uchar_R__uint_R__uint_R__uint_R__uint_R__uint_R__uint_R__uint_R__uint_59
	    59    0x55430000  ori r3,r10,#0
	    60    0x5028fff4  lw r8,-12(r1)
	    61    0x24000003  j #3
	    62    0x5029fff8  lw r9,-8(r1)
	    63    0x5029fff8  lw r9,-8(r1)
	    64    0x5028fff4  lw r8,-12(r1)
.rela 4 ZLS_Fvoid_sha256_transform___P__uchar_R__uint_R__uint_R__uint_R__uint_R__uint_R__uint_R__uint_R__uint_80 0
	    65    0x480a0050  lhi r10, #80
.rela 5 ZLS_Fvoid_sha256_transform___P__uchar_R__uint_R__uint_R__uint_R__uint_R__uint_R__uint_R__uint_R__uint_80 0
	    66    0x554a0050  ori r10,r10,#80
.rela 4 ZLE_Fvoid_sha256_transform___P__uchar_R__uint_R__uint_R__uint_R__uint_R__uint_R__uint_R__uint_R__uint_82 0
	    67    0x480f0052  lhi r15, #82
.rela 4 k 0
	    68    0x480e0000  lhi r14, #0
	    69    0xbd410000  bor ls,r10,#0
.rela 5 ZLE_Fvoid_sha256_transform___P__uchar_R__uint_R__uint_R__uint_R__uint_R__uint_R__uint_R__uint_R__uint_82 0
	    70    0x55ef0052  ori r15,r15,#82
.rela 5 k 0
	    71    0x55ce0000  ori r14,r14,#0
	    72    0xbc000040  bor lc,r0,#64
	    73    0xbde20000  bor le,r15,#0
	    74    0x5027fff0  lw r7,-16(r1)
	    75    0x5026ffec  lw r6,-20(r1)
	    76    0x5025ffe8  lw r5,-24(r1)
	    77    0x5024ffe4  lw r4,-28(r1)
	    78    0x5023ffe0  lw r3,-32(r1)
	    79    0x502afffc  lw r10,-4(r1)
.label ZLS_Fvoid_sha256_transform___P__uchar_R__uint_R__uint_R__uint_R__uint_R__uint_R__uint_R__uint_R__uint_80
	    80    0x01cb2034  lw r11,(r14+=4)
	    81    0x01ac2034  lw r12,(r13+=4)
.label ZLE_Fvoid_sha256_transform___P__uchar_R__uint_R__uint_R__uint_R__uint_R__uint_R__uint_R__uint_R__uint_82
	    82    0x00000025  sha256ci,r3,r4,r5,r6,r7,r8,r9,r10,r11,r12
	    83    0x502dfffc  lw r13,-4(r1)
	    84    0x014d6001  add r12,r10,r13
	    85    0x502efff8  lw r14,-8(r1)
	    86    0x012e5801  add r11,r9,r14
	    87    0x502dfff0  lw r13,-16(r1)
	    88    0x00ed4801  add r9,r7,r13
	    89    0x502efff4  lw r14,-12(r1)
	    90    0x010e5001  add r10,r8,r14
	    91    0x5027ffe0  lw r7,-32(r1)
	    92    0x502fffe8  lw r15,-24(r1)
	    93    0x54e80000  ori r8,r7,#0
	    94    0x00af3801  add r7,r5,r15
	    95    0x502dffec  lw r13,-20(r1)
	    96    0x502effe4  lw r14,-28(r1)
	    97    0x55050000  ori r5,r8,#0
	    98    0x0821fee0  addi r1,r1,#-288
	    99    0x00652801  add r5,r3,r5
.rts
	   100    0x30400000  jr r2
	   101    0x00cd4001  add r8,r6,r13
.label void_sha256_transform___P__uchar_R__uint_R__uint_R__uint_R__uint_R__uint_R__uint_R__uint_R__uint__end
	   102    0x008e3001  add r6,r4,r14

.undef global data k

.text_segment_name
.text global 0 void_sha256___P__uchar___uint___P__uchar
	     0    0x0821006c  addi r1,r1,#108
	     1    0x480abb67  lhi r10, #-17561
	     2    0xa826fff4  sw r6,-12(r1)
	     3    0xa825fff8  sw r5,-8(r1)
	     4    0xa825fffc  sw r5,-4(r1)
	     5    0x48036a09  lhi r3, #27145
	     6    0x5546ae85  ori r6,r10,#44677
	     7    0x48073c6e  lhi r7, #15470
	     8    0x4808a54f  lhi r8, #-23217
	     9    0x4809510e  lhi r9, #20750
	    10    0x480c9b05  lhi r12, #-25851
	    11    0x480b1f83  lhi r11, #8067
	    12    0x54ae0000  ori r14,r5,#0
	    13    0xa822fff0  sw r2,-16(r1)
	    14    0x5465e667  ori r5,r3,#58983
	    15    0x54e7f372  ori r7,r7,#62322
	    16    0x5508f53a  ori r8,r8,#62778
	    17    0x5529527f  ori r9,r9,#21119
	    18    0x558a688c  ori r10,r12,#26764
	    19    0x556bd9ab  ori r11,r11,#55723
	    20    0x480d5be0  lhi r13, #23520
	    21    0x24000009  j #9
	    22    0x55accd19  ori r12,r13,#52505
	    23    0xa824ffec  sw r4,-20(r1)
	    24    0x28000000  jal #void_sha256_transform___P__uchar_R__uint_R__uint_R__uint_R__uint_R__uint_R__uint_R__uint_R__uint
	    25    0x00000000  nop
	    26    0x5024fff8  lw r4,-8(r1)
	    27    0x088effc0  addi r14,r4,#-64
	    28    0x5024ffec  lw r4,-20(r1)
	    29    0x08840040  addi r4,r4,#64
	    30    0xa82efff8  sw r14,-8(r1)
.label __ll1_void_sha256___P__uchar___uint___P__uchar
	    31    0x71c30040  sgeui r3,r14,#64
	    32    0x2060fff5  bnez r3,#-11
	    33    0x00000000  nop
	    34    0x00000000  nop
	    35    0x502efff8  lw r14,-8(r1)
	    36    0x91cd0038  sltui r13,r14,#56
	    37    0x21a00032  bnez r13,#50
	    38    0x48030000  lhi r3, #0
	    39    0x01c01011  sleu r2,r14,r0
	    40    0x548f0000  ori r15,r4,#0
	    41    0x2040000d  bnez r2,#13
	    42    0x0824ff94  addi r4,r1,#-108
	    43    0x548d0000  ori r13,r4,#0
.rela 4 ZLS_Fvoid_sha256___P__uchar___uint___P__uchar_53 0
	    44    0x480d0035  lhi r13, #53
.rela 4 ZLE_Fvoid_sha256___P__uchar___uint___P__uchar_55 0
	    45    0x48030037  lhi r3, #55
.rela 5 ZLS_Fvoid_sha256___P__uchar___uint___P__uchar_53 0
	    46    0x55ad0035  ori r13,r13,#53
.rela 5 ZLE_Fvoid_sha256___P__uchar___uint___P__uchar_55 0
	    47    0x54630037  ori r3,r3,#55
	    48    0xbda10000  bor ls,r13,#0
	    49    0xbc620000  bor le,r3,#0
	    50    0xbdc00000  bor lc,r14,#0
	    51    0x48030000  lhi r3, #0
	    52    0x548d0000  ori r13,r4,#0
.label ZLS_Fvoid_sha256___P__uchar___uint___P__uchar_53
	    53    0x01ee0831  lbu r14,(r15+=1)
	    54    0x01ae0835  sb r14,(r13+=1)
.label ZLE_Fvoid_sha256___P__uchar___uint___P__uchar_55
	    55    0x08630001  addi r3,r3,#1
	    56    0x086e0001  addi r14,r3,#1
	    57    0x71cf0040  sgeui r15,r14,#64
	    58    0x54020080  ori r2,r0,#128
	    59    0x21e0000c  bnez r15,#12
	    60    0x008e1801  add r3,r4,r14
	    61    0x5da20000  sb r2,0(r13)
	    62    0x540f0040  ori r15,r0,#64
	    63    0x01ee7018  sub r14,r15,r14
.rela 4 ZLS_Fvoid_sha256___P__uchar___uint___P__uchar_72 0
	    64    0x480d0048  lhi r13, #72
.rela 4 ZLS_Fvoid_sha256___P__uchar___uint___P__uchar_72 0
	    65    0x48020048  lhi r2, #72
.rela 5 ZLS_Fvoid_sha256___P__uchar___uint___P__uchar_72 0
	    66    0x55ad0048  ori r13,r13,#72
.rela 5 ZLS_Fvoid_sha256___P__uchar___uint___P__uchar_72 0
	    67    0x544f0048  ori r15,r2,#72
	    68    0xbdc00000  bor lc,r14,#0
	    69    0xbda10000  bor ls,r13,#0
	    70    0xbde20000  bor le,r15,#0
	    71    0x00000000  nop
.label ZLS_Fvoid_sha256___P__uchar___uint___P__uchar_72
	    72    0x00600835  sb r0,(r3+=1)
	    73    0x28000000  jal #void_sha256_transform___P__uchar_R__uint_R__uint_R__uint_R__uint_R__uint_R__uint_R__uint_R__uint
	    74    0x00000000  nop
	    75    0xa826ffd4  sw r6,-44(r1)
	    76    0xa82cffe0  sw r12,-32(r1)
	    77    0xa82bfff8  sw r11,-8(r1)
	    78    0xa82affec  sw r10,-20(r1)
	    79    0xa829ffdc  sw r9,-36(r1)
	    80    0xa828ffe8  sw r8,-24(r1)
	    81    0xa827ffe4  sw r7,-28(r1)
	    82    0xa825ffd8  sw r5,-40(r1)
	    83    0x0824ff94  addi r4,r1,#-108
	    84    0x54060038  ori r6,r0,#56
	    85    0x28000000  jal #__Pvoid_memset___Pvoid___sint___uint
	    86    0x48050000  lhi r5, #0
	    87    0x2400002d  j #45
	    88    0x5026fffc  lw r6,-4(r1)
	    89    0xa82bfff8  sw r11,-8(r1)
	    90    0xa82affec  sw r10,-20(r1)
	    91    0xa828ffe8  sw r8,-24(r1)
	    92    0x082dff94  addi r13,r1,#-108
	    93    0x2040000c  bnez r2,#12
	    94    0xa827ffe4  sw r7,-28(r1)
	    95    0x55a70000  ori r7,r13,#0
.rela 4 ZLE_Fvoid_sha256___P__uchar___uint___P__uchar_106 0
	    96    0x4807006a  lhi r7, #106
.rela 4 ZLS_Fvoid_sha256___P__uchar___uint___P__uchar_104 0
	    97    0x48080068  lhi r8, #104
.rela 5 ZLE_Fvoid_sha256___P__uchar___uint___P__uchar_106 0
	    98    0x54e7006a  ori r7,r7,#106
	    99    0xbce20000  bor le,r7,#0
.rela 5 ZLS_Fvoid_sha256___P__uchar___uint___P__uchar_104 0
	   100    0x55080068  ori r8,r8,#104
	   101    0xbdc00000  bor lc,r14,#0
	   102    0xbd010000  bor ls,r8,#0
	   103    0x55a70000  ori r7,r13,#0
.label ZLS_Fvoid_sha256___P__uchar___uint___P__uchar_104
	   104    0x00880831  lbu r8,(r4+=1)
	   105    0x00e80835  sb r8,(r7+=1)
.label ZLE_Fvoid_sha256___P__uchar___uint___P__uchar_106
	   106    0x08630001  addi r3,r3,#1
	   107    0xa82cffe0  sw r12,-32(r1)
	   108    0x086c0001  addi r12,r3,#1
	   109    0xa825ffd8  sw r5,-40(r1)
	   110    0x71880038  sgeui r8,r12,#56
	   111    0xa829ffdc  sw r9,-36(r1)
	   112    0x540a0080  ori r10,r0,#128
	   113    0x54050038  ori r5,r0,#56
	   114    0x2100000e  bnez r8,#14
	   115    0x5cea0000  sb r10,0(r7)
	   116    0x018d5801  add r11,r12,r13
	   117    0x00ac2818  sub r5,r5,r12
.rela 4 ZLS_Fvoid_sha256___P__uchar___uint___P__uchar_126 0
	   118    0x4809007e  lhi r9, #126
.rela 4 ZLS_Fvoid_sha256___P__uchar___uint___P__uchar_126 0
	   119    0x4807007e  lhi r7, #126
.rela 5 ZLS_Fvoid_sha256___P__uchar___uint___P__uchar_126 0
	   120    0x5529007e  ori r9,r9,#126
.rela 5 ZLS_Fvoid_sha256___P__uchar___uint___P__uchar_126 0
	   121    0x54ec007e  ori r12,r7,#126
	   122    0xbca00000  bor lc,r5,#0
	   123    0xbd210000  bor ls,r9,#0
	   124    0xbd820000  bor le,r12,#0
	   125    0x00000000  nop
.label ZLS_Fvoid_sha256___P__uchar___uint___P__uchar_126
	   126    0x01600835  sb r0,(r11+=1)
	   127    0xa826ffd4  sw r6,-44(r1)
	   128    0x24000004  j #4
	   129    0x5026fffc  lw r6,-4(r1)
	   130    0xa826ffd4  sw r6,-44(r1)
	   131    0x00000000  nop
	   132    0x5026fffc  lw r6,-4(r1)
	   133    0x88c60003  slli r6,r6,#3
	   134    0x9cc50008  srli r5,r6,#8
	   135    0x5c26ffd3  sb r6,-45(r1)
	   136    0x9cc90010  srli r9,r6,#16
	   137    0x5c25ffd2  sb r5,-46(r1)
	   138    0x5c29ffd1  sb r9,-47(r1)
	   139    0x9cc60018  srli r6,r6,#24
	   140    0x5c26ffd0  sb r6,-48(r1)
	   141    0x5c20ffcf  sb r0,-49(r1)
	   142    0x5c20ffce  sb r0,-50(r1)
	   143    0x5c20ffcd  sb r0,-51(r1)
	   144    0x5c20ffcc  sb r0,-52(r1)
	   145    0x0824ff94  addi r4,r1,#-108
	   146    0x502cffe0  lw r12,-32(r1)
	   147    0x502bfff8  lw r11,-8(r1)
	   148    0x502affec  lw r10,-20(r1)
	   149    0x5029ffdc  lw r9,-36(r1)
	   150    0x5028ffe8  lw r8,-24(r1)
	   151    0x5027ffe4  lw r7,-28(r1)
	   152    0x5025ffd8  lw r5,-40(r1)
	   153    0x28000000  jal #void_sha256_transform___P__uchar_R__uint_R__uint_R__uint_R__uint_R__uint_R__uint_R__uint_R__uint
	   154    0x5026ffd4  lw r6,-44(r1)
.rela 4 ZLS_Fvoid_sha256___P__uchar___uint___P__uchar_164 0
	   155    0x480300a4  lhi r3, #164
.rela 4 ZLE_Fvoid_sha256___P__uchar___uint___P__uchar_189 0
	   156    0x480400bd  lhi r4, #189
.rela 5 ZLS_Fvoid_sha256___P__uchar___uint___P__uchar_164 0
	   157    0x546300a4  ori r3,r3,#164
.rela 5 ZLE_Fvoid_sha256___P__uchar___uint___P__uchar_189 0
	   158    0x548400bd  ori r4,r4,#189
	   159    0xbc610000  bor ls,r3,#0
	   160    0xbc820000  bor le,r4,#0
	   161    0xbc000004  bor lc,r0,#4
	   162    0x5024fff4  lw r4,-12(r1)
	   163    0x54030018  ori r3,r0,#24
.label ZLS_Fvoid_sha256___P__uchar___uint___P__uchar_164
	   164    0x00a37017  srl r14,r5,r3
	   165    0x11ce00ff  andi r14,r14,#255
	   166    0x00c36817  srl r13,r6,r3
	   167    0x008e2035  sb r14,(r4+=4)
	   168    0x11ad00ff  andi r13,r13,#255
	   169    0x00e37817  srl r15,r7,r3
	   170    0x008d2035  sb r13,(r4+=4)
	   171    0x11ef00ff  andi r15,r15,#255
	   172    0x008f2035  sb r15,(r4+=4)
	   173    0x01037017  srl r14,r8,r3
	   174    0x11cf00ff  andi r15,r14,#255
	   175    0x008f2035  sb r15,(r4+=4)
	   176    0x01236817  srl r13,r9,r3
	   177    0x11af00ff  andi r15,r13,#255
	   178    0x01437017  srl r14,r10,r3
	   179    0x008f2035  sb r15,(r4+=4)
	   180    0x01636817  srl r13,r11,r3
	   181    0x11ce00ff  andi r14,r14,#255
	   182    0x01837817  srl r15,r12,r3
	   183    0x008e2035  sb r14,(r4+=4)
	   184    0x11ad00ff  andi r13,r13,#255
	   185    0x008d2035  sb r13,(r4+=4)
	   186    0x11ee00ff  andi r14,r15,#255
	   187    0x5c8e0000  sb r14,0(r4)
	   188    0x0863fff8  addi r3,r3,#-8
.label ZLE_Fvoid_sha256___P__uchar___uint___P__uchar_189
	   189    0x0884ffe5  addi r4,r4,#-27
	   190    0x5026fff0  lw r6,-16(r1)
.rts
	   191    0x30c00000  jr r6
	   192    0x0821ff94  addi r1,r1,#-108
.label void_sha256___P__uchar___uint___P__uchar__end
	   193    0x00000000  nop

.undef global text void_sha256_transform___P__uchar_R__uint_R__uint_R__uint_R__uint_R__uint_R__uint_R__uint_R__uint

.undef global text __Pvoid_memset___Pvoid___sint___uint

.text_segment_name
.text global 0 void_print_hash___P__uchar
	     0    0x08210010  addi r1,r1,#16
.rela 4 ZLE_Fvoid_print_hash___P__uchar_19 0
	     1    0x48060013  lhi r6, #19
.rela 4 ZLS_Fvoid_print_hash___P__uchar_13 0
	     2    0x4805000d  lhi r5, #13
.rela 4 __sha256___strb9b464ee 0
	     3    0x48030000  lhi r3, #0
.rela 5 ZLE_Fvoid_print_hash___P__uchar_19 0
	     4    0x54c60013  ori r6,r6,#19
.rela 5 ZLS_Fvoid_print_hash___P__uchar_13 0
	     5    0x54a5000d  ori r5,r5,#13
.rela 5 __sha256___strb9b464ee 0
	     6    0x54630000  ori r3,r3,#0
	     7    0xa823fff8  sw r3,-8(r1)
	     8    0xa822fff4  sw r2,-12(r1)
	     9    0xa824fff0  sw r4,-16(r1)
	    10    0xbcc20000  bor le,r6,#0
	    11    0xbca10000  bor ls,r5,#0
	    12    0xbc000020  bor lc,r0,#32
.label ZLS_Fvoid_print_hash___P__uchar_13
	    13    0x5023fff0  lw r3,-16(r1)
	    14    0x00650831  lbu r5,(r3+=1)
	    15    0xa825fffc  sw r5,-4(r1)
	    16    0xa823fff0  sw r3,-16(r1)
	    17    0x28000000  jal #__sint_printf___P__cchar
	    18    0x5024fff8  lw r4,-8(r1)
.label ZLE_Fvoid_print_hash___P__uchar_19
	    19    0x00000000  nop
.rela 4 __sha256___str008811f7 0
	    20    0x48040000  lhi r4, #0
	    21    0x5022fff4  lw r2,-12(r1)
.rela 5 __sha256___str008811f7 0
	    22    0x54840000  ori r4,r4,#0
	    23    0x24000000  j #__sint_printf___P__cchar
.label void_print_hash___P__uchar__end
	    24    0x0821fff0  addi r1,r1,#-16

.undef global text __sint_printf___P__cchar

.text_segment_name
.text global 0 void_convert_hash___P__uchar___P__cchar
	     0    0x08210014  addi r1,r1,#20
	     1    0x54860000  ori r6,r4,#0
	     2    0x54a40000  ori r4,r5,#0
.rela 4 ZLE_Fvoid_convert_hash___P__uchar___P__cchar_22 0
	     3    0x48050016  lhi r5, #22
.rela 4 ZLS_Fvoid_convert_hash___P__uchar___P__cchar_14 0
	     4    0x4803000e  lhi r3, #14
.rela 4 __sha256___strb9b464ee 0
	     5    0x48070000  lhi r7, #0
.rela 5 ZLE_Fvoid_convert_hash___P__uchar___P__cchar_22 0
	     6    0x54a50016  ori r5,r5,#22
.rela 5 ZLS_Fvoid_convert_hash___P__uchar___P__cchar_14 0
	     7    0x5463000e  ori r3,r3,#14
.rela 5 __sha256___strb9b464ee 0
	     8    0x54e70000  ori r7,r7,#0
	     9    0xa827fff4  sw r7,-12(r1)
	    10    0xa822fff8  sw r2,-8(r1)
	    11    0xbca20000  bor le,r5,#0
	    12    0xbc610000  bor ls,r3,#0
	    13    0xbc000020  bor lc,r0,#32
.label ZLS_Fvoid_convert_hash___P__uchar___P__cchar_14
	    14    0x00c30831  lbu r3,(r6+=1)
	    15    0xa823fffc  sw r3,-4(r1)
	    16    0xa826fff0  sw r6,-16(r1)
	    17    0xa824ffec  sw r4,-20(r1)
	    18    0x28000000  jal #__sint_sprintf___P__cchar___P__cchar
	    19    0x5025fff4  lw r5,-12(r1)
	    20    0x5024ffec  lw r4,-20(r1)
	    21    0x5026fff0  lw r6,-16(r1)
.label ZLE_Fvoid_convert_hash___P__uchar___P__cchar_22
	    22    0x00642001  add r4,r3,r4
	    23    0x5025fff8  lw r5,-8(r1)
.rts
	    24    0x30a00000  jr r5
	    25    0x5c800000  sb r0,0(r4)
.label void_convert_hash___P__uchar___P__cchar__end
	    26    0x0821ffec  addi r1,r1,#-20

.undef global text __sint_sprintf___P__cchar___P__cchar

.text_segment_name
.text global 0 _main
	     0    0x0821006c  addi r1,r1,#108
.rela 4 input_text 0
	     1    0x48040000  lhi r4, #0
.rela 5 input_text 0
	     2    0x54840000  ori r4,r4,#0
	     3    0xa822fffc  sw r2,-4(r1)
	     4    0xa824fff8  sw r4,-8(r1)
	     5    0x28000000  jal #__uint_strlen___P__cchar
	     6    0x00000000  nop
	     7    0x0826ffd8  addi r6,r1,#-40
	     8    0x54650000  ori r5,r3,#0
	     9    0x28000000  jal #void_sha256___P__uchar___uint___P__uchar
	    10    0x5024fff8  lw r4,-8(r1)
.rela 4 __sha256___str11913289 0
	    11    0x48040000  lhi r4, #0
	    12    0x28000000  jal #__sint_printf___P__cchar
.rela 5 __sha256___str11913289 0
	    13    0x54840000  ori r4,r4,#0
	    14    0x28000000  jal #void_print_hash___P__uchar
	    15    0x0824ffd8  addi r4,r1,#-40
	    16    0x0824ffd8  addi r4,r1,#-40
	    17    0x28000000  jal #void_convert_hash___P__uchar___P__cchar
	    18    0x0825ff96  addi r5,r1,#-106
.rela 4 __sha256___str008811f7 0
	    19    0x48040000  lhi r4, #0
	    20    0x28000000  jal #__sint_printf___P__cchar
.rela 5 __sha256___str008811f7 0
	    21    0x54840000  ori r4,r4,#0
	    22    0x0824ff96  addi r4,r1,#-106
.rela 4 expected_result 0
	    23    0x48030000  lhi r3, #0
	    24    0x28000000  jal #__sint_strcmp___P__cchar___P__cchar
.rela 5 expected_result 0
	    25    0x54650000  ori r5,r3,#0
	    26    0x14600006  beqz r3,#6
	    27    0x00000000  nop
	    28    0x00000000  nop
.rela 4 __sha256___strb18556b0 0
	    29    0x48040000  lhi r4, #0
	    30    0x28000000  jal #__sint_printf___P__cchar
.rela 5 __sha256___strb18556b0 0
	    31    0x54840000  ori r4,r4,#0
	    32    0x24000004  j #4
	    33    0x00000000  nop
.rela 4 __sha256___strcda77035 0
	    34    0x48040000  lhi r4, #0
	    35    0x28000000  jal #__sint_printf___P__cchar
.rela 5 __sha256___strcda77035 0
	    36    0x54840000  ori r4,r4,#0
	    37    0x5024fffc  lw r4,-4(r1)
.rts
	    38    0x30800000  jr r4
	    39    0x48030000  lhi r3, #0
.label _main__end
	    40    0x0821ff94  addi r1,r1,#-108

.undef global text __uint_strlen___P__cchar

.undef global text void_sha256___P__uchar___uint___P__uchar

.undef global text __sint_printf___P__cchar

.undef global text void_print_hash___P__uchar

.undef global text void_convert_hash___P__uchar___P__cchar

.undef global text __sint_strcmp___P__cchar___P__cchar

.undef global data input_text

.undef global data expected_result

