
// File generated by amnesia version N-2018.03#7d02e3ca79#180723, Fri Jan 11 17:23:01 2019
// Copyright 2014-2018 Synopsys, Inc. All rights reserved.
// amnesia -P -B tinycore2

toolrelease _18R1;

==================================================
	 CONNECTIVITY 'tinycore2'
==================================================

==========================
Type representation info :
==========================

======================
Type promotions info :
======================

===============
Storages info :
===============
              'word' storages : R

============================
Restricted register access :
============================

- no move from/to           : R

============================
Detailed connectivity info :
============================

------------------------------------------------------------------------------------------------------
1) type 'word' : /
------------------------------------------------------------------------------------------------------


