
; File generated by darts version N-2018.03#7d02e3ca79#180723, Thu Feb 28 14:35:26 2019
; Copyright 2014-2018 Synopsys, Inc. All rights reserved.
; darts -B -I.. +p -d -h -I../runtime/include -I../../io_modules -I/CMC/tools/synopsys/asip_designer_vN-2018.03-SP3/linux64/chessdir/../examples/io_modules -D__tct_patch__=300 -L +Ihex lib/Release/ctype.o tlx

; Release: ipd N-2018.03-SP3
.data_segment_name
.data global 1 _ct_code DMb_stat
	0x20
	0x20
	0x20
	0x20
	0x20
	0x20
	0x20
	0x20
	0x20
	0xe0
	0x60
	0x60
	0x60
	0x60
	0x20
	0x20
	0x20
	0x20
	0x20
	0x20
	0x20
	0x20
	0x20
	0x20
	0x20
	0x20
	0x20
	0x20
	0x20
	0x20
	0x20
	0x20
	0xc0
	0x10
	0x10
	0x10
	0x10
	0x10
	0x10
	0x10
	0x10
	0x10
	0x10
	0x10
	0x10
	0x10
	0x10
	0x10
	0xc
	0xc
	0xc
	0xc
	0xc
	0xc
	0xc
	0xc
	0xc
	0xc
	0x10
	0x10
	0x10
	0x10
	0x10
	0x10
	0x10
	0xa
	0xa
	0xa
	0xa
	0xa
	0xa
	0x2
	0x2
	0x2
	0x2
	0x2
	0x2
	0x2
	0x2
	0x2
	0x2
	0x2
	0x2
	0x2
	0x2
	0x2
	0x2
	0x2
	0x2
	0x2
	0x2
	0x10
	0x10
	0x10
	0x10
	0x10
	0x10
	0x9
	0x9
	0x9
	0x9
	0x9
	0x9
	0x1
	0x1
	0x1
	0x1
	0x1
	0x1
	0x1
	0x1
	0x1
	0x1
	0x1
	0x1
	0x1
	0x1
	0x1
	0x1
	0x1
	0x1
	0x1
	0x1
	0x10
	0x10
	0x10
	0x10
	0x20
	0x0
	0x0
	0x0
	0x0
	0x0
	0x0
	0x0
	0x0
	0x0
	0x0
	0x0
	0x0
	0x0
	0x0
	0x0
	0x0
	0x0
	0x0
	0x0
	0x0
	0x0
	0x0
	0x0
	0x0
	0x0
	0x0
	0x0
	0x0
	0x0
	0x0
	0x0
	0x0
	0x0
	0x0
	0x0
	0x0
	0x0
	0x0
	0x0
	0x0
	0x0
	0x0
	0x0
	0x0
	0x0
	0x0
	0x0
	0x0
	0x0
	0x0
	0x0
	0x0
	0x0
	0x0
	0x0
	0x0
	0x0
	0x0
	0x0
	0x0
	0x0
	0x0
	0x0
	0x0
	0x0
	0x0
	0x0
	0x0
	0x0
	0x0
	0x0
	0x0
	0x0
	0x0
	0x0
	0x0
	0x0
	0x0
	0x0
	0x0
	0x0
	0x0
	0x0
	0x0
	0x0
	0x0
	0x0
	0x0
	0x0
	0x0
	0x0
	0x0
	0x0
	0x0
	0x0
	0x0
	0x0
	0x0
	0x0
	0x0
	0x0
	0x0
	0x0
	0x0
	0x0
	0x0
	0x0
	0x0
	0x0
	0x0
	0x0
	0x0
	0x0
	0x0
	0x0
	0x0
	0x0
	0x0
	0x0
	0x0
	0x0
	0x0
	0x0
	0x0
	0x0
	0x0
	0x0
	0x0

