
; File generated by darts version N-2018.03#7d02e3ca79#180723, Thu Feb 28 14:35:40 2019
; Copyright 2014-2018 Synopsys, Inc. All rights reserved.
; darts -B -I.. +p -d -h -I../runtime/include -I../../io_modules -I/CMC/tools/synopsys/asip_designer_vN-2018.03-SP3/linux64/chessdir/../examples/io_modules -D__tct_patch__=300 -L +Ihex lib/Release/malloc.o tlx

; Release: ipd N-2018.03-SP3
.data_segment_name
.bss local 4 __malloc_pool DMb 16400

.data_segment_name
.data local 4 __malloc_sentinel DMb_stat
	0x0
	0x0
	0x0
	0x0

.text_segment_name
.text local 0 __malloc_void_init
.rela 4 __malloc_pool 0
	     0    0x48030000  lhi r3, #0
.rela 5 __malloc_pool 0
	     1    0x54630000  ori r3,r3,#0
	     2    0x08644000  addi r4,r3,#16384
	     3    0x48058000  lhi r5, #-32768
	     4    0xa8850000  sw r5,0(r4)
	     5    0xa8644004  sw r4,16388(r3)
	     6    0xa8644008  sw r4,16392(r3)
	     7    0x54050400  ori r5,r0,#1024
	     8    0xa8650000  sw r5,0(r3)
.rela 4 __malloc_sentinel 0
	     9    0x48060000  lhi r6, #0
	    10    0x50654004  lw r5,16388(r3)
.rela 5 __malloc_sentinel 0
	    11    0x54c60000  ori r6,r6,#0
	    12    0x14a00002  beqz r5,#2
	    13    0x00000000  nop
	    14    0xa8c40000  sw r4,0(r6)
	    15    0xa8a30008  sw r3,8(r5)
	    16    0x00000000  nop
	    17    0x50654004  lw r5,16388(r3)
	    18    0xa8650004  sw r5,4(r3)
	    19    0xa8640008  sw r4,8(r3)
.rts
	    20    0x30400000  jr r2
	    21    0xa8634004  sw r3,16388(r3)
.label __malloc_void_init__end
	    22    0x00000000  nop

.undef local data __malloc_sentinel

.undef local data __malloc_pool

.undef local data __malloc_sentinel

.undef local text __malloc_void_init

.undef local data __malloc_sentinel

.text_segment_name
.text global 0 void_free___Pvoid
	     0    0x14800017  beqz r4,#23
	     1    0x00000000  nop
	     2    0x00000000  nop
	     3    0x0883fffc  addi r3,r4,#-4
	     4    0x48077fff  lhi r7, #32767
.rela 4 __malloc_sentinel 0
	     5    0x48060000  lhi r6, #0
	     6    0x50650000  lw r5,0(r3)
	     7    0x54e7ffff  ori r7,r7,#65535
.rela 5 __malloc_sentinel 0
	     8    0x54c60000  ori r6,r6,#0
	     9    0x00a72803  and r5,r5,r7
	    10    0x50c60000  lw r6,0(r6)
	    11    0xa8650000  sw r5,0(r3)
	    12    0x00000000  nop
	    13    0x50c50004  lw r5,4(r6)
	    14    0x14a00002  beqz r5,#2
	    15    0x00000000  nop
	    16    0x00000000  nop
	    17    0xa8a30008  sw r3,8(r5)
	    18    0x00000000  nop
	    19    0x50c30004  lw r3,4(r6)
	    20    0x00832037  sw r3,(r4+=4)
	    21    0x0086c037  sw r6,(r4+=-8)
.rts
	    22    0x30400000  jr r2
	    23    0xa8c40004  sw r4,4(r6)
	    24    0x00000000  nop
.rts
	    25    0x30400000  jr r2
	    26    0x00000000  nop
.label void_free___Pvoid__end
	    27    0x00000000  nop

.text_segment_name
.text global 0 __Pvoid_malloc___uint
.rela 4 __malloc_sentinel 0
	     0    0x48030000  lhi r3, #0
.rela 5 __malloc_sentinel 0
	     1    0x54630000  ori r3,r3,#0
	     2    0x50650000  lw r5,0(r3)
	     3    0x20a00009  bnez r5,#9
	     4    0x0821000c  addi r1,r1,#12
	     5    0x00000000  nop
	     6    0xa822fffc  sw r2,-4(r1)
	     7    0xa824fff8  sw r4,-8(r1)
	     8    0xa823fff4  sw r3,-12(r1)
	     9    0x28000000  jal #__malloc_void_init
	    10    0x00000000  nop
	    11    0x5023fff4  lw r3,-12(r1)
	    12    0x5024fff8  lw r4,-8(r1)
	    13    0x5022fffc  lw r2,-4(r1)
	    14    0x50630000  lw r3,0(r3)
	    15    0x08840013  addi r4,r4,#19
	    16    0x48077fff  lhi r7, #32767
	    17    0x50650004  lw r5,4(r3)
	    18    0x9c860004  srli r6,r4,#4
	    19    0x54e7ffff  ori r7,r7,#65535
	    20    0x24000027  j #39
	    21    0x48048000  lhi r4, #-32768
	    22    0x50a90000  lw r9,0(r5)
	    23    0x00e94003  and r8,r7,r9
	    24    0x890a0004  slli r10,r8,#4
	    25    0x00aa5801  add r11,r5,r10
	    26    0x556d0000  ori r13,r11,#0
	    27    0x016a2034  lw r10,(r11+=4)
	    28    0x008a6003  and r12,r4,r10
	    29    0x21800016  bnez r12,#22
	    30    0x00000000  nop
	    31    0x00000000  nop
	    32    0x09ac0008  addi r12,r13,#8
	    33    0x518e0000  lw r14,0(r12)
	    34    0x15c00003  beqz r14,#3
	    35    0x00000000  nop
	    36    0x00000000  nop
	    37    0x51ad0004  lw r13,4(r13)
	    38    0xa9cd0004  sw r13,4(r14)
	    39    0x00000000  nop
	    40    0x518cfffc  lw r12,-4(r12)
	    41    0x15800003  beqz r12,#3
	    42    0x00000000  nop
	    43    0x00000000  nop
	    44    0x516b0004  lw r11,4(r11)
	    45    0xa98b0008  sw r11,8(r12)
	    46    0x00ea5003  and r10,r7,r10
	    47    0x00894803  and r9,r4,r9
	    48    0x010a4001  add r8,r8,r10
	    49    0x0109400a  or r8,r8,r9
	    50    0xa8a80000  sw r8,0(r5)
	    51    0x27ffffe2  j #-30
	    52    0x00000000  nop
.label __ll2___Pvoid_malloc___uint
	    53    0x50a80000  lw r8,0(r5)
	    54    0x00e84003  and r8,r7,r8
	    55    0x0106400d  sgeu r8,r8,r6
	    56    0x21000006  bnez r8,#6
	    57    0x00000000  nop
	    58    0x00000000  nop
	    59    0x50a50004  lw r5,4(r5)
.label __ll3___Pvoid_malloc___uint
	    60    0x00654015  sne r8,r3,r5
	    61    0x2100ffd7  bnez r8,#-41
	    62    0x00000000  nop
	    63    0x00000000  nop
.label __ll4___Pvoid_malloc___uint
	    64    0x0065400b  seq r8,r3,r5
	    65    0x2100002c  bnez r8,#44
	    66    0x00000000  nop
	    67    0x00000000  nop
	    68    0x50a80000  lw r8,0(r5)
	    69    0x00e84003  and r8,r7,r8
	    70    0x01064811  sleu r9,r8,r6
	    71    0x21200012  bnez r9,#18
	    72    0x00000000  nop
	    73    0x00000000  nop
	    74    0x01065018  sub r10,r8,r6
	    75    0x88c90004  slli r9,r6,#4
	    76    0x00a94801  add r9,r5,r9
	    77    0x00ea3803  and r7,r7,r10
	    78    0x552a0000  ori r10,r9,#0
	    79    0x50680004  lw r8,4(r3)
	    80    0x0086300a  or r6,r4,r6
	    81    0x01272037  sw r7,(r9+=4)
	    82    0x15000002  beqz r8,#2
	    83    0xa8a60000  sw r6,0(r5)
	    84    0x55470000  ori r7,r10,#0
	    85    0xa9070008  sw r7,8(r8)
	    86    0x00000000  nop
	    87    0x50660004  lw r6,4(r3)
	    88    0x01262037  sw r6,(r9+=4)
	    89    0x0123c037  sw r3,(r9+=-8)
	    90    0xa8690004  sw r9,4(r3)
	    91    0x08a30008  addi r3,r5,#8
	    92    0x54670000  ori r7,r3,#0
	    93    0x0068e034  lw r8,(r3+=-4)
	    94    0x15000003  beqz r8,#3
	    95    0x08a60004  addi r6,r5,#4
	    96    0x00000000  nop
	    97    0x50a50004  lw r5,4(r5)
	    98    0xa9050004  sw r5,4(r8)
	    99    0x00000000  nop
	   100    0x50e5fffc  lw r5,-4(r7)
	   101    0x14a00003  beqz r5,#3
	   102    0x00000000  nop
	   103    0x00000000  nop
	   104    0x50c60004  lw r6,4(r6)
	   105    0xa8a60008  sw r6,8(r5)
	   106    0x00000000  nop
	   107    0x5065fffc  lw r5,-4(r3)
	   108    0x0085200a  or r4,r4,r5
	   109    0x24000002  j #2
	   110    0xa864fffc  sw r4,-4(r3)
	   111    0x48030000  lhi r3, #0
.rts
	   112    0x30400000  jr r2
	   113    0x0821fff4  addi r1,r1,#-12
.label __Pvoid_malloc___uint__end
	   114    0x00000000  nop

.text_segment_name
.text global 0 __sint_block_size___Pvoid
	     0    0x48037fff  lhi r3, #32767
	     1    0x5084fffc  lw r4,-4(r4)
	     2    0x5463ffff  ori r3,r3,#65535
	     3    0x00641803  and r3,r3,r4
.rts
	     4    0x30400000  jr r2
	     5    0x88630004  slli r3,r3,#4
.label __sint_block_size___Pvoid__end
	     6    0x0863fffc  addi r3,r3,#-4

.text_segment_name
.text global 0 __Pvoid_calloc___uint___uint
	     0    0x08210008  addi r1,r1,#8
	     1    0xa822fffc  sw r2,-4(r1)
	     2    0x28000000  jal #__sint_mul_called___sint___sint
	     3    0x00000000  nop
	     4    0xa823fff8  sw r3,-8(r1)
	     5    0x28000000  jal #__Pvoid_malloc___uint
	     6    0x54640000  ori r4,r3,#0
	     7    0x14600008  beqz r3,#8
	     8    0x00000000  nop
	     9    0x00000000  nop
	    10    0x5026fff8  lw r6,-8(r1)
	    11    0xa823fff8  sw r3,-8(r1)
	    12    0x54640000  ori r4,r3,#0
	    13    0x28000000  jal #__Pvoid_memset___Pvoid___sint___uint
	    14    0x48050000  lhi r5, #0
	    15    0x24000002  j #2
	    16    0x00000000  nop
	    17    0xa823fff8  sw r3,-8(r1)
	    18    0x00000000  nop
	    19    0x5025fffc  lw r5,-4(r1)
.rts
	    20    0x30a00000  jr r5
	    21    0x5023fff8  lw r3,-8(r1)
.label __Pvoid_calloc___uint___uint__end
	    22    0x0821fff8  addi r1,r1,#-8

.undef global text __Pvoid_malloc___uint

.undef global text __Pvoid_memset___Pvoid___sint___uint

.undef global text __sint_mul_called___sint___sint

.text_segment_name
.text global 0 __Pvoid_realloc___Pvoid___uint
	     0    0x08210010  addi r1,r1,#16
	     1    0x20800004  bnez r4,#4
	     2    0x00000000  nop
	     3    0xa825fffc  sw r5,-4(r1)
	     4    0x54a40000  ori r4,r5,#0
	     5    0x24000000  j #__Pvoid_malloc___uint
	     6    0x0821fff0  addi r1,r1,#-16
	     7    0x20a00007  bnez r5,#7
	     8    0xa822fff8  sw r2,-8(r1)
	     9    0x00000000  nop
	    10    0x28000000  jal #void_free___Pvoid
	    11    0x00000000  nop
	    12    0x5024fff8  lw r4,-8(r1)
.rts
	    13    0x30800000  jr r4
	    14    0x48030000  lhi r3, #0
	    15    0x0821fff0  addi r1,r1,#-16
	    16    0xa824fff4  sw r4,-12(r1)
	    17    0x28000000  jal #__Pvoid_malloc___uint
	    18    0x5024fffc  lw r4,-4(r1)
	    19    0x14600011  beqz r3,#17
	    20    0x00000000  nop
	    21    0x00000000  nop
	    22    0xa823fff0  sw r3,-16(r1)
	    23    0x28000000  jal #__sint_block_size___Pvoid
	    24    0x5024fff4  lw r4,-12(r1)
	    25    0x5024fffc  lw r4,-4(r1)
	    26    0x00642814  sltu r5,r3,r4
	    27    0x20a00002  bnez r5,#2
	    28    0x54660000  ori r6,r3,#0
	    29    0x00000000  nop
	    30    0x54860000  ori r6,r4,#0
	    31    0x5024fff0  lw r4,-16(r1)
	    32    0x28000000  jal #__Pvoid_memcpy___Pvoid___Pvoid___uint
	    33    0x5025fff4  lw r5,-12(r1)
	    34    0x28000000  jal #void_free___Pvoid
	    35    0x5024fff4  lw r4,-12(r1)
	    36    0x24000002  j #2
	    37    0x00000000  nop
	    38    0xa823fff0  sw r3,-16(r1)
	    39    0x00000000  nop
	    40    0x5024fff8  lw r4,-8(r1)
.rts
	    41    0x30800000  jr r4
	    42    0x5023fff0  lw r3,-16(r1)
.label __Pvoid_realloc___Pvoid___uint__end
	    43    0x0821fff0  addi r1,r1,#-16

.undef global text void_free___Pvoid

.undef global text __Pvoid_malloc___uint

.undef global text __sint_block_size___Pvoid

.undef global text __Pvoid_memcpy___Pvoid___Pvoid___uint

