
; File generated by darts version N-2018.03#7d02e3ca79#180723, Thu Feb 28 14:35:39 2019
; Copyright 2014-2018 Synopsys, Inc. All rights reserved.
; darts -B -I.. +p -d -h -I../runtime/include -I../../io_modules -I/CMC/tools/synopsys/asip_designer_vN-2018.03-SP3/linux64/chessdir/../examples/io_modules -D__tct_patch__=300 -L +Ihex lib/Release/qsort.o tlx

; Release: ipd N-2018.03-SP3
.text_segment_name
.text global 0 __P__cchar_med3___P__cchar___P__cchar___P__cchar___P__sint_____Pvoid___Pvoid
	     0    0x08210014  addi r1,r1,#20
	     1    0xa826fff8  sw r6,-8(r1)
	     2    0xa825fff4  sw r5,-12(r1)
	     3    0xa824fff0  sw r4,-16(r1)
	     4    0xa822ffec  sw r2,-20(r1)
	     5    0x2ce00000  jalr r7
	     6    0xa827fffc  sw r7,-4(r1)
	     7    0x00000000  nop
	     8    0x00603813  slt r7,r3,r0
	     9    0x5024fff4  lw r4,-12(r1)
	    10    0x20e00014  bnez r7,#20
	    11    0x5025fff8  lw r5,-8(r1)
	    12    0x5023fffc  lw r3,-4(r1)
	    13    0x2c600000  jalr r3
	    14    0x00000000  nop
	    15    0x00000000  nop
	    16    0x0060200e  sgt r4,r3,r0
	    17    0x2080000b  bnez r4,#11
	    18    0x5025fff8  lw r5,-8(r1)
	    19    0x00000000  nop
	    20    0x5023fffc  lw r3,-4(r1)
	    21    0x2c600000  jalr r3
	    22    0x5024fff0  lw r4,-16(r1)
	    23    0x00000000  nop
	    24    0x00602813  slt r5,r3,r0
	    25    0x20a00017  bnez r5,#23
	    26    0x5023fff0  lw r3,-16(r1)
	    27    0x00000000  nop
	    28    0x24000015  j #21
	    29    0x5023fff8  lw r3,-8(r1)
	    30    0x24000013  j #19
	    31    0x5023fff4  lw r3,-12(r1)
	    32    0x2c600000  jalr r3
	    33    0x00000000  nop
	    34    0x00000000  nop
	    35    0x00602013  slt r4,r3,r0
	    36    0x2080000b  bnez r4,#11
	    37    0x5025fff8  lw r5,-8(r1)
	    38    0x00000000  nop
	    39    0x5023fffc  lw r3,-4(r1)
	    40    0x2c600000  jalr r3
	    41    0x5024fff0  lw r4,-16(r1)
	    42    0x00000000  nop
	    43    0x00602813  slt r5,r3,r0
	    44    0x20a00004  bnez r5,#4
	    45    0x5023fff8  lw r3,-8(r1)
	    46    0x00000000  nop
	    47    0x24000002  j #2
	    48    0x5023fff0  lw r3,-16(r1)
	    49    0x5023fff4  lw r3,-12(r1)
	    50    0x5025ffec  lw r5,-20(r1)
.rts
	    51    0x30a00000  jr r5
	    52    0x0821ffec  addi r1,r1,#-20
.label __P__cchar_med3___P__cchar___P__cchar___P__cchar___P__sint_____Pvoid___Pvoid__end
	    53    0x00000000  nop

.text_segment_name
.text global 0 void_qsort___Pvoid___uint___uint___P__sint_____Pvoid___Pvoid
	     0    0x08210078  addi r1,r1,#120
	     1    0x54a30000  ori r3,r5,#0
	     2    0xa825fffc  sw r5,-4(r1)
	     3    0xa827fff8  sw r7,-8(r1)
.label __ll1_void_qsort___Pvoid___uint___uint___P__sint_____Pvoid___Pvoid
	     4    0x10850003  andi r5,r4,#3
	     5    0x10c70003  andi r7,r6,#3
	     6    0x00a02815  sne r5,r5,r0
	     7    0x00e03815  sne r7,r7,r0
	     8    0xa826ffe8  sw r6,-24(r1)
	     9    0x00a7280a  or r5,r5,r7
	    10    0xa822ffec  sw r2,-20(r1)
	    11    0xa824ffe4  sw r4,-28(r1)
	    12    0x20a00003  bnez r5,#3
	    13    0x54080002  ori r8,r0,#2
	    14    0xa828fff0  sw r8,-16(r1)
	    15    0x94c50004  snei r5,r6,#4
	    16    0xa825fff0  sw r5,-16(r1)
	    17    0x00862801  add r5,r4,r6
	    18    0xa825ffe0  sw r5,-32(r1)
	    19    0x54640000  ori r4,r3,#0
	    20    0x28000000  jal #__sint_mul_called___sint___sint
	    21    0x5025ffe8  lw r5,-24(r1)
	    22    0x5025ffe8  lw r5,-24(r1)
	    23    0x502bffe4  lw r11,-28(r1)
	    24    0x08a8ffff  addi r8,r5,#-1
	    25    0x006b1801  add r3,r3,r11
	    26    0x9ca40002  srli r4,r5,#2
	    27    0x090b0001  addi r11,r8,#1
	    28    0x0100300e  sgt r6,r8,r0
	    29    0x0889ffff  addi r9,r4,#-1
	    30    0x5027ffe0  lw r7,-32(r1)
	    31    0x502afff0  lw r10,-16(r1)
	    32    0xa823ffcc  sw r3,-52(r1)
	    33    0x814a0001  slei r10,r10,#1
	    34    0x09240001  addi r4,r9,#1
	    35    0x00e53818  sub r7,r7,r5
	    36    0x5028fffc  lw r8,-4(r1)
	    37    0xa826ffdc  sw r6,-36(r1)
	    38    0xa827ffd4  sw r7,-44(r1)
	    39    0xa82affd0  sw r10,-48(r1)
	    40    0x91030007  sltui r3,r8,#7
	    41    0xa824ffc4  sw r4,-60(r1)
	    42    0xa82bffd8  sw r11,-40(r1)
	    43    0x2060025d  bnez r3,#605
	    44    0x0120480e  sgt r9,r9,r0
	    45    0xa829ffc8  sw r9,-56(r1)
	    46    0x28000000  jal #__sint_mul_called___sint___sint
	    47    0x9d040001  srli r4,r8,#1
	    48    0x5024ffe4  lw r4,-28(r1)
	    49    0x00641801  add r3,r3,r4
	    50    0x5024fffc  lw r4,-4(r1)
	    51    0x5025ffe8  lw r5,-24(r1)
	    52    0xa823ffc0  sw r3,-64(r1)
	    53    0x28000000  jal #__sint_mul_called___sint___sint
	    54    0x0884ffff  addi r4,r4,#-1
	    55    0x5024ffe4  lw r4,-28(r1)
	    56    0x00643001  add r6,r3,r4
	    57    0x5025fffc  lw r5,-4(r1)
	    58    0x84a30007  sleui r3,r5,#7
	    59    0x20600026  bnez r3,#38
	    60    0x00000000  nop
	    61    0x00000000  nop
	    62    0x84a30028  sleui r3,r5,#40
	    63    0x2060001e  bnez r3,#30
	    64    0x5027fff8  lw r7,-8(r1)
	    65    0xa826fffc  sw r6,-4(r1)
	    66    0x9ca40003  srli r4,r5,#3
	    67    0x28000000  jal #__sint_mul_called___sint___sint
	    68    0x5025ffe8  lw r5,-24(r1)
	    69    0x88660001  slli r6,r3,#1
	    70    0x5024ffe4  lw r4,-28(r1)
	    71    0x00642801  add r5,r3,r4
	    72    0x5027fff8  lw r7,-8(r1)
	    73    0xa823ffbc  sw r3,-68(r1)
	    74    0xa826ffb8  sw r6,-72(r1)
	    75    0x28000000  jal #__P__cchar_med3___P__cchar___P__cchar___P__cchar___P__sint_____Pvoid___Pvoid
	    76    0x00863001  add r6,r4,r6
	    77    0x5024ffbc  lw r4,-68(r1)
	    78    0x5025ffc0  lw r5,-64(r1)
	    79    0x00853001  add r6,r4,r5
	    80    0x5027fff8  lw r7,-8(r1)
	    81    0xa823ffb4  sw r3,-76(r1)
	    82    0x28000000  jal #__P__cchar_med3___P__cchar___P__cchar___P__cchar___P__sint_____Pvoid___Pvoid
	    83    0x00a42018  sub r4,r5,r4
	    84    0x5026fffc  lw r6,-4(r1)
	    85    0x5024ffb8  lw r4,-72(r1)
	    86    0x00c42018  sub r4,r6,r4
	    87    0x5025ffbc  lw r5,-68(r1)
	    88    0x5027fff8  lw r7,-8(r1)
	    89    0xa823ffc0  sw r3,-64(r1)
	    90    0x28000000  jal #__P__cchar_med3___P__cchar___P__cchar___P__cchar___P__sint_____Pvoid___Pvoid
	    91    0x00c52818  sub r5,r6,r5
	    92    0x5027fff8  lw r7,-8(r1)
	    93    0x5024ffb4  lw r4,-76(r1)
	    94    0x54660000  ori r6,r3,#0
	    95    0x28000000  jal #__P__cchar_med3___P__cchar___P__cchar___P__cchar___P__sint_____Pvoid___Pvoid
	    96    0x5025ffc0  lw r5,-64(r1)
	    97    0x24000004  j #4
	    98    0x5027fff0  lw r7,-16(r1)
	    99    0x5023ffc0  lw r3,-64(r1)
	   100    0x5027fff0  lw r7,-16(r1)
	   101    0xa826fffc  sw r6,-4(r1)
	   102    0x14e0002b  beqz r7,#43
	   103    0x5024ffe4  lw r4,-28(r1)
	   104    0x00000000  nop
	   105    0x5025ffd0  lw r5,-48(r1)
	   106    0x20a00014  bnez r5,#20
	   107    0x00000000  nop
	   108    0x00000000  nop
	   109    0x5026ffdc  lw r6,-36(r1)
	   110    0x20c00002  bnez r6,#2
	   111    0x5025ffd8  lw r5,-40(r1)
	   112    0x00000000  nop
	   113    0x54050001  ori r5,r0,#1
.rela 4 ZLS_Fvoid_qsort___Pvoid___uint___uint___P__sint_____Pvoid___Pvoid_121 0
	   114    0x48080079  lhi r8, #121
.rela 4 ZLE_Fvoid_qsort___Pvoid___uint___uint___P__sint_____Pvoid___Pvoid_125 0
	   115    0x4806007d  lhi r6, #125
.rela 5 ZLS_Fvoid_qsort___Pvoid___uint___uint___P__sint_____Pvoid___Pvoid_121 0
	   116    0x55080079  ori r8,r8,#121
.rela 5 ZLE_Fvoid_qsort___Pvoid___uint___uint___P__sint_____Pvoid___Pvoid_125 0
	   117    0x54c6007d  ori r6,r6,#125
	   118    0xbca00000  bor lc,r5,#0
	   119    0xbd010000  bor ls,r8,#0
	   120    0xbcc20000  bor le,r6,#0
.label ZLS_Fvoid_qsort___Pvoid___uint___uint___P__sint_____Pvoid___Pvoid_121
	   121    0x34850000  lb r5,0(r4)
	   122    0x34660000  lb r6,0(r3)
	   123    0x00860835  sb r6,(r4+=1)
	   124    0x00650835  sb r5,(r3+=1)
.label ZLE_Fvoid_qsort___Pvoid___uint___uint___P__sint_____Pvoid___Pvoid_125
	   125    0x00000000  nop
	   126    0x24000018  j #24
	   127    0x00000000  nop
	   128    0x5026ffc8  lw r6,-56(r1)
	   129    0x20c00002  bnez r6,#2
	   130    0x5025ffc4  lw r5,-60(r1)
	   131    0x00000000  nop
	   132    0x54050001  ori r5,r0,#1
.rela 4 ZLS_Fvoid_qsort___Pvoid___uint___uint___P__sint_____Pvoid___Pvoid_140 0
	   133    0x4808008c  lhi r8, #140
.rela 4 ZLE_Fvoid_qsort___Pvoid___uint___uint___P__sint_____Pvoid___Pvoid_144 0
	   134    0x48060090  lhi r6, #144
.rela 5 ZLS_Fvoid_qsort___Pvoid___uint___uint___P__sint_____Pvoid___Pvoid_140 0
	   135    0x5508008c  ori r8,r8,#140
.rela 5 ZLE_Fvoid_qsort___Pvoid___uint___uint___P__sint_____Pvoid___Pvoid_144 0
	   136    0x54c60090  ori r6,r6,#144
	   137    0xbca00000  bor lc,r5,#0
	   138    0xbd010000  bor ls,r8,#0
	   139    0xbcc20000  bor le,r6,#0
.label ZLS_Fvoid_qsort___Pvoid___uint___uint___P__sint_____Pvoid___Pvoid_140
	   140    0x50850000  lw r5,0(r4)
	   141    0x50660000  lw r6,0(r3)
	   142    0x00862037  sw r6,(r4+=4)
	   143    0x00652037  sw r5,(r3+=4)
.label ZLE_Fvoid_qsort___Pvoid___uint___uint___P__sint_____Pvoid___Pvoid_144
	   144    0x00000000  nop
	   145    0x24000005  j #5
	   146    0x00000000  nop
	   147    0x50650000  lw r5,0(r3)
	   148    0x50860000  lw r6,0(r4)
	   149    0xa8850000  sw r5,0(r4)
	   150    0xa8660000  sw r6,0(r3)
.rela 4 ZLE_Fvoid_qsort___Pvoid___uint___uint___P__sint_____Pvoid___Pvoid_304 0
	   151    0x480a0130  lhi r10, #304
.rela 4 ZLS_Fvoid_qsort___Pvoid___uint___uint___P__sint_____Pvoid___Pvoid_236 0
	   152    0x480400ec  lhi r4, #236
.rela 5 ZLE_Fvoid_qsort___Pvoid___uint___uint___P__sint_____Pvoid___Pvoid_304 0
	   153    0x554b0130  ori r11,r10,#304
	   154    0x5023fffc  lw r3,-4(r1)
.rela 4 ZLS_Fvoid_qsort___Pvoid___uint___uint___P__sint_____Pvoid___Pvoid_318 0
	   155    0x4805013e  lhi r5, #318
.rela 5 ZLS_Fvoid_qsort___Pvoid___uint___uint___P__sint_____Pvoid___Pvoid_236 0
	   156    0x548400ec  ori r4,r4,#236
.rela 4 ZLS_Fvoid_qsort___Pvoid___uint___uint___P__sint_____Pvoid___Pvoid_300 0
	   157    0x4808012c  lhi r8, #300
.rela 5 ZLS_Fvoid_qsort___Pvoid___uint___uint___P__sint_____Pvoid___Pvoid_318 0
	   158    0x54aa013e  ori r10,r5,#318
	   159    0xa824ffa8  sw r4,-88(r1)
.rela 4 ZLE_Fvoid_qsort___Pvoid___uint___uint___P__sint_____Pvoid___Pvoid_322 0
	   160    0x480c0142  lhi r12, #322
	   161    0xa823ffc0  sw r3,-64(r1)
.rela 4 ZLE_Fvoid_qsort___Pvoid___uint___uint___P__sint_____Pvoid___Pvoid_222 0
	   162    0x480900de  lhi r9, #222
.rela 5 ZLS_Fvoid_qsort___Pvoid___uint___uint___P__sint_____Pvoid___Pvoid_300 0
	   163    0x5508012c  ori r8,r8,#300
.rela 5 ZLE_Fvoid_qsort___Pvoid___uint___uint___P__sint_____Pvoid___Pvoid_322 0
	   164    0x55840142  ori r4,r12,#322
	   165    0xa828ffb4  sw r8,-76(r1)
	   166    0xa82affb0  sw r10,-80(r1)
.rela 5 ZLE_Fvoid_qsort___Pvoid___uint___uint___P__sint_____Pvoid___Pvoid_222 0
	   167    0x552900de  ori r9,r9,#222
.rela 4 ZLS_Fvoid_qsort___Pvoid___uint___uint___P__sint_____Pvoid___Pvoid_394 0
	   168    0x4803018a  lhi r3, #394
.rela 4 ZLE_Fvoid_qsort___Pvoid___uint___uint___P__sint_____Pvoid___Pvoid_398 0
	   169    0x4805018e  lhi r5, #398
.rela 4 ZLE_Fvoid_qsort___Pvoid___uint___uint___P__sint_____Pvoid___Pvoid_240 0
	   170    0x480600f0  lhi r6, #240
.rela 5 ZLS_Fvoid_qsort___Pvoid___uint___uint___P__sint_____Pvoid___Pvoid_394 0
	   171    0x546a018a  ori r10,r3,#394
.rela 5 ZLE_Fvoid_qsort___Pvoid___uint___uint___P__sint_____Pvoid___Pvoid_398 0
	   172    0x54ac018e  ori r12,r5,#398
	   173    0xa829ffbc  sw r9,-68(r1)
.rela 4 ZLE_Fvoid_qsort___Pvoid___uint___uint___P__sint_____Pvoid___Pvoid_380 0
	   174    0x4808017c  lhi r8, #380
	   175    0xa82bffb8  sw r11,-72(r1)
.rela 5 ZLE_Fvoid_qsort___Pvoid___uint___uint___P__sint_____Pvoid___Pvoid_240 0
	   176    0x54c600f0  ori r6,r6,#240
.rela 5 ZLE_Fvoid_qsort___Pvoid___uint___uint___P__sint_____Pvoid___Pvoid_380 0
	   177    0x550e017c  ori r14,r8,#380
.rela 4 ZLS_Fvoid_qsort___Pvoid___uint___uint___P__sint_____Pvoid___Pvoid_376 0
	   178    0x48090178  lhi r9, #376
	   179    0x5025fffc  lw r5,-4(r1)
.rela 4 ZLS_Fvoid_qsort___Pvoid___uint___uint___P__sint_____Pvoid___Pvoid_218 0
	   180    0x480b00da  lhi r11, #218
	   181    0xa82affa0  sw r10,-96(r1)
	   182    0xa824ff9c  sw r4,-100(r1)
	   183    0xa826ffac  sw r6,-84(r1)
.rela 5 ZLS_Fvoid_qsort___Pvoid___uint___uint___P__sint_____Pvoid___Pvoid_376 0
	   184    0x552d0178  ori r13,r9,#376
	   185    0x5023fff4  lw r3,-12(r1)
	   186    0xa82efffc  sw r14,-4(r1)
.rela 5 ZLS_Fvoid_qsort___Pvoid___uint___uint___P__sint_____Pvoid___Pvoid_218 0
	   187    0x556b00da  ori r11,r11,#218
	   188    0xa82cffa4  sw r12,-92(r1)
	   189    0xa82dfff4  sw r13,-12(r1)
	   190    0xa82bff98  sw r11,-104(r1)
	   191    0x480e0000  lhi r14, #0
	   192    0x5028ffdc  lw r8,-36(r1)
	   193    0x5026ffd0  lw r6,-48(r1)
	   194    0x5029ffe8  lw r9,-24(r1)
	   195    0x5024ffe0  lw r4,-32(r1)
	   196    0x502affe0  lw r10,-32(r1)
	   197    0x502cffbc  lw r12,-68(r1)
	   198    0x24000033  j #51
	   199    0xa825ff94  sw r5,-108(r1)
	   200    0x2060002f  bnez r3,#47
	   201    0x00000000  nop
	   202    0x00000000  nop
	   203    0x14e00026  beqz r7,#38
	   204    0x00000000  nop
	   205    0x00000000  nop
	   206    0x20c00011  bnez r6,#17
	   207    0x00000000  nop
	   208    0x00000000  nop
	   209    0x21000002  bnez r8,#2
	   210    0x502dffd8  lw r13,-40(r1)
	   211    0x00000000  nop
	   212    0x540d0001  ori r13,r0,#1
	   213    0xbda00000  bor lc,r13,#0
	   214    0x554e0000  ori r14,r10,#0
	   215    0xbd610000  bor ls,r11,#0
	   216    0xbd820000  bor le,r12,#0
	   217    0x548d0000  ori r13,r4,#0
.label ZLS_Fvoid_qsort___Pvoid___uint___uint___P__sint_____Pvoid___Pvoid_218
	   218    0x35cf0000  lb r15,0(r14)
	   219    0x35a20000  lb r2,0(r13)
	   220    0x01c20835  sb r2,(r14+=1)
	   221    0x01af0835  sb r15,(r13+=1)
.label ZLE_Fvoid_qsort___Pvoid___uint___uint___P__sint_____Pvoid___Pvoid_222
	   222    0x00000000  nop
	   223    0x24000017  j #23
	   224    0x00000000  nop
	   225    0x502fffc8  lw r15,-56(r1)
	   226    0x21e00002  bnez r15,#2
	   227    0x502effc4  lw r14,-60(r1)
	   228    0x502dffa8  lw r13,-88(r1)
	   229    0x540e0001  ori r14,r0,#1
	   230    0xbdc00000  bor lc,r14,#0
	   231    0xbda10000  bor ls,r13,#0
	   232    0x502fffac  lw r15,-84(r1)
	   233    0x554e0000  ori r14,r10,#0
	   234    0xbde20000  bor le,r15,#0
	   235    0x548d0000  ori r13,r4,#0
.label ZLS_Fvoid_qsort___Pvoid___uint___uint___P__sint_____Pvoid___Pvoid_236
	   236    0x51cf0000  lw r15,0(r14)
	   237    0x51a20000  lw r2,0(r13)
	   238    0x01c22037  sw r2,(r14+=4)
	   239    0x01af2037  sw r15,(r13+=4)
.label ZLE_Fvoid_qsort___Pvoid___uint___uint___P__sint_____Pvoid___Pvoid_240
	   240    0x00000000  nop
	   241    0x24000005  j #5
	   242    0x00000000  nop
	   243    0x514d0000  lw r13,0(r10)
	   244    0x508e0000  lw r14,0(r4)
	   245    0xa94e0000  sw r14,0(r10)
	   246    0xa88d0000  sw r13,0(r4)
	   247    0x012a5001  add r10,r9,r10
	   248    0x540e0001  ori r14,r0,#1
	   249    0x00892001  add r4,r4,r9
.label __ll4_void_qsort___Pvoid___uint___uint___P__sint_____Pvoid___Pvoid
	   250    0x0085680f  sgtu r13,r4,r5
	   251    0x21a00014  bnez r13,#20
	   252    0x00000000  nop
	   253    0x00000000  nop
	   254    0x5023fff8  lw r3,-8(r1)
	   255    0xa82aff88  sw r10,-120(r1)
	   256    0xa82eff8c  sw r14,-116(r1)
	   257    0xa824ff90  sw r4,-112(r1)
	   258    0x2c600000  jalr r3
	   259    0x00000000  nop
	   260    0x5025ffe4  lw r5,-28(r1)
	   261    0x00606810  sle r13,r3,r0
	   262    0x5025ff94  lw r5,-108(r1)
	   263    0x502aff88  lw r10,-120(r1)
	   264    0x5027fff0  lw r7,-16(r1)
	   265    0x502eff8c  lw r14,-116(r1)
	   266    0x5026ffd0  lw r6,-48(r1)
	   267    0x5028ffdc  lw r8,-36(r1)
	   268    0x502bff98  lw r11,-104(r1)
	   269    0x502cffbc  lw r12,-68(r1)
	   270    0x21a0ffb8  bnez r13,#-72
	   271    0x5029ffe8  lw r9,-24(r1)
	   272    0x5024ff90  lw r4,-112(r1)
	   273    0x502bffc0  lw r11,-64(r1)
	   274    0x54a20000  ori r2,r5,#0
	   275    0x502cffb4  lw r12,-76(r1)
	   276    0x502dffb8  lw r13,-72(r1)
	   277    0xa824ffc0  sw r4,-64(r1)
	   278    0xa82aff94  sw r10,-108(r1)
	   279    0x54850000  ori r5,r4,#0
	   280    0x24000033  j #51
	   281    0x54440000  ori r4,r2,#0
	   282    0x2060002f  bnez r3,#47
	   283    0x00000000  nop
	   284    0x00000000  nop
	   285    0x14e00026  beqz r7,#38
	   286    0x00000000  nop
	   287    0x00000000  nop
	   288    0x20c00011  bnez r6,#17
	   289    0x00000000  nop
	   290    0x00000000  nop
	   291    0x21000002  bnez r8,#2
	   292    0x502affd8  lw r10,-40(r1)
	   293    0x00000000  nop
	   294    0x540a0001  ori r10,r0,#1
	   295    0xbd400000  bor lc,r10,#0
	   296    0x548e0000  ori r14,r4,#0
	   297    0xbd810000  bor ls,r12,#0
	   298    0xbda20000  bor le,r13,#0
	   299    0x556a0000  ori r10,r11,#0
.label ZLS_Fvoid_qsort___Pvoid___uint___uint___P__sint_____Pvoid___Pvoid_300
	   300    0x35cf0000  lb r15,0(r14)
	   301    0x35420000  lb r2,0(r10)
	   302    0x01c20835  sb r2,(r14+=1)
	   303    0x014f0835  sb r15,(r10+=1)
.label ZLE_Fvoid_qsort___Pvoid___uint___uint___P__sint_____Pvoid___Pvoid_304
	   304    0x00000000  nop
	   305    0x24000017  j #23
	   306    0x00000000  nop
	   307    0x502fffc8  lw r15,-56(r1)
	   308    0x21e00002  bnez r15,#2
	   309    0x502effc4  lw r14,-60(r1)
	   310    0x502affb0  lw r10,-80(r1)
	   311    0x540e0001  ori r14,r0,#1
	   312    0xbdc00000  bor lc,r14,#0
	   313    0xbd410000  bor ls,r10,#0
	   314    0x502fff9c  lw r15,-100(r1)
	   315    0x548e0000  ori r14,r4,#0
	   316    0xbde20000  bor le,r15,#0
	   317    0x556a0000  ori r10,r11,#0
.label ZLS_Fvoid_qsort___Pvoid___uint___uint___P__sint_____Pvoid___Pvoid_318
	   318    0x51cf0000  lw r15,0(r14)
	   319    0x51420000  lw r2,0(r10)
	   320    0x01c22037  sw r2,(r14+=4)
	   321    0x014f2037  sw r15,(r10+=4)
.label ZLE_Fvoid_qsort___Pvoid___uint___uint___P__sint_____Pvoid___Pvoid_322
	   322    0x00000000  nop
	   323    0x24000005  j #5
	   324    0x00000000  nop
	   325    0x508a0000  lw r10,0(r4)
	   326    0x516e0000  lw r14,0(r11)
	   327    0xa88e0000  sw r14,0(r4)
	   328    0xa96a0000  sw r10,0(r11)
	   329    0x01695818  sub r11,r11,r9
	   330    0x540e0001  ori r14,r0,#1
	   331    0x00892018  sub r4,r4,r9
.label __ll5_void_qsort___Pvoid___uint___uint___P__sint_____Pvoid___Pvoid
	   332    0x00a4500f  sgtu r10,r5,r4
	   333    0x21400014  bnez r10,#20
	   334    0x00000000  nop
	   335    0x00000000  nop
	   336    0x5023fff8  lw r3,-8(r1)
	   337    0xa82bff88  sw r11,-120(r1)
	   338    0xa82eff8c  sw r14,-116(r1)
	   339    0xa824ff90  sw r4,-112(r1)
	   340    0x2c600000  jalr r3
	   341    0x00000000  nop
	   342    0x5025ffe4  lw r5,-28(r1)
	   343    0x0060500c  sge r10,r3,r0
	   344    0x5025ffc0  lw r5,-64(r1)
	   345    0x502bff88  lw r11,-120(r1)
	   346    0x5027fff0  lw r7,-16(r1)
	   347    0x502eff8c  lw r14,-116(r1)
	   348    0x5026ffd0  lw r6,-48(r1)
	   349    0x5028ffdc  lw r8,-36(r1)
	   350    0x502cffb4  lw r12,-76(r1)
	   351    0x502dffb8  lw r13,-72(r1)
	   352    0x2140ffb8  bnez r10,#-72
	   353    0x5029ffe8  lw r9,-24(r1)
	   354    0x5024ff90  lw r4,-112(r1)
	   355    0x548a0000  ori r10,r4,#0
	   356    0x00aa200f  sgtu r4,r5,r10
	   357    0x20800034  bnez r4,#52
	   358    0xa82bffc0  sw r11,-64(r1)
	   359    0x00000000  nop
	   360    0x14e00027  beqz r7,#39
	   361    0x00000000  nop
	   362    0x00000000  nop
	   363    0x20c00012  bnez r6,#18
	   364    0x00000000  nop
	   365    0x00000000  nop
	   366    0x21000002  bnez r8,#2
	   367    0x502bffd8  lw r11,-40(r1)
	   368    0x5024fff4  lw r4,-12(r1)
	   369    0x540b0001  ori r11,r0,#1
	   370    0xbd600000  bor lc,r11,#0
	   371    0xbc810000  bor ls,r4,#0
	   372    0x502cfffc  lw r12,-4(r1)
	   373    0x54ab0000  ori r11,r5,#0
	   374    0xbd820000  bor le,r12,#0
	   375    0x55440000  ori r4,r10,#0
.label ZLS_Fvoid_qsort___Pvoid___uint___uint___P__sint_____Pvoid___Pvoid_376
	   376    0x356c0000  lb r12,0(r11)
	   377    0x348d0000  lb r13,0(r4)
	   378    0x016d0835  sb r13,(r11+=1)
	   379    0x008c0835  sb r12,(r4+=1)
.label ZLE_Fvoid_qsort___Pvoid___uint___uint___P__sint_____Pvoid___Pvoid_380
	   380    0x00000000  nop
	   381    0x24000017  j #23
	   382    0x00000000  nop
	   383    0x502cffc8  lw r12,-56(r1)
	   384    0x21800002  bnez r12,#2
	   385    0x502bffc4  lw r11,-60(r1)
	   386    0x5024ffa0  lw r4,-96(r1)
	   387    0x540b0001  ori r11,r0,#1
	   388    0xbd600000  bor lc,r11,#0
	   389    0xbc810000  bor ls,r4,#0
	   390    0x502cffa4  lw r12,-92(r1)
	   391    0x54ab0000  ori r11,r5,#0
	   392    0xbd820000  bor le,r12,#0
	   393    0x55440000  ori r4,r10,#0
.label ZLS_Fvoid_qsort___Pvoid___uint___uint___P__sint_____Pvoid___Pvoid_394
	   394    0x516c0000  lw r12,0(r11)
	   395    0x508d0000  lw r13,0(r4)
	   396    0x016d2037  sw r13,(r11+=4)
	   397    0x008c2037  sw r12,(r4+=4)
.label ZLE_Fvoid_qsort___Pvoid___uint___uint___P__sint_____Pvoid___Pvoid_398
	   398    0x00000000  nop
	   399    0x24000005  j #5
	   400    0x00000000  nop
	   401    0x50a40000  lw r4,0(r5)
	   402    0x514b0000  lw r11,0(r10)
	   403    0xa8ab0000  sw r11,0(r5)
	   404    0xa9440000  sw r4,0(r10)
	   405    0x00a92001  add r4,r5,r9
	   406    0x01492818  sub r5,r10,r9
	   407    0x540e0001  ori r14,r0,#1
	   408    0x502bff98  lw r11,-104(r1)
	   409    0x27ffff2b  j #-213
	   410    0x502aff94  lw r10,-108(r1)
.label __ll7_void_qsort___Pvoid___uint___uint___P__sint_____Pvoid___Pvoid
	   411    0x15c0008f  beqz r14,#143
	   412    0x00000000  nop
	   413    0x00000000  nop
	   414    0x5023ff94  lw r3,-108(r1)
	   415    0x00a32018  sub r4,r5,r3
	   416    0x5027ffe4  lw r7,-28(r1)
	   417    0x00671818  sub r3,r3,r7
	   418    0x00644013  slt r8,r3,r4
	   419    0x21000002  bnez r8,#2
	   420    0x00000000  nop
	   421    0x00000000  nop
	   422    0x54830000  ori r3,r4,#0
	   423    0x00604010  sle r8,r3,r0
	   424    0x2100002d  bnez r8,#45
	   425    0x00000000  nop
	   426    0x00000000  nop
	   427    0x20c00015  bnez r6,#21
	   428    0x00a34018  sub r8,r5,r3
	   429    0x00000000  nop
	   430    0x086cffff  addi r12,r3,#-1
	   431    0x01806810  sle r13,r12,r0
	   432    0x21a00002  bnez r13,#2
	   433    0x540b0001  ori r11,r0,#1
	   434    0x54030001  ori r3,r0,#1
	   435    0x098b0001  addi r11,r12,#1
.rela 4 ZLS_Fvoid_qsort___Pvoid___uint___uint___P__sint_____Pvoid___Pvoid_443 0
	   436    0x480d01bb  lhi r13, #443
.rela 4 ZLE_Fvoid_qsort___Pvoid___uint___uint___P__sint_____Pvoid___Pvoid_447 0
	   437    0x480c01bf  lhi r12, #447
.rela 5 ZLS_Fvoid_qsort___Pvoid___uint___uint___P__sint_____Pvoid___Pvoid_443 0
	   438    0x55ad01bb  ori r13,r13,#443
.rela 5 ZLE_Fvoid_qsort___Pvoid___uint___uint___P__sint_____Pvoid___Pvoid_447 0
	   439    0x558c01bf  ori r12,r12,#447
	   440    0xbd600000  bor lc,r11,#0
	   441    0xbda10000  bor ls,r13,#0
	   442    0xbd820000  bor le,r12,#0
.label ZLS_Fvoid_qsort___Pvoid___uint___uint___P__sint_____Pvoid___Pvoid_443
	   443    0x34eb0000  lb r11,0(r7)
	   444    0x350c0000  lb r12,0(r8)
	   445    0x00ec0835  sb r12,(r7+=1)
	   446    0x010b0835  sb r11,(r8+=1)
.label ZLE_Fvoid_qsort___Pvoid___uint___uint___P__sint_____Pvoid___Pvoid_447
	   447    0x00000000  nop
	   448    0x24000017  j #23
	   449    0x00000000  nop
	   450    0x9c630002  srli r3,r3,#2
	   451    0x086cffff  addi r12,r3,#-1
	   452    0x01806810  sle r13,r12,r0
	   453    0x21a00002  bnez r13,#2
	   454    0x540b0001  ori r11,r0,#1
	   455    0x54030001  ori r3,r0,#1
	   456    0x098b0001  addi r11,r12,#1
.rela 4 ZLS_Fvoid_qsort___Pvoid___uint___uint___P__sint_____Pvoid___Pvoid_464 0
	   457    0x480d01d0  lhi r13, #464
.rela 4 ZLE_Fvoid_qsort___Pvoid___uint___uint___P__sint_____Pvoid___Pvoid_468 0
	   458    0x480c01d4  lhi r12, #468
.rela 5 ZLS_Fvoid_qsort___Pvoid___uint___uint___P__sint_____Pvoid___Pvoid_464 0
	   459    0x55ad01d0  ori r13,r13,#464
.rela 5 ZLE_Fvoid_qsort___Pvoid___uint___uint___P__sint_____Pvoid___Pvoid_468 0
	   460    0x558c01d4  ori r12,r12,#468
	   461    0xbd600000  bor lc,r11,#0
	   462    0xbda10000  bor ls,r13,#0
	   463    0xbd820000  bor le,r12,#0
.label ZLS_Fvoid_qsort___Pvoid___uint___uint___P__sint_____Pvoid___Pvoid_464
	   464    0x50eb0000  lw r11,0(r7)
	   465    0x510c0000  lw r12,0(r8)
	   466    0x00ec2037  sw r12,(r7+=4)
	   467    0x010b2037  sw r11,(r8+=4)
.label ZLE_Fvoid_qsort___Pvoid___uint___uint___P__sint_____Pvoid___Pvoid_468
	   468    0x00000000  nop
	   469    0x24000002  j #2
	   470    0x00000000  nop
	   471    0x54030001  ori r3,r0,#1
	   472    0x5027ffcc  lw r7,-52(r1)
	   473    0x5028ffc0  lw r8,-64(r1)
	   474    0x00e85818  sub r11,r7,r8
	   475    0x010a4018  sub r8,r8,r10
	   476    0x01695018  sub r10,r11,r9
	   477    0x010a5813  slt r11,r8,r10
	   478    0x21600002  bnez r11,#2
	   479    0xa828fff4  sw r8,-12(r1)
	   480    0x00000000  nop
	   481    0x55480000  ori r8,r10,#0
	   482    0x01005010  sle r10,r8,r0
	   483    0x2140002b  bnez r10,#43
	   484    0x00000000  nop
	   485    0x00000000  nop
	   486    0x20c00015  bnez r6,#21
	   487    0x00e83818  sub r7,r7,r8
	   488    0x00000000  nop
	   489    0x0906ffff  addi r6,r8,#-1
	   490    0x00c04010  sle r8,r6,r0
	   491    0x21000002  bnez r8,#2
	   492    0x00000000  nop
	   493    0x00000000  nop
	   494    0x08c30001  addi r3,r6,#1
.rela 4 ZLS_Fvoid_qsort___Pvoid___uint___uint___P__sint_____Pvoid___Pvoid_502 0
	   495    0x480801f6  lhi r8, #502
.rela 4 ZLE_Fvoid_qsort___Pvoid___uint___uint___P__sint_____Pvoid___Pvoid_506 0
	   496    0x480601fa  lhi r6, #506
.rela 5 ZLS_Fvoid_qsort___Pvoid___uint___uint___P__sint_____Pvoid___Pvoid_502 0
	   497    0x550801f6  ori r8,r8,#502
.rela 5 ZLE_Fvoid_qsort___Pvoid___uint___uint___P__sint_____Pvoid___Pvoid_506 0
	   498    0x54c601fa  ori r6,r6,#506
	   499    0xbc600000  bor lc,r3,#0
	   500    0xbd010000  bor ls,r8,#0
	   501    0xbcc20000  bor le,r6,#0
.label ZLS_Fvoid_qsort___Pvoid___uint___uint___P__sint_____Pvoid___Pvoid_502
	   502    0x34a30000  lb r3,0(r5)
	   503    0x34e60000  lb r6,0(r7)
	   504    0x00a60835  sb r6,(r5+=1)
	   505    0x00e30835  sb r3,(r7+=1)
.label ZLE_Fvoid_qsort___Pvoid___uint___uint___P__sint_____Pvoid___Pvoid_506
	   506    0x00000000  nop
	   507    0x24000014  j #20
	   508    0x00000000  nop
	   509    0x9d060002  srli r6,r8,#2
	   510    0x08c6ffff  addi r6,r6,#-1
	   511    0x00c04010  sle r8,r6,r0
	   512    0x21000002  bnez r8,#2
	   513    0x00000000  nop
	   514    0x00000000  nop
	   515    0x08c30001  addi r3,r6,#1
.rela 4 ZLS_Fvoid_qsort___Pvoid___uint___uint___P__sint_____Pvoid___Pvoid_523 0
	   516    0x4808020b  lhi r8, #523
.rela 4 ZLE_Fvoid_qsort___Pvoid___uint___uint___P__sint_____Pvoid___Pvoid_527 0
	   517    0x4806020f  lhi r6, #527
.rela 5 ZLS_Fvoid_qsort___Pvoid___uint___uint___P__sint_____Pvoid___Pvoid_523 0
	   518    0x5508020b  ori r8,r8,#523
.rela 5 ZLE_Fvoid_qsort___Pvoid___uint___uint___P__sint_____Pvoid___Pvoid_527 0
	   519    0x54c6020f  ori r6,r6,#527
	   520    0xbc600000  bor lc,r3,#0
	   521    0xbd010000  bor ls,r8,#0
	   522    0xbcc20000  bor le,r6,#0
.label ZLS_Fvoid_qsort___Pvoid___uint___uint___P__sint_____Pvoid___Pvoid_523
	   523    0x50a30000  lw r3,0(r5)
	   524    0x50e60000  lw r6,0(r7)
	   525    0x00a62037  sw r6,(r5+=4)
	   526    0x00e32037  sw r3,(r7+=4)
.label ZLE_Fvoid_qsort___Pvoid___uint___uint___P__sint_____Pvoid___Pvoid_527
	   527    0x00000000  nop
	   528    0x00891810  sle r3,r4,r9
	   529    0x2060000b  bnez r3,#11
	   530    0x5025ffe8  lw r5,-24(r1)
	   531    0x00000000  nop
	   532    0x28000000  jal #__uint_div_called___uint___uint_R__uint
	   533    0x00000000  nop
	   534    0x5026ffe8  lw r6,-24(r1)
	   535    0x5024ffe4  lw r4,-28(r1)
	   536    0x54650000  ori r5,r3,#0
	   537    0x28000000  jal #void_qsort___Pvoid___uint___uint___P__sint_____Pvoid___Pvoid
	   538    0x5027fff8  lw r7,-8(r1)
	   539    0x5024fff4  lw r4,-12(r1)
	   540    0x24000002  j #2
	   541    0x5025ffe8  lw r5,-24(r1)
	   542    0x5024fff4  lw r4,-12(r1)
	   543    0x00853010  sle r6,r4,r5
	   544    0x20c00066  bnez r6,#102
	   545    0x5023ffcc  lw r3,-52(r1)
	   546    0x00000000  nop
	   547    0x00641818  sub r3,r3,r4
	   548    0xa823fffc  sw r3,-4(r1)
	   549    0x28000000  jal #__uint_div_called___uint___uint_R__uint
	   550    0x00000000  nop
	   551    0x5024fffc  lw r4,-4(r1)
	   552    0x5026ffe8  lw r6,-24(r1)
	   553    0x5022ffec  lw r2,-20(r1)
	   554    0x27fffdd9  j #-551
	   555    0xa823fffc  sw r3,-4(r1)
.rela 4 ZLE_Fvoid_qsort___Pvoid___uint___uint___P__sint_____Pvoid___Pvoid_595 0
	   556    0x48040253  lhi r4, #595
.rela 5 ZLE_Fvoid_qsort___Pvoid___uint___uint___P__sint_____Pvoid___Pvoid_595 0
	   557    0x548c0253  ori r12,r4,#595
.rela 4 ZLS_Fvoid_qsort___Pvoid___uint___uint___P__sint_____Pvoid___Pvoid_608 0
	   558    0x480a0260  lhi r10, #608
.rela 4 ZLE_Fvoid_qsort___Pvoid___uint___uint___P__sint_____Pvoid___Pvoid_612 0
	   559    0x48050264  lhi r5, #612
.rela 5 ZLS_Fvoid_qsort___Pvoid___uint___uint___P__sint_____Pvoid___Pvoid_608 0
	   560    0x554d0260  ori r13,r10,#608
.rela 5 ZLE_Fvoid_qsort___Pvoid___uint___uint___P__sint_____Pvoid___Pvoid_612 0
	   561    0x54af0264  ori r15,r5,#612
	   562    0x5024ffd4  lw r4,-44(r1)
.rela 4 ZLS_Fvoid_qsort___Pvoid___uint___uint___P__sint_____Pvoid___Pvoid_591 0
	   563    0x4803024f  lhi r3, #591
	   564    0x5025ffe0  lw r5,-32(r1)
	   565    0x502bffe4  lw r11,-28(r1)
	   566    0x502effcc  lw r14,-52(r1)
	   567    0xa82cfffc  sw r12,-4(r1)
	   568    0xa82ffff4  sw r15,-12(r1)
	   569    0xa82dffd4  sw r13,-44(r1)
.rela 5 ZLS_Fvoid_qsort___Pvoid___uint___uint___P__sint_____Pvoid___Pvoid_591 0
	   570    0x546a024f  ori r10,r3,#591
	   571    0x24000048  j #72
	   572    0xa82affe0  sw r10,-32(r1)
	   573    0xa824ffbc  sw r4,-68(r1)
	   574    0x2400002c  j #44
	   575    0xa825ffc0  sw r5,-64(r1)
	   576    0x00892018  sub r4,r4,r9
	   577    0x14e00024  beqz r7,#36
	   578    0x54ad0000  ori r13,r5,#0
	   579    0x00a92818  sub r5,r5,r9
	   580    0x20c00010  bnez r6,#16
	   581    0x00000000  nop
	   582    0x00000000  nop
	   583    0x21000002  bnez r8,#2
	   584    0x502effd8  lw r14,-40(r1)
	   585    0x00000000  nop
	   586    0x540e0001  ori r14,r0,#1
	   587    0xbdc00000  bor lc,r14,#0
	   588    0xbd410000  bor ls,r10,#0
	   589    0xbd820000  bor le,r12,#0
	   590    0x54ae0000  ori r14,r5,#0
.label ZLS_Fvoid_qsort___Pvoid___uint___uint___P__sint_____Pvoid___Pvoid_591
	   591    0x35af0000  lb r15,0(r13)
	   592    0x35c20000  lb r2,0(r14)
	   593    0x01a20835  sb r2,(r13+=1)
	   594    0x01cf0835  sb r15,(r14+=1)
.label ZLE_Fvoid_qsort___Pvoid___uint___uint___P__sint_____Pvoid___Pvoid_595
	   595    0x00000000  nop
	   596    0x24000016  j #22
	   597    0x00000000  nop
	   598    0x5022ffc8  lw r2,-56(r1)
	   599    0x20400002  bnez r2,#2
	   600    0x502fffc4  lw r15,-60(r1)
	   601    0x502effd4  lw r14,-44(r1)
	   602    0x540f0001  ori r15,r0,#1
	   603    0xbdc10000  bor ls,r14,#0
	   604    0x5022fff4  lw r2,-12(r1)
	   605    0xbde00000  bor lc,r15,#0
	   606    0xbc420000  bor le,r2,#0
	   607    0x54ae0000  ori r14,r5,#0
.label ZLS_Fvoid_qsort___Pvoid___uint___uint___P__sint_____Pvoid___Pvoid_608
	   608    0x51af0000  lw r15,0(r13)
	   609    0x51c20000  lw r2,0(r14)
	   610    0x01a22037  sw r2,(r13+=4)
	   611    0x01cf2037  sw r15,(r14+=4)
.label ZLE_Fvoid_qsort___Pvoid___uint___uint___P__sint_____Pvoid___Pvoid_612
	   612    0x00000000  nop
	   613    0x24000005  j #5
	   614    0x00000000  nop
	   615    0x51ae0000  lw r14,0(r13)
	   616    0x50af0000  lw r15,0(r5)
	   617    0xa9af0000  sw r15,0(r13)
	   618    0xa8ae0000  sw r14,0(r5)
.label __ll8_void_qsort___Pvoid___uint___uint___P__sint_____Pvoid___Pvoid
	   619    0x00ab6811  sleu r13,r5,r11
	   620    0x21a00011  bnez r13,#17
	   621    0x00000000  nop
	   622    0x00000000  nop
	   623    0x5023fff8  lw r3,-8(r1)
	   624    0xa824ffb4  sw r4,-76(r1)
	   625    0x2c600000  jalr r3
	   626    0xa825ffb8  sw r5,-72(r1)
	   627    0x00000000  nop
	   628    0x0060680e  sgt r13,r3,r0
	   629    0x5027fff0  lw r7,-16(r1)
	   630    0x502bffe4  lw r11,-28(r1)
	   631    0x5025ffb8  lw r5,-72(r1)
	   632    0x5026ffd0  lw r6,-48(r1)
	   633    0x5028ffdc  lw r8,-36(r1)
	   634    0x502affe0  lw r10,-32(r1)
	   635    0x502cfffc  lw r12,-4(r1)
	   636    0x21a0ffc2  bnez r13,#-62
	   637    0x5029ffe8  lw r9,-24(r1)
	   638    0x5024ffb4  lw r4,-76(r1)
	   639    0x5024ffbc  lw r4,-68(r1)
	   640    0x5025ffc0  lw r5,-64(r1)
	   641    0x00a92801  add r5,r5,r9
	   642    0x00892001  add r4,r4,r9
	   643    0x502effcc  lw r14,-52(r1)
.label __ll9_void_qsort___Pvoid___uint___uint___P__sint_____Pvoid___Pvoid
	   644    0x00ae6814  sltu r13,r5,r14
	   645    0x21a0ffb6  bnez r13,#-74
	   646    0x00000000  nop
	   647    0x00000000  nop
	   648    0x24000062  j #98
	   649    0x5024ffec  lw r4,-20(r1)
.rela 4 ZLE_Fvoid_qsort___Pvoid___uint___uint___P__sint_____Pvoid___Pvoid_693 0
	   650    0x480702b5  lhi r7, #693
.rela 4 ZLS_Fvoid_qsort___Pvoid___uint___uint___P__sint_____Pvoid___Pvoid_689 0
	   651    0x480602b1  lhi r6, #689
.rela 4 ZLE_Fvoid_qsort___Pvoid___uint___uint___P__sint_____Pvoid___Pvoid_710 0
	   652    0x480302c6  lhi r3, #710
.rela 4 ZLS_Fvoid_qsort___Pvoid___uint___uint___P__sint_____Pvoid___Pvoid_706 0
	   653    0x480402c2  lhi r4, #706
.rela 5 ZLE_Fvoid_qsort___Pvoid___uint___uint___P__sint_____Pvoid___Pvoid_693 0
	   654    0x54eb02b5  ori r11,r7,#693
.rela 5 ZLS_Fvoid_qsort___Pvoid___uint___uint___P__sint_____Pvoid___Pvoid_689 0
	   655    0x54c902b1  ori r9,r6,#689
.rela 5 ZLE_Fvoid_qsort___Pvoid___uint___uint___P__sint_____Pvoid___Pvoid_710 0
	   656    0x546f02c6  ori r15,r3,#710
.rela 5 ZLS_Fvoid_qsort___Pvoid___uint___uint___P__sint_____Pvoid___Pvoid_706 0
	   657    0x548d02c2  ori r13,r4,#706
	   658    0x5027ffe8  lw r7,-24(r1)
	   659    0x5023fff0  lw r3,-16(r1)
	   660    0x5026ffe4  lw r6,-28(r1)
	   661    0x5024ffd4  lw r4,-44(r1)
	   662    0x5025ffe0  lw r5,-32(r1)
	   663    0x5028ffdc  lw r8,-36(r1)
	   664    0x502cffd0  lw r12,-48(r1)
	   665    0x502effcc  lw r14,-52(r1)
	   666    0xa829fffc  sw r9,-4(r1)
	   667    0xa82ffff4  sw r15,-12(r1)
	   668    0xa82bffe0  sw r11,-32(r1)
	   669    0x24000048  j #72
	   670    0xa82dffd4  sw r13,-44(r1)
	   671    0xa824ffbc  sw r4,-68(r1)
	   672    0x2400002c  j #44
	   673    0xa825ffc0  sw r5,-64(r1)
	   674    0x00872018  sub r4,r4,r7
	   675    0x14600024  beqz r3,#36
	   676    0x54ad0000  ori r13,r5,#0
	   677    0x00a72818  sub r5,r5,r7
	   678    0x21800010  bnez r12,#16
	   679    0x00000000  nop
	   680    0x00000000  nop
	   681    0x21000002  bnez r8,#2
	   682    0x502effd8  lw r14,-40(r1)
	   683    0x00000000  nop
	   684    0x540e0001  ori r14,r0,#1
	   685    0xbdc00000  bor lc,r14,#0
	   686    0xbd210000  bor ls,r9,#0
	   687    0xbd620000  bor le,r11,#0
	   688    0x54ae0000  ori r14,r5,#0
.label ZLS_Fvoid_qsort___Pvoid___uint___uint___P__sint_____Pvoid___Pvoid_689
	   689    0x35af0000  lb r15,0(r13)
	   690    0x35c20000  lb r2,0(r14)
	   691    0x01a20835  sb r2,(r13+=1)
	   692    0x01cf0835  sb r15,(r14+=1)
.label ZLE_Fvoid_qsort___Pvoid___uint___uint___P__sint_____Pvoid___Pvoid_693
	   693    0x00000000  nop
	   694    0x24000016  j #22
	   695    0x00000000  nop
	   696    0x5022ffc8  lw r2,-56(r1)
	   697    0x20400002  bnez r2,#2
	   698    0x502fffc4  lw r15,-60(r1)
	   699    0x502effd4  lw r14,-44(r1)
	   700    0x540f0001  ori r15,r0,#1
	   701    0xbdc10000  bor ls,r14,#0
	   702    0x5022fff4  lw r2,-12(r1)
	   703    0xbde00000  bor lc,r15,#0
	   704    0xbc420000  bor le,r2,#0
	   705    0x54ae0000  ori r14,r5,#0
.label ZLS_Fvoid_qsort___Pvoid___uint___uint___P__sint_____Pvoid___Pvoid_706
	   706    0x51af0000  lw r15,0(r13)
	   707    0x51c20000  lw r2,0(r14)
	   708    0x01a22037  sw r2,(r13+=4)
	   709    0x01cf2037  sw r15,(r14+=4)
.label ZLE_Fvoid_qsort___Pvoid___uint___uint___P__sint_____Pvoid___Pvoid_710
	   710    0x00000000  nop
	   711    0x24000005  j #5
	   712    0x00000000  nop
	   713    0x51ae0000  lw r14,0(r13)
	   714    0x50af0000  lw r15,0(r5)
	   715    0xa9af0000  sw r15,0(r13)
	   716    0xa8ae0000  sw r14,0(r5)
.label __ll2_void_qsort___Pvoid___uint___uint___P__sint_____Pvoid___Pvoid
	   717    0x00a66811  sleu r13,r5,r6
	   718    0x21a00011  bnez r13,#17
	   719    0x00000000  nop
	   720    0x00000000  nop
	   721    0x5023fff8  lw r3,-8(r1)
	   722    0xa824ffb4  sw r4,-76(r1)
	   723    0x2c600000  jalr r3
	   724    0xa825ffb8  sw r5,-72(r1)
	   725    0x00000000  nop
	   726    0x0060680e  sgt r13,r3,r0
	   727    0x5027ffe8  lw r7,-24(r1)
	   728    0x5026ffe4  lw r6,-28(r1)
	   729    0x5025ffb8  lw r5,-72(r1)
	   730    0x502cffd0  lw r12,-48(r1)
	   731    0x5028ffdc  lw r8,-36(r1)
	   732    0x5029fffc  lw r9,-4(r1)
	   733    0x502bffe0  lw r11,-32(r1)
	   734    0x21a0ffc2  bnez r13,#-62
	   735    0x5024ffb4  lw r4,-76(r1)
	   736    0x5023fff0  lw r3,-16(r1)
	   737    0x5024ffbc  lw r4,-68(r1)
	   738    0x5025ffc0  lw r5,-64(r1)
	   739    0x00a72801  add r5,r5,r7
	   740    0x00872001  add r4,r4,r7
	   741    0x502effcc  lw r14,-52(r1)
.label __ll3_void_qsort___Pvoid___uint___uint___P__sint_____Pvoid___Pvoid
	   742    0x00ae6814  sltu r13,r5,r14
	   743    0x21a0ffb6  bnez r13,#-74
	   744    0x00000000  nop
	   745    0x00000000  nop
	   746    0x5024ffec  lw r4,-20(r1)
.rts
	   747    0x30800000  jr r4
	   748    0x0821ff88  addi r1,r1,#-120
.label void_qsort___Pvoid___uint___uint___P__sint_____Pvoid___Pvoid__end
	   749    0x00000000  nop

.undef global text __P__cchar_med3___P__cchar___P__cchar___P__cchar___P__sint_____Pvoid___Pvoid

.undef global text __sint_mul_called___sint___sint

.undef global text __uint_div_called___uint___uint_R__uint

