
; File generated by darts version N-2018.03#7d02e3ca79#180723, Thu Feb 28 14:35:36 2019
; Copyright 2014-2018 Synopsys, Inc. All rights reserved.
; darts -B -I.. +p -d -h -I../runtime/include -I../../io_modules -I/CMC/tools/synopsys/asip_designer_vN-2018.03-SP3/linux64/chessdir/../examples/io_modules -D__tct_patch__=300 -L +Ihex lib/Release/rand.o tlx

; Release: ipd N-2018.03-SP3
.data_segment_name
.data local 4 __rand_next DMb_stat
	0x0
	0x0
	0x0
	0x1

.undef local data __rand_next

.undef local data __rand_next

.text_segment_name
.text global 0 __sint_rand
.rela 4 __rand_next 0
	     0    0x48030000  lhi r3, #0
.rela 5 __rand_next 0
	     1    0x54640000  ori r4,r3,#0
	     2    0x08210008  addi r1,r1,#8
	     3    0x480341c6  lhi r3, #16838
	     4    0xa822fff8  sw r2,-8(r1)
	     5    0xa824fffc  sw r4,-4(r1)
	     6    0x54654e6d  ori r5,r3,#20077
	     7    0x28000000  jal #__sint_mul_called___sint___sint
	     8    0x50840000  lw r4,0(r4)
	     9    0x5024fffc  lw r4,-4(r1)
	    10    0x08633039  addi r3,r3,#12345
	    11    0xa8830000  sw r3,0(r4)
	    12    0x9c630010  srli r3,r3,#16
	    13    0x5024fff8  lw r4,-8(r1)
.rts
	    14    0x30800000  jr r4
	    15    0x10637fff  andi r3,r3,#32767
.label __sint_rand__end
	    16    0x0821fff8  addi r1,r1,#-8

.undef global text __sint_mul_called___sint___sint

.text_segment_name
.text global 0 void_srand___uint
.rela 4 __rand_next 0
	     0    0x48030000  lhi r3, #0
.rela 5 __rand_next 0
	     1    0x54630000  ori r3,r3,#0
.rts
	     2    0x30400000  jr r2
	     3    0xa8640000  sw r4,0(r3)
.label void_srand___uint__end
	     4    0x00000000  nop

