
; File generated by darts version N-2018.03#7d02e3ca79#180723, Thu Feb 28 14:35:31 2019
; Copyright 2014-2018 Synopsys, Inc. All rights reserved.
; darts -B -I.. +p -d -h -I../runtime/include -I../../io_modules -I/CMC/tools/synopsys/asip_designer_vN-2018.03-SP3/linux64/chessdir/../examples/io_modules -D__tct_patch__=300 -L +Ihex lib/Release/stdio.o tlx

; Release: ipd N-2018.03-SP3
.data_segment_name
.data local 4 __stdio__stdin DMb_stat
	0x0
	0x0
	0x0
	0x0
	0x0
	0x0
	0x0
	0x1

.data_segment_name
.data local 4 __stdio__stdout DMb_stat
	0x0
	0x0
	0x0
	0x1
	0x0
	0x0
	0x0
	0x1

.data_segment_name
.data local 4 __stdio__stderr DMb_stat
	0x0
	0x0
	0x0
	0x2
	0x0
	0x0
	0x0
	0x1

.data_segment_name
.rodata local 1 __stdio___strc60893a8 DMb_stat
	0x44
	0x4d
	0x62
	0x0

.undef local data __stdio___strc60893a8

.undef local data __stdio___strc60893a8

.undef local data __stdio___strc60893a8

.undef local data __stdio___strc60893a8

.data_segment_name
.bss global 4 _hosted_clib_files DMb_stat 128

.data_segment_name
.data global 4 stdin DMb_stat
.rela 6 __stdio__stdin 0
	0x0
	0x0
	0x0
	0x0

.data_segment_name
.data global 4 stdout DMb_stat
.rela 6 __stdio__stdout 0
	0x0
	0x0
	0x0
	0x0

.data_segment_name
.data global 4 stderr DMb_stat
.rela 6 __stdio__stderr 0
	0x0
	0x0
	0x0
	0x0

.undef global data errno

.text_segment_name
.text global 0 _hosted_clib_io
	     0    0x00000000  nop
	     1    0x00000000  nop
	     2    0x00000000  nop
.label _hosted_clib_io_brkpt
	     3    0x00000000  nop
	     4    0x54030010  ori r3,r0,#16
.rts
	     5    0x30400000  jr r2
	     6    0xa8830000  sw r3,0(r4)
.label _hosted_clib_io__end
	     7    0x00000000  nop

.text_segment_name
.text global 0 __PFILE_fopen___P__cchar___P__cchar
.rela 4 _hosted_clib_files 4
	     0    0x48030004  lhi r3, #4
	     1    0x08210050  addi r1,r1,#80
.rela 5 _hosted_clib_files 4
	     2    0x54660004  ori r6,r3,#4
	     3    0xa822fffc  sw r2,-4(r1)
	     4    0x48030000  lhi r3, #0
	     5    0x00c74034  lw r7,(r6+=8)
	     6    0x14e00006  beqz r7,#6
	     7    0x00000000  nop
	     8    0x00000000  nop
	     9    0x08630001  addi r3,r3,#1
	    10    0x8c670010  slti r7,r3,#16
	    11    0x20e0fff8  bnez r7,#-8
	    12    0x00000000  nop
	    13    0x00000000  nop
.label __ll2___PFILE_fopen___P__cchar___P__cchar
	    14    0xa823fff8  sw r3,-8(r1)
	    15    0x6c630010  sgei r3,r3,#16
	    16    0x2060001b  bnez r3,#27
.rela 4 errno 0
	    17    0x48060000  lhi r6, #0
.rela 5 errno 0
	    18    0x54c60000  ori r6,r6,#0
	    19    0x54030009  ori r3,r0,#9
	    20    0xa824ffbc  sw r4,-68(r1)
	    21    0xa825ffc0  sw r5,-64(r1)
	    22    0xa823ffb8  sw r3,-72(r1)
	    23    0xa820ffb0  sw r0,-80(r1)
	    24    0xa826fff4  sw r6,-12(r1)
	    25    0x28000000  jal #_hosted_clib_io
	    26    0x0824ffb0  addi r4,r1,#-80
	    27    0x5025ffb8  lw r5,-72(r1)
	    28    0x20a0000c  bnez r5,#12
	    29    0x5024fff4  lw r4,-12(r1)
	    30    0x00000000  nop
	    31    0x5025fff8  lw r5,-8(r1)
.rela 4 _hosted_clib_files 0
	    32    0x48040000  lhi r4, #0
	    33    0x88a50003  slli r5,r5,#3
.rela 5 _hosted_clib_files 0
	    34    0x54840000  ori r4,r4,#0
	    35    0x00851801  add r3,r4,r5
	    36    0x5024ffb4  lw r4,-76(r1)
	    37    0x54050001  ori r5,r0,#1
	    38    0xa8640000  sw r4,0(r3)
	    39    0xa8650004  sw r5,4(r3)
	    40    0x24000007  j #7
	    41    0x00000000  nop
	    42    0xa8850000  sw r5,0(r4)
	    43    0x24000004  j #4
	    44    0x48030000  lhi r3, #0
	    45    0x54040018  ori r4,r0,#24
	    46    0xa8c40000  sw r4,0(r6)
	    47    0x48030000  lhi r3, #0
	    48    0x5024fffc  lw r4,-4(r1)
.rts
	    49    0x30800000  jr r4
	    50    0x0821ffb0  addi r1,r1,#-80
.label __PFILE_fopen___P__cchar___P__cchar__end
	    51    0x00000000  nop

.undef global text _hosted_clib_io

.undef global data _hosted_clib_files

.undef global data errno

.text_segment_name
.text global 0 __sint_fclose___PFILE
.rela 4 errno 0
	     0    0x48030000  lhi r3, #0
	     1    0x0821004c  addi r1,r1,#76
.rela 5 errno 0
	     2    0x54630000  ori r3,r3,#0
	     3    0xa823fffc  sw r3,-4(r1)
	     4    0x00000000  nop
	     5    0x50830004  lw r3,4(r4)
	     6    0x14600012  beqz r3,#18
	     7    0x54050009  ori r5,r0,#9
	     8    0xa822fff8  sw r2,-8(r1)
	     9    0x54060001  ori r6,r0,#1
	    10    0x50830000  lw r3,0(r4)
	    11    0xa8800004  sw r0,4(r4)
	    12    0xa826ffb4  sw r6,-76(r1)
	    13    0xa825ffbc  sw r5,-68(r1)
	    14    0xa823ffb8  sw r3,-72(r1)
	    15    0x28000000  jal #_hosted_clib_io
	    16    0x0824ffb4  addi r4,r1,#-76
	    17    0x5025ffbc  lw r5,-68(r1)
	    18    0x14a00004  beqz r5,#4
	    19    0x5024fffc  lw r4,-4(r1)
	    20    0x00000000  nop
	    21    0xa8850000  sw r5,0(r4)
	    22    0x24000006  j #6
	    23    0x0803ffff  addi r3,r0,#-1
	    24    0x24000004  j #4
	    25    0x48030000  lhi r3, #0
	    26    0x0803ffff  addi r3,r0,#-1
	    27    0x5024fffc  lw r4,-4(r1)
	    28    0xa8850000  sw r5,0(r4)
	    29    0x00000000  nop
	    30    0x5024fff8  lw r4,-8(r1)
.rts
	    31    0x30800000  jr r4
	    32    0x0821ffb4  addi r1,r1,#-76
.label __sint_fclose___PFILE__end
	    33    0x00000000  nop

.undef global text _hosted_clib_io

.undef global data errno

.text_segment_name
.text global 0 __PFILE_freopen___P__cchar___P__cchar___PFILE
	     0    0x0821004c  addi r1,r1,#76
	     1    0x54870000  ori r7,r4,#0
	     2    0xa826fffc  sw r6,-4(r1)
	     3    0x0824ffb4  addi r4,r1,#-76
	     4    0x50c60000  lw r6,0(r6)
	     5    0x54030009  ori r3,r0,#9
	     6    0x5408001a  ori r8,r0,#26
	     7    0xa827ffc0  sw r7,-64(r1)
	     8    0xa825ffc4  sw r5,-60(r1)
	     9    0xa826ffb8  sw r6,-72(r1)
	    10    0xa823ffbc  sw r3,-68(r1)
	    11    0xa8880000  sw r8,0(r4)
	    12    0xa822fff8  sw r2,-8(r1)
	    13    0x28000000  jal #_hosted_clib_io
	    14    0x00000000  nop
	    15    0x5024ffbc  lw r4,-68(r1)
	    16    0x20800007  bnez r4,#7
	    17    0x00000000  nop
	    18    0x00000000  nop
	    19    0x5023fffc  lw r3,-4(r1)
	    20    0x5024ffb8  lw r4,-72(r1)
	    21    0xa8640000  sw r4,0(r3)
	    22    0x54050001  ori r5,r0,#1
	    23    0x24000005  j #5
	    24    0xa8650004  sw r5,4(r3)
.rela 4 errno 0
	    25    0x48030000  lhi r3, #0
.rela 5 errno 0
	    26    0x54650000  ori r5,r3,#0
	    27    0x48030000  lhi r3, #0
	    28    0xa8a40000  sw r4,0(r5)
	    29    0x00000000  nop
	    30    0x5024fff8  lw r4,-8(r1)
.rts
	    31    0x30800000  jr r4
	    32    0x0821ffb4  addi r1,r1,#-76
.label __PFILE_freopen___P__cchar___P__cchar___PFILE__end
	    33    0x00000000  nop

.undef global text _hosted_clib_io

.undef global data errno

.text_segment_name
.text global 0 __sint_fflush___PFILE
	     0    0x08210048  addi r1,r1,#72
	     1    0x54850000  ori r5,r4,#0
	     2    0x0824ffb8  addi r4,r1,#-72
	     3    0x54030009  ori r3,r0,#9
	     4    0x50a50000  lw r5,0(r5)
	     5    0xa825ffbc  sw r5,-68(r1)
	     6    0xa823ffc0  sw r3,-64(r1)
	     7    0xa8830000  sw r3,0(r4)
	     8    0xa822fffc  sw r2,-4(r1)
	     9    0x28000000  jal #_hosted_clib_io
	    10    0x00000000  nop
	    11    0x5024ffc0  lw r4,-64(r1)
	    12    0x14800005  beqz r4,#5
	    13    0x48030000  lhi r3, #0
	    14    0x00000000  nop
.rela 4 errno 0
	    15    0x48030000  lhi r3, #0
.rela 5 errno 0
	    16    0x54650000  ori r5,r3,#0
	    17    0x0803ffff  addi r3,r0,#-1
	    18    0xa8a40000  sw r4,0(r5)
	    19    0x00000000  nop
	    20    0x5024fffc  lw r4,-4(r1)
.rts
	    21    0x30800000  jr r4
	    22    0x0821ffb8  addi r1,r1,#-72
.label __sint_fflush___PFILE__end
	    23    0x00000000  nop

.undef global text _hosted_clib_io

.undef global data errno

.text_segment_name
.text global 0 __sint_fseek___PFILE___slong___sint
	     0    0x54830000  ori r3,r4,#0
	     1    0x08210048  addi r1,r1,#72
	     2    0x50680000  lw r8,0(r3)
	     3    0x0824ffb8  addi r4,r1,#-72
	     4    0x54030009  ori r3,r0,#9
	     5    0x54070004  ori r7,r0,#4
	     6    0xa828ffbc  sw r8,-68(r1)
	     7    0xa825ffd0  sw r5,-48(r1)
	     8    0xa826ffd4  sw r6,-44(r1)
	     9    0xa823ffc0  sw r3,-64(r1)
	    10    0xa8870000  sw r7,0(r4)
	    11    0xa822fffc  sw r2,-4(r1)
	    12    0x28000000  jal #_hosted_clib_io
	    13    0x00000000  nop
	    14    0x5023ffc0  lw r3,-64(r1)
	    15    0x14600005  beqz r3,#5
	    16    0x00000000  nop
	    17    0x00000000  nop
.rela 4 errno 0
	    18    0x48040000  lhi r4, #0
.rela 5 errno 0
	    19    0x54840000  ori r4,r4,#0
	    20    0xa8830000  sw r3,0(r4)
	    21    0x0803ffff  addi r3,r0,#-1
	    22    0x5024fffc  lw r4,-4(r1)
.rts
	    23    0x30800000  jr r4
	    24    0x0821ffb8  addi r1,r1,#-72
.label __sint_fseek___PFILE___slong___sint__end
	    25    0x00000000  nop

.undef global text _hosted_clib_io

.undef global data errno

.text_segment_name
.text global 0 __slong_ftell___PFILE
	     0    0x54830000  ori r3,r4,#0
	     1    0x08210048  addi r1,r1,#72
	     2    0x50660000  lw r6,0(r3)
	     3    0x0824ffb8  addi r4,r1,#-72
	     4    0x54030009  ori r3,r0,#9
	     5    0x0805ffff  addi r5,r0,#-1
	     6    0x54070005  ori r7,r0,#5
	     7    0xa826ffbc  sw r6,-68(r1)
	     8    0xa823ffc0  sw r3,-64(r1)
	     9    0xa825ffd0  sw r5,-48(r1)
	    10    0xa8870000  sw r7,0(r4)
	    11    0xa822fffc  sw r2,-4(r1)
	    12    0x28000000  jal #_hosted_clib_io
	    13    0x00000000  nop
	    14    0x5023ffd0  lw r3,-48(r1)
	    15    0x0060200c  sge r4,r3,r0
	    16    0x20800006  bnez r4,#6
	    17    0x00000000  nop
	    18    0x00000000  nop
.rela 4 errno 0
	    19    0x48040000  lhi r4, #0
.rela 5 errno 0
	    20    0x54840000  ori r4,r4,#0
	    21    0x5023ffc0  lw r3,-64(r1)
	    22    0xa8830000  sw r3,0(r4)
	    23    0x0803ffff  addi r3,r0,#-1
	    24    0x5024fffc  lw r4,-4(r1)
.rts
	    25    0x30800000  jr r4
	    26    0x0821ffb8  addi r1,r1,#-72
.label __slong_ftell___PFILE__end
	    27    0x00000000  nop

.undef global text _hosted_clib_io

.undef global data errno

.text_segment_name
.text global 0 __sint_feof___PFILE
	     0    0x54830000  ori r3,r4,#0
	     1    0x08210048  addi r1,r1,#72
	     2    0x50660000  lw r6,0(r3)
	     3    0x0824ffb8  addi r4,r1,#-72
	     4    0x54030009  ori r3,r0,#9
	     5    0x0805ffff  addi r5,r0,#-1
	     6    0x54070006  ori r7,r0,#6
	     7    0xa826ffbc  sw r6,-68(r1)
	     8    0xa823ffc0  sw r3,-64(r1)
	     9    0xa825ffd8  sw r5,-40(r1)
	    10    0xa8870000  sw r7,0(r4)
	    11    0xa822fffc  sw r2,-4(r1)
	    12    0x28000000  jal #_hosted_clib_io
	    13    0x00000000  nop
	    14    0x5023ffd8  lw r3,-40(r1)
	    15    0x0060200c  sge r4,r3,r0
	    16    0x20800006  bnez r4,#6
	    17    0x00000000  nop
	    18    0x00000000  nop
.rela 4 errno 0
	    19    0x48040000  lhi r4, #0
.rela 5 errno 0
	    20    0x54840000  ori r4,r4,#0
	    21    0x5023ffc0  lw r3,-64(r1)
	    22    0xa8830000  sw r3,0(r4)
	    23    0x0803ffff  addi r3,r0,#-1
	    24    0x5024fffc  lw r4,-4(r1)
.rts
	    25    0x30800000  jr r4
	    26    0x0821ffb8  addi r1,r1,#-72
.label __sint_feof___PFILE__end
	    27    0x00000000  nop

.undef global text _hosted_clib_io

.undef global data errno

.text_segment_name
.text global 0 __sint_ferror___PFILE
	     0    0x54830000  ori r3,r4,#0
	     1    0x08210048  addi r1,r1,#72
	     2    0x50650000  lw r5,0(r3)
	     3    0x0824ffb8  addi r4,r1,#-72
	     4    0x54030009  ori r3,r0,#9
	     5    0x5406000e  ori r6,r0,#14
	     6    0xa825ffbc  sw r5,-68(r1)
	     7    0xa823ffc0  sw r3,-64(r1)
	     8    0xa8860000  sw r6,0(r4)
	     9    0xa822fffc  sw r2,-4(r1)
	    10    0x28000000  jal #_hosted_clib_io
	    11    0x00000000  nop
	    12    0x5024fffc  lw r4,-4(r1)
.rts
	    13    0x30800000  jr r4
	    14    0x5023ffc0  lw r3,-64(r1)
.label __sint_ferror___PFILE__end
	    15    0x0821ffb8  addi r1,r1,#-72

.undef global text _hosted_clib_io

.text_segment_name
.text global 0 void_clearerr___PFILE
	     0    0x08210048  addi r1,r1,#72
	     1    0x54830000  ori r3,r4,#0
	     2    0x0824ffb8  addi r4,r1,#-72
	     3    0x50630000  lw r3,0(r3)
	     4    0x5405000f  ori r5,r0,#15
	     5    0xa823ffbc  sw r3,-68(r1)
	     6    0xa8850000  sw r5,0(r4)
	     7    0xa822fffc  sw r2,-4(r1)
	     8    0x28000000  jal #_hosted_clib_io
	     9    0x00000000  nop
	    10    0x5024fffc  lw r4,-4(r1)
.rts
	    11    0x30800000  jr r4
	    12    0x0821ffb8  addi r1,r1,#-72
.label void_clearerr___PFILE__end
	    13    0x00000000  nop

.undef global text _hosted_clib_io

.text_segment_name
.text global 0 void_perror___P__cchar
.rela 4 errno 0
	     0    0x48030000  lhi r3, #0
.rela 5 errno 0
	     1    0x54650000  ori r5,r3,#0
	     2    0x08210048  addi r1,r1,#72
	     3    0x54830000  ori r3,r4,#0
	     4    0x0824ffb8  addi r4,r1,#-72
	     5    0x50a50000  lw r5,0(r5)
	     6    0x5406001c  ori r6,r0,#28
	     7    0xa823ffe0  sw r3,-32(r1)
	     8    0xa825ffdc  sw r5,-36(r1)
	     9    0xa8860000  sw r6,0(r4)
	    10    0xa822fffc  sw r2,-4(r1)
	    11    0x28000000  jal #_hosted_clib_io
	    12    0x00000000  nop
	    13    0x5024fffc  lw r4,-4(r1)
.rts
	    14    0x30800000  jr r4
	    15    0x0821ffb8  addi r1,r1,#-72
.label void_perror___P__cchar__end
	    16    0x00000000  nop

.undef global text _hosted_clib_io

.undef global data errno

.text_segment_name
.text global 0 __sint_vfprintf___PFILE___P__cchar___Pvoid
	     0    0x54830000  ori r3,r4,#0
	     1    0x08210048  addi r1,r1,#72
	     2    0x50680000  lw r8,0(r3)
	     3    0x0824ffb8  addi r4,r1,#-72
	     4    0x0803ffff  addi r3,r0,#-1
	     5    0x54070002  ori r7,r0,#2
	     6    0xa828ffbc  sw r8,-68(r1)
	     7    0xa825ffcc  sw r5,-52(r1)
	     8    0xa826fff8  sw r6,-8(r1)
	     9    0xa823ffc0  sw r3,-64(r1)
	    10    0xa8870000  sw r7,0(r4)
	    11    0xa822fffc  sw r2,-4(r1)
	    12    0x28000000  jal #_hosted_clib_io
	    13    0x00000000  nop
	    14    0x5024fffc  lw r4,-4(r1)
.rts
	    15    0x30800000  jr r4
	    16    0x5023ffc0  lw r3,-64(r1)
.label __sint_vfprintf___PFILE___P__cchar___Pvoid__end
	    17    0x0821ffb8  addi r1,r1,#-72

.undef global text _hosted_clib_io

.text_segment_name
.text global 0 __sint_fprintf___PFILE___P__cchar
	     0    0x54830000  ori r3,r4,#0
	     1    0x08210048  addi r1,r1,#72
	     2    0x50670000  lw r7,0(r3)
	     3    0x0824ffb8  addi r4,r1,#-72
	     4    0x0803ffff  addi r3,r0,#-1
	     5    0x54060002  ori r6,r0,#2
	     6    0xa827ffbc  sw r7,-68(r1)
	     7    0xa825ffcc  sw r5,-52(r1)
	     8    0xa823ffc0  sw r3,-64(r1)
	     9    0xa824fff8  sw r4,-8(r1)
	    10    0xa8860000  sw r6,0(r4)
	    11    0xa822fffc  sw r2,-4(r1)
	    12    0x28000000  jal #_hosted_clib_io
	    13    0x00000000  nop
	    14    0x5024fffc  lw r4,-4(r1)
.rts
	    15    0x30800000  jr r4
	    16    0x5023ffc0  lw r3,-64(r1)
.label __sint_fprintf___PFILE___P__cchar__end
	    17    0x0821ffb8  addi r1,r1,#-72

.undef global text _hosted_clib_io

.text_segment_name
.text global 0 __sint_printf___P__cchar
.rela 4 stdout 0
	     0    0x48060000  lhi r6, #0
.rela 5 stdout 0
	     1    0x54c30000  ori r3,r6,#0
	     2    0x08260000  addi r6,r1,#0
	     3    0x54850000  ori r5,r4,#0
	     4    0x24000000  j #__sint_vfprintf___PFILE___P__cchar___Pvoid
.label __sint_printf___P__cchar__end
	     5    0x50640000  lw r4,0(r3)

.undef global text __sint_vfprintf___PFILE___P__cchar___Pvoid

.undef global data stdout

.text_segment_name
.text global 0 __sint_vfscanf___PFILE___P__cchar___Pvoid
	     0    0x54830000  ori r3,r4,#0
	     1    0x08210048  addi r1,r1,#72
	     2    0x50680000  lw r8,0(r3)
	     3    0x0824ffb8  addi r4,r1,#-72
	     4    0x0803ffff  addi r3,r0,#-1
	     5    0x54070003  ori r7,r0,#3
	     6    0xa828ffbc  sw r8,-68(r1)
	     7    0xa825ffcc  sw r5,-52(r1)
	     8    0xa826fff8  sw r6,-8(r1)
	     9    0xa823ffc0  sw r3,-64(r1)
	    10    0xa8870000  sw r7,0(r4)
	    11    0xa822fffc  sw r2,-4(r1)
	    12    0x28000000  jal #_hosted_clib_io
	    13    0x00000000  nop
	    14    0x5024fffc  lw r4,-4(r1)
.rts
	    15    0x30800000  jr r4
	    16    0x5023ffc0  lw r3,-64(r1)
.label __sint_vfscanf___PFILE___P__cchar___Pvoid__end
	    17    0x0821ffb8  addi r1,r1,#-72

.undef global text _hosted_clib_io

.text_segment_name
.text global 0 __sint_fscanf___PFILE___P__cchar
	     0    0x54830000  ori r3,r4,#0
	     1    0x08210048  addi r1,r1,#72
	     2    0x50670000  lw r7,0(r3)
	     3    0x0824ffb8  addi r4,r1,#-72
	     4    0x0803ffff  addi r3,r0,#-1
	     5    0x54060003  ori r6,r0,#3
	     6    0xa827ffbc  sw r7,-68(r1)
	     7    0xa825ffcc  sw r5,-52(r1)
	     8    0xa823ffc0  sw r3,-64(r1)
	     9    0xa824fff8  sw r4,-8(r1)
	    10    0xa8860000  sw r6,0(r4)
	    11    0xa822fffc  sw r2,-4(r1)
	    12    0x28000000  jal #_hosted_clib_io
	    13    0x00000000  nop
	    14    0x5024fffc  lw r4,-4(r1)
.rts
	    15    0x30800000  jr r4
	    16    0x5023ffc0  lw r3,-64(r1)
.label __sint_fscanf___PFILE___P__cchar__end
	    17    0x0821ffb8  addi r1,r1,#-72

.undef global text _hosted_clib_io

.text_segment_name
.text global 0 __sint_scanf___P__cchar
.rela 4 stdin 0
	     0    0x48060000  lhi r6, #0
.rela 5 stdin 0
	     1    0x54c30000  ori r3,r6,#0
	     2    0x08260000  addi r6,r1,#0
	     3    0x54850000  ori r5,r4,#0
	     4    0x24000000  j #__sint_vfscanf___PFILE___P__cchar___Pvoid
.label __sint_scanf___P__cchar__end
	     5    0x50640000  lw r4,0(r3)

.undef global text __sint_vfscanf___PFILE___P__cchar___Pvoid

.undef global data stdin

.text_segment_name
.text global 0 __sint_fputc___sint___PFILE
	     0    0x08210048  addi r1,r1,#72
	     1    0x54830000  ori r3,r4,#0
	     2    0x50a70000  lw r7,0(r5)
	     3    0x0824ffb8  addi r4,r1,#-72
	     4    0x0805ffff  addi r5,r0,#-1
	     5    0x54060007  ori r6,r0,#7
	     6    0xa827ffbc  sw r7,-68(r1)
	     7    0xa823ffdc  sw r3,-36(r1)
	     8    0xa825ffc0  sw r5,-64(r1)
	     9    0xa8860000  sw r6,0(r4)
	    10    0xa822fffc  sw r2,-4(r1)
	    11    0x28000000  jal #_hosted_clib_io
	    12    0x00000000  nop
	    13    0x5024fffc  lw r4,-4(r1)
.rts
	    14    0x30800000  jr r4
	    15    0x5023ffc0  lw r3,-64(r1)
.label __sint_fputc___sint___PFILE__end
	    16    0x0821ffb8  addi r1,r1,#-72

.undef global text _hosted_clib_io

.text_segment_name
.text global 0 __sint_ungetc___sint___PFILE
	     0    0x08210048  addi r1,r1,#72
	     1    0x54830000  ori r3,r4,#0
	     2    0x50a70000  lw r7,0(r5)
	     3    0x0824ffb8  addi r4,r1,#-72
	     4    0x0805ffff  addi r5,r0,#-1
	     5    0x5406001b  ori r6,r0,#27
	     6    0xa827ffbc  sw r7,-68(r1)
	     7    0xa823ffdc  sw r3,-36(r1)
	     8    0xa825ffc0  sw r5,-64(r1)
	     9    0xa8860000  sw r6,0(r4)
	    10    0xa822fffc  sw r2,-4(r1)
	    11    0x28000000  jal #_hosted_clib_io
	    12    0x00000000  nop
	    13    0x5024fffc  lw r4,-4(r1)
.rts
	    14    0x30800000  jr r4
	    15    0x5023ffc0  lw r3,-64(r1)
.label __sint_ungetc___sint___PFILE__end
	    16    0x0821ffb8  addi r1,r1,#-72

.undef global text _hosted_clib_io

.text_segment_name
.text global 0 __sint_fputs___P__cchar___PFILE
	     0    0x08210048  addi r1,r1,#72
	     1    0x54830000  ori r3,r4,#0
	     2    0x50a70000  lw r7,0(r5)
	     3    0x0824ffb8  addi r4,r1,#-72
	     4    0x0805ffff  addi r5,r0,#-1
	     5    0x5406000a  ori r6,r0,#10
	     6    0xa827ffbc  sw r7,-68(r1)
	     7    0xa823ffe0  sw r3,-32(r1)
	     8    0xa825ffc0  sw r5,-64(r1)
	     9    0xa8860000  sw r6,0(r4)
	    10    0xa822fffc  sw r2,-4(r1)
	    11    0x28000000  jal #_hosted_clib_io
	    12    0x00000000  nop
	    13    0x5024fffc  lw r4,-4(r1)
.rts
	    14    0x30800000  jr r4
	    15    0x5023ffc0  lw r3,-64(r1)
.label __sint_fputs___P__cchar___PFILE__end
	    16    0x0821ffb8  addi r1,r1,#-72

.undef global text _hosted_clib_io

.text_segment_name
.text global 0 __sint_fgetc___PFILE
	     0    0x54830000  ori r3,r4,#0
	     1    0x08210048  addi r1,r1,#72
	     2    0x50650000  lw r5,0(r3)
	     3    0x0824ffb8  addi r4,r1,#-72
	     4    0x0803ffff  addi r3,r0,#-1
	     5    0x54060008  ori r6,r0,#8
	     6    0xa825ffbc  sw r5,-68(r1)
	     7    0xa823ffc0  sw r3,-64(r1)
	     8    0xa8860000  sw r6,0(r4)
	     9    0xa822fffc  sw r2,-4(r1)
	    10    0x28000000  jal #_hosted_clib_io
	    11    0x00000000  nop
	    12    0x5024fffc  lw r4,-4(r1)
.rts
	    13    0x30800000  jr r4
	    14    0x5023ffc0  lw r3,-64(r1)
.label __sint_fgetc___PFILE__end
	    15    0x0821ffb8  addi r1,r1,#-72

.undef global text _hosted_clib_io

.text_segment_name
.text global 0 __P__cchar_fgets___P__cchar___sint___PFILE
	     0    0x0821004c  addi r1,r1,#76
	     1    0x54830000  ori r3,r4,#0
	     2    0x50c80000  lw r8,0(r6)
	     3    0x0824ffb4  addi r4,r1,#-76
	     4    0x54060009  ori r6,r0,#9
	     5    0x5407000b  ori r7,r0,#11
	     6    0xa828ffb8  sw r8,-72(r1)
	     7    0xa823ffe0  sw r3,-32(r1)
	     8    0xa825ffe4  sw r5,-28(r1)
	     9    0xa826ffbc  sw r6,-68(r1)
	    10    0xa8870000  sw r7,0(r4)
	    11    0xa823fffc  sw r3,-4(r1)
	    12    0xa822fff8  sw r2,-8(r1)
	    13    0x28000000  jal #_hosted_clib_io
	    14    0x00000000  nop
	    15    0x5024ffbc  lw r4,-68(r1)
	    16    0x20800002  bnez r4,#2
	    17    0x48030000  lhi r3, #0
	    18    0x00000000  nop
	    19    0x5023fffc  lw r3,-4(r1)
	    20    0x5024fff8  lw r4,-8(r1)
.rts
	    21    0x30800000  jr r4
	    22    0x0821ffb4  addi r1,r1,#-76
.label __P__cchar_fgets___P__cchar___sint___PFILE__end
	    23    0x00000000  nop

.undef global text _hosted_clib_io

.text_segment_name
.text global 0 __P__cchar_gets___P__cchar
	     0    0x0821004c  addi r1,r1,#76
	     1    0x54850000  ori r5,r4,#0
	     2    0x0824ffb4  addi r4,r1,#-76
	     3    0x54030009  ori r3,r0,#9
	     4    0x5406001d  ori r6,r0,#29
	     5    0xa825ffe0  sw r5,-32(r1)
	     6    0xa823ffbc  sw r3,-68(r1)
	     7    0xa8860000  sw r6,0(r4)
	     8    0xa825fffc  sw r5,-4(r1)
	     9    0xa822fff8  sw r2,-8(r1)
	    10    0x28000000  jal #_hosted_clib_io
	    11    0x00000000  nop
	    12    0x5024ffbc  lw r4,-68(r1)
	    13    0x20800002  bnez r4,#2
	    14    0x48030000  lhi r3, #0
	    15    0x00000000  nop
	    16    0x5023fffc  lw r3,-4(r1)
	    17    0x5024fff8  lw r4,-8(r1)
.rts
	    18    0x30800000  jr r4
	    19    0x0821ffb4  addi r1,r1,#-76
.label __P__cchar_gets___P__cchar__end
	    20    0x00000000  nop

.undef global text _hosted_clib_io

.text_segment_name
.text global 0 __sint_fwrite___PDMbvoid___sint___sint___PFILE
	     0    0x08210048  addi r1,r1,#72
	     1    0x54830000  ori r3,r4,#0
	     2    0x50e80000  lw r8,0(r7)
.rela 4 __stdio___strc60893a8 0
	     3    0x48090000  lhi r9, #0
	     4    0x0824ffb8  addi r4,r1,#-72
	     5    0x5407000d  ori r7,r0,#13
.rela 5 __stdio___strc60893a8 0
	     6    0x55290000  ori r9,r9,#0
	     7    0xa828ffbc  sw r8,-68(r1)
	     8    0xa823fff0  sw r3,-16(r1)
	     9    0xa825ffe8  sw r5,-24(r1)
	    10    0xa826ffec  sw r6,-20(r1)
	    11    0xa820ffc0  sw r0,-64(r1)
	    12    0xa829ffc4  sw r9,-60(r1)
	    13    0xa8870000  sw r7,0(r4)
	    14    0xa822fffc  sw r2,-4(r1)
	    15    0x28000000  jal #_hosted_clib_io
	    16    0x00000000  nop
	    17    0x5024fffc  lw r4,-4(r1)
.rts
	    18    0x30800000  jr r4
	    19    0x5023ffc0  lw r3,-64(r1)
.label __sint_fwrite___PDMbvoid___sint___sint___PFILE__end
	    20    0x0821ffb8  addi r1,r1,#-72

.undef global text _hosted_clib_io

.text_segment_name
.text global 0 __sint_fread___PDMbvoid___sint___sint___PFILE
	     0    0x08210048  addi r1,r1,#72
	     1    0x54830000  ori r3,r4,#0
	     2    0x50e80000  lw r8,0(r7)
.rela 4 __stdio___strc60893a8 0
	     3    0x48090000  lhi r9, #0
	     4    0x0824ffb8  addi r4,r1,#-72
	     5    0x5407000c  ori r7,r0,#12
.rela 5 __stdio___strc60893a8 0
	     6    0x55290000  ori r9,r9,#0
	     7    0xa828ffbc  sw r8,-68(r1)
	     8    0xa823fff4  sw r3,-12(r1)
	     9    0xa825ffe8  sw r5,-24(r1)
	    10    0xa826ffec  sw r6,-20(r1)
	    11    0xa820ffc0  sw r0,-64(r1)
	    12    0xa829ffc4  sw r9,-60(r1)
	    13    0xa8870000  sw r7,0(r4)
	    14    0xa822fffc  sw r2,-4(r1)
	    15    0x28000000  jal #_hosted_clib_io
	    16    0x00000000  nop
	    17    0x5024fffc  lw r4,-4(r1)
.rts
	    18    0x30800000  jr r4
	    19    0x5023ffc0  lw r3,-64(r1)
.label __sint_fread___PDMbvoid___sint___sint___PFILE__end
	    20    0x0821ffb8  addi r1,r1,#-72

.undef global text _hosted_clib_io

.text_segment_name
.text global 0 __sint_fwrite_word___PDMbvoid___sint___sint___sint___PFILE
	     0    0x08210048  addi r1,r1,#72
	     1    0x54830000  ori r3,r4,#0
	     2    0x51090000  lw r9,0(r8)
.rela 4 __stdio___strc60893a8 0
	     3    0x480a0000  lhi r10, #0
	     4    0x0824ffb8  addi r4,r1,#-72
	     5    0x54080012  ori r8,r0,#18
.rela 5 __stdio___strc60893a8 0
	     6    0x554a0000  ori r10,r10,#0
	     7    0xa829ffbc  sw r9,-68(r1)
	     8    0xa823fff0  sw r3,-16(r1)
	     9    0xa825ffe8  sw r5,-24(r1)
	    10    0xa826ffec  sw r6,-20(r1)
	    11    0xa827ffd4  sw r7,-44(r1)
	    12    0xa820ffc0  sw r0,-64(r1)
	    13    0xa82affc4  sw r10,-60(r1)
	    14    0xa8880000  sw r8,0(r4)
	    15    0xa822fffc  sw r2,-4(r1)
	    16    0x28000000  jal #_hosted_clib_io
	    17    0x00000000  nop
	    18    0x5024fffc  lw r4,-4(r1)
.rts
	    19    0x30800000  jr r4
	    20    0x5023ffc0  lw r3,-64(r1)
.label __sint_fwrite_word___PDMbvoid___sint___sint___sint___PFILE__end
	    21    0x0821ffb8  addi r1,r1,#-72

.undef global text _hosted_clib_io

.text_segment_name
.text global 0 __sint_fread_word___PDMbvoid___sint___sint___sint___PFILE
	     0    0x08210048  addi r1,r1,#72
	     1    0x54830000  ori r3,r4,#0
	     2    0x51090000  lw r9,0(r8)
.rela 4 __stdio___strc60893a8 0
	     3    0x480a0000  lhi r10, #0
	     4    0x0824ffb8  addi r4,r1,#-72
	     5    0x54080011  ori r8,r0,#17
.rela 5 __stdio___strc60893a8 0
	     6    0x554a0000  ori r10,r10,#0
	     7    0xa829ffbc  sw r9,-68(r1)
	     8    0xa823fff4  sw r3,-12(r1)
	     9    0xa825ffe8  sw r5,-24(r1)
	    10    0xa826ffec  sw r6,-20(r1)
	    11    0xa827ffd4  sw r7,-44(r1)
	    12    0xa820ffc0  sw r0,-64(r1)
	    13    0xa82affc4  sw r10,-60(r1)
	    14    0xa8880000  sw r8,0(r4)
	    15    0xa822fffc  sw r2,-4(r1)
	    16    0x28000000  jal #_hosted_clib_io
	    17    0x00000000  nop
	    18    0x5024fffc  lw r4,-4(r1)
.rts
	    19    0x30800000  jr r4
	    20    0x5023ffc0  lw r3,-64(r1)
.label __sint_fread_word___PDMbvoid___sint___sint___sint___PFILE__end
	    21    0x0821ffb8  addi r1,r1,#-72

.undef global text _hosted_clib_io

.text_segment_name
.text global 0 __sint_remove___P__cchar
	     0    0x08210048  addi r1,r1,#72
	     1    0x54850000  ori r5,r4,#0
	     2    0x0824ffb8  addi r4,r1,#-72
	     3    0x54030013  ori r3,r0,#19
	     4    0xa825ffc4  sw r5,-60(r1)
	     5    0xa820ffc0  sw r0,-64(r1)
	     6    0xa8830000  sw r3,0(r4)
	     7    0xa822fffc  sw r2,-4(r1)
	     8    0x28000000  jal #_hosted_clib_io
	     9    0x00000000  nop
	    10    0x5024ffc0  lw r4,-64(r1)
	    11    0x14800005  beqz r4,#5
	    12    0x48030000  lhi r3, #0
	    13    0x00000000  nop
.rela 4 errno 0
	    14    0x48030000  lhi r3, #0
.rela 5 errno 0
	    15    0x54650000  ori r5,r3,#0
	    16    0x0803ffff  addi r3,r0,#-1
	    17    0xa8a40000  sw r4,0(r5)
	    18    0x00000000  nop
	    19    0x5024fffc  lw r4,-4(r1)
.rts
	    20    0x30800000  jr r4
	    21    0x0821ffb8  addi r1,r1,#-72
.label __sint_remove___P__cchar__end
	    22    0x00000000  nop

.undef global text _hosted_clib_io

.undef global data errno

.text_segment_name
.text global 0 __sint_rename___P__cchar___P__cchar
	     0    0x08210048  addi r1,r1,#72
	     1    0x54830000  ori r3,r4,#0
	     2    0x0824ffb8  addi r4,r1,#-72
	     3    0x54060014  ori r6,r0,#20
	     4    0xa825ffc4  sw r5,-60(r1)
	     5    0xa823ffc8  sw r3,-56(r1)
	     6    0xa820ffc0  sw r0,-64(r1)
	     7    0xa8860000  sw r6,0(r4)
	     8    0xa822fffc  sw r2,-4(r1)
	     9    0x28000000  jal #_hosted_clib_io
	    10    0x00000000  nop
	    11    0x5024ffc0  lw r4,-64(r1)
	    12    0x14800005  beqz r4,#5
	    13    0x48030000  lhi r3, #0
	    14    0x00000000  nop
.rela 4 errno 0
	    15    0x48030000  lhi r3, #0
.rela 5 errno 0
	    16    0x54650000  ori r5,r3,#0
	    17    0x0803ffff  addi r3,r0,#-1
	    18    0xa8a40000  sw r4,0(r5)
	    19    0x00000000  nop
	    20    0x5024fffc  lw r4,-4(r1)
.rts
	    21    0x30800000  jr r4
	    22    0x0821ffb8  addi r1,r1,#-72
.label __sint_rename___P__cchar___P__cchar__end
	    23    0x00000000  nop

.undef global text _hosted_clib_io

.undef global data errno

.text_segment_name
.text global 0 __PFILE_tmpfile
.rela 4 _hosted_clib_files 4
	     0    0x48030004  lhi r3, #4
	     1    0x08210050  addi r1,r1,#80
.rela 5 _hosted_clib_files 4
	     2    0x54640004  ori r4,r3,#4
	     3    0xa822fffc  sw r2,-4(r1)
	     4    0x48030000  lhi r3, #0
	     5    0x00854034  lw r5,(r4+=8)
	     6    0x14a00006  beqz r5,#6
	     7    0x00000000  nop
	     8    0x00000000  nop
	     9    0x08630001  addi r3,r3,#1
	    10    0x8c650010  slti r5,r3,#16
	    11    0x20a0fff8  bnez r5,#-8
	    12    0x00000000  nop
	    13    0x00000000  nop
.label __ll2___PFILE_tmpfile
	    14    0xa823fff8  sw r3,-8(r1)
	    15    0x6c630010  sgei r3,r3,#16
	    16    0x2060001a  bnez r3,#26
.rela 4 errno 0
	    17    0x48040000  lhi r4, #0
.rela 5 errno 0
	    18    0x54840000  ori r4,r4,#0
	    19    0x54030015  ori r3,r0,#21
	    20    0x54050009  ori r5,r0,#9
	    21    0xa823ffb0  sw r3,-80(r1)
	    22    0xa825ffb8  sw r5,-72(r1)
	    23    0xa824fff4  sw r4,-12(r1)
	    24    0x28000000  jal #_hosted_clib_io
	    25    0x0824ffb0  addi r4,r1,#-80
	    26    0x5025ffb8  lw r5,-72(r1)
	    27    0x20a0000c  bnez r5,#12
	    28    0x5024fff4  lw r4,-12(r1)
	    29    0x00000000  nop
	    30    0x5024fff8  lw r4,-8(r1)
.rela 4 _hosted_clib_files 0
	    31    0x48030000  lhi r3, #0
	    32    0x88840003  slli r4,r4,#3
.rela 5 _hosted_clib_files 0
	    33    0x54630000  ori r3,r3,#0
	    34    0x00641801  add r3,r3,r4
	    35    0x5024ffb4  lw r4,-76(r1)
	    36    0x54050001  ori r5,r0,#1
	    37    0xa8640000  sw r4,0(r3)
	    38    0xa8650004  sw r5,4(r3)
	    39    0x24000007  j #7
	    40    0x00000000  nop
	    41    0xa8850000  sw r5,0(r4)
	    42    0x24000004  j #4
	    43    0x48030000  lhi r3, #0
	    44    0x54050018  ori r5,r0,#24
	    45    0xa8850000  sw r5,0(r4)
	    46    0x48030000  lhi r3, #0
	    47    0x5024fffc  lw r4,-4(r1)
.rts
	    48    0x30800000  jr r4
	    49    0x0821ffb0  addi r1,r1,#-80
.label __PFILE_tmpfile__end
	    50    0x00000000  nop

.undef global text _hosted_clib_io

.undef global data _hosted_clib_files

.undef global data errno

.text_segment_name
.text global 0 __sint_mkstemp___P__cchar
	     0    0x08210048  addi r1,r1,#72
	     1    0x54830000  ori r3,r4,#0
	     2    0x0824ffb8  addi r4,r1,#-72
	     3    0x5405001e  ori r5,r0,#30
	     4    0xa823ffe0  sw r3,-32(r1)
	     5    0xa823ffe4  sw r3,-28(r1)
	     6    0xa820ffc0  sw r0,-64(r1)
	     7    0xa8850000  sw r5,0(r4)
	     8    0xa822fffc  sw r2,-4(r1)
	     9    0x28000000  jal #_hosted_clib_io
	    10    0x00000000  nop
	    11    0x5024fffc  lw r4,-4(r1)
.rts
	    12    0x30800000  jr r4
	    13    0x5023ffc0  lw r3,-64(r1)
.label __sint_mkstemp___P__cchar__end
	    14    0x0821ffb8  addi r1,r1,#-72

.undef global text _hosted_clib_io

.text_segment_name
.text global 0 __PFILE_fdopen___sint___P__cchar
.rela 4 _hosted_clib_files 4
	     0    0x48030004  lhi r3, #4
	     1    0x08210050  addi r1,r1,#80
.rela 5 _hosted_clib_files 4
	     2    0x54660004  ori r6,r3,#4
	     3    0xa822fffc  sw r2,-4(r1)
	     4    0x48030000  lhi r3, #0
	     5    0x00c74034  lw r7,(r6+=8)
	     6    0x14e00006  beqz r7,#6
	     7    0x00000000  nop
	     8    0x00000000  nop
	     9    0x08630001  addi r3,r3,#1
	    10    0x8c670010  slti r7,r3,#16
	    11    0x20e0fff8  bnez r7,#-8
	    12    0x00000000  nop
	    13    0x00000000  nop
.label __ll2___PFILE_fdopen___sint___P__cchar
	    14    0xa823fff8  sw r3,-8(r1)
	    15    0x6c630010  sgei r3,r3,#16
	    16    0x2060001b  bnez r3,#27
.rela 4 errno 0
	    17    0x48060000  lhi r6, #0
.rela 5 errno 0
	    18    0x54c60000  ori r6,r6,#0
	    19    0x5403001f  ori r3,r0,#31
	    20    0xa824ffb4  sw r4,-76(r1)
	    21    0xa825ffc0  sw r5,-64(r1)
	    22    0xa823ffb0  sw r3,-80(r1)
	    23    0xa820ffb8  sw r0,-72(r1)
	    24    0xa826fff4  sw r6,-12(r1)
	    25    0x28000000  jal #_hosted_clib_io
	    26    0x0824ffb0  addi r4,r1,#-80
	    27    0x5025ffb8  lw r5,-72(r1)
	    28    0x20a0000c  bnez r5,#12
	    29    0x5024fff4  lw r4,-12(r1)
	    30    0x00000000  nop
	    31    0x5025fff8  lw r5,-8(r1)
.rela 4 _hosted_clib_files 0
	    32    0x48040000  lhi r4, #0
	    33    0x88a50003  slli r5,r5,#3
.rela 5 _hosted_clib_files 0
	    34    0x54840000  ori r4,r4,#0
	    35    0x00851801  add r3,r4,r5
	    36    0x5024ffb4  lw r4,-76(r1)
	    37    0x54050001  ori r5,r0,#1
	    38    0xa8640000  sw r4,0(r3)
	    39    0xa8650004  sw r5,4(r3)
	    40    0x24000007  j #7
	    41    0x00000000  nop
	    42    0xa8850000  sw r5,0(r4)
	    43    0x24000004  j #4
	    44    0x48030000  lhi r3, #0
	    45    0x54040018  ori r4,r0,#24
	    46    0xa8c40000  sw r4,0(r6)
	    47    0x48030000  lhi r3, #0
	    48    0x5024fffc  lw r4,-4(r1)
.rts
	    49    0x30800000  jr r4
	    50    0x0821ffb0  addi r1,r1,#-80
.label __PFILE_fdopen___sint___P__cchar__end
	    51    0x00000000  nop

.undef global text _hosted_clib_io

.undef global data _hosted_clib_files

.undef global data errno

.text_segment_name
.text global 0 __sint_close___sint
	     0    0x08210048  addi r1,r1,#72
	     1    0x54850000  ori r5,r4,#0
	     2    0x0824ffb8  addi r4,r1,#-72
	     3    0x54030020  ori r3,r0,#32
	     4    0xa825ffbc  sw r5,-68(r1)
	     5    0xa820ffc0  sw r0,-64(r1)
	     6    0xa8830000  sw r3,0(r4)
	     7    0xa822fffc  sw r2,-4(r1)
	     8    0x28000000  jal #_hosted_clib_io
	     9    0x00000000  nop
	    10    0x5024fffc  lw r4,-4(r1)
.rts
	    11    0x30800000  jr r4
	    12    0x5023ffc0  lw r3,-64(r1)
.label __sint_close___sint__end
	    13    0x0821ffb8  addi r1,r1,#-72

.undef global text _hosted_clib_io

.text_segment_name
.text global 0 __sint_sprintf___P__cchar___P__cchar
	     0    0x08210048  addi r1,r1,#72
	     1    0x54870000  ori r7,r4,#0
	     2    0x0824ffb8  addi r4,r1,#-72
	     3    0x0803ffff  addi r3,r0,#-1
	     4    0x54060017  ori r6,r0,#23
	     5    0xa827ffe4  sw r7,-28(r1)
	     6    0xa825ffcc  sw r5,-52(r1)
	     7    0xa823ffc0  sw r3,-64(r1)
	     8    0xa824fff8  sw r4,-8(r1)
	     9    0xa8860000  sw r6,0(r4)
	    10    0xa822fffc  sw r2,-4(r1)
	    11    0x28000000  jal #_hosted_clib_io
	    12    0x00000000  nop
	    13    0x5024fffc  lw r4,-4(r1)
.rts
	    14    0x30800000  jr r4
	    15    0x5023ffc0  lw r3,-64(r1)
.label __sint_sprintf___P__cchar___P__cchar__end
	    16    0x0821ffb8  addi r1,r1,#-72

.undef global text _hosted_clib_io

.text_segment_name
.text global 0 __sint_snprintf___P__cchar___sint___P__cchar
	     0    0x08210048  addi r1,r1,#72
	     1    0x54880000  ori r8,r4,#0
	     2    0x0824ffb8  addi r4,r1,#-72
	     3    0x0803ffff  addi r3,r0,#-1
	     4    0x54070018  ori r7,r0,#24
	     5    0xa828ffe4  sw r8,-28(r1)
	     6    0xa825ffe8  sw r5,-24(r1)
	     7    0xa826ffcc  sw r6,-52(r1)
	     8    0xa823ffc0  sw r3,-64(r1)
	     9    0xa824fff8  sw r4,-8(r1)
	    10    0xa8870000  sw r7,0(r4)
	    11    0xa822fffc  sw r2,-4(r1)
	    12    0x28000000  jal #_hosted_clib_io
	    13    0x00000000  nop
	    14    0x5024fffc  lw r4,-4(r1)
.rts
	    15    0x30800000  jr r4
	    16    0x5023ffc0  lw r3,-64(r1)
.label __sint_snprintf___P__cchar___sint___P__cchar__end
	    17    0x0821ffb8  addi r1,r1,#-72

.undef global text _hosted_clib_io

.text_segment_name
.text global 0 __sint_vsprintf___P__cchar___P__cchar___Pvoid
	     0    0x08210048  addi r1,r1,#72
	     1    0x54880000  ori r8,r4,#0
	     2    0x0824ffb8  addi r4,r1,#-72
	     3    0x0803ffff  addi r3,r0,#-1
	     4    0x54070017  ori r7,r0,#23
	     5    0xa828ffe4  sw r8,-28(r1)
	     6    0xa825ffcc  sw r5,-52(r1)
	     7    0xa826fff8  sw r6,-8(r1)
	     8    0xa823ffc0  sw r3,-64(r1)
	     9    0xa8870000  sw r7,0(r4)
	    10    0xa822fffc  sw r2,-4(r1)
	    11    0x28000000  jal #_hosted_clib_io
	    12    0x00000000  nop
	    13    0x5024fffc  lw r4,-4(r1)
.rts
	    14    0x30800000  jr r4
	    15    0x5023ffc0  lw r3,-64(r1)
.label __sint_vsprintf___P__cchar___P__cchar___Pvoid__end
	    16    0x0821ffb8  addi r1,r1,#-72

.undef global text _hosted_clib_io

.text_segment_name
.text global 0 __sint_vsnprintf___P__cchar___sint___P__cchar___Pvoid
	     0    0x08210048  addi r1,r1,#72
	     1    0x54890000  ori r9,r4,#0
	     2    0x0824ffb8  addi r4,r1,#-72
	     3    0x0803ffff  addi r3,r0,#-1
	     4    0x54080018  ori r8,r0,#24
	     5    0xa829ffe4  sw r9,-28(r1)
	     6    0xa825ffe8  sw r5,-24(r1)
	     7    0xa826ffcc  sw r6,-52(r1)
	     8    0xa827fff8  sw r7,-8(r1)
	     9    0xa823ffc0  sw r3,-64(r1)
	    10    0xa8880000  sw r8,0(r4)
	    11    0xa822fffc  sw r2,-4(r1)
	    12    0x28000000  jal #_hosted_clib_io
	    13    0x00000000  nop
	    14    0x5024fffc  lw r4,-4(r1)
.rts
	    15    0x30800000  jr r4
	    16    0x5023ffc0  lw r3,-64(r1)
.label __sint_vsnprintf___P__cchar___sint___P__cchar___Pvoid__end
	    17    0x0821ffb8  addi r1,r1,#-72

.undef global text _hosted_clib_io

.text_segment_name
.text global 0 __sint_sscanf___P__cchar___P__cchar
	     0    0x08210048  addi r1,r1,#72
	     1    0x54870000  ori r7,r4,#0
	     2    0x0824ffb8  addi r4,r1,#-72
	     3    0x0803ffff  addi r3,r0,#-1
	     4    0x54060019  ori r6,r0,#25
	     5    0xa827ffe0  sw r7,-32(r1)
	     6    0xa825ffcc  sw r5,-52(r1)
	     7    0xa823ffc0  sw r3,-64(r1)
	     8    0xa824fff8  sw r4,-8(r1)
	     9    0xa8860000  sw r6,0(r4)
	    10    0xa822fffc  sw r2,-4(r1)
	    11    0x28000000  jal #_hosted_clib_io
	    12    0x00000000  nop
	    13    0x5024fffc  lw r4,-4(r1)
.rts
	    14    0x30800000  jr r4
	    15    0x5023ffc0  lw r3,-64(r1)
.label __sint_sscanf___P__cchar___P__cchar__end
	    16    0x0821ffb8  addi r1,r1,#-72

.undef global text _hosted_clib_io

.text_segment_name
.text global 0 __sint_vsscanf___P__cchar___P__cchar___Pvoid
	     0    0x08210048  addi r1,r1,#72
	     1    0x54880000  ori r8,r4,#0
	     2    0x0824ffb8  addi r4,r1,#-72
	     3    0x0803ffff  addi r3,r0,#-1
	     4    0x54070019  ori r7,r0,#25
	     5    0xa828ffe0  sw r8,-32(r1)
	     6    0xa825ffcc  sw r5,-52(r1)
	     7    0xa826fff8  sw r6,-8(r1)
	     8    0xa823ffc0  sw r3,-64(r1)
	     9    0xa8870000  sw r7,0(r4)
	    10    0xa822fffc  sw r2,-4(r1)
	    11    0x28000000  jal #_hosted_clib_io
	    12    0x00000000  nop
	    13    0x5024fffc  lw r4,-4(r1)
.rts
	    14    0x30800000  jr r4
	    15    0x5023ffc0  lw r3,-64(r1)
.label __sint_vsscanf___P__cchar___P__cchar___Pvoid__end
	    16    0x0821ffb8  addi r1,r1,#-72

.undef global text _hosted_clib_io

