
; File generated by darts version N-2018.03#7d02e3ca79#180723, Thu Feb 28 14:35:33 2019
; Copyright 2014-2018 Synopsys, Inc. All rights reserved.
; darts -B -I.. +p -d -h -I../runtime/include -I../../io_modules -I/CMC/tools/synopsys/asip_designer_vN-2018.03-SP3/linux64/chessdir/../examples/io_modules -D__tct_patch__=300 -L +Ihex lib/Release/string.o tlx

; Release: ipd N-2018.03-SP3
.data_segment_name
.bss local 4 __string___P__cchar_strtok___P__cchar___P__cchar_last DMb_stat 4

.data_segment_name
.rodata local 1 __string___str0001003f DMb_stat
	0x0

.undef local data __P__cchar_strtok___P__cchar___P__cchar__end

.undef local data __string___P__cchar_strtok___P__cchar___P__cchar_last

.undef local data __string___str0001003f

.undef global data __P__cchar_strtok___P__cchar___P__cchar

.text_segment_name
.text global 0 __Pvoid_memcpy___Pvoid___Pvoid___uint
	     0    0x54830000  ori r3,r4,#0
	     1    0x00c02011  sleu r4,r6,r0
	     2    0x2080000c  bnez r4,#12
	     3    0x00000000  nop
	     4    0x00000000  nop
.rela 4 ZLS_F__Pvoid_memcpy___Pvoid___Pvoid___uint_13 0
	     5    0x4807000d  lhi r7, #13
.rela 4 ZLE_F__Pvoid_memcpy___Pvoid___Pvoid___uint_15 0
	     6    0x4804000f  lhi r4, #15
	     7    0xbcc00000  bor lc,r6,#0
.rela 5 ZLS_F__Pvoid_memcpy___Pvoid___Pvoid___uint_13 0
	     8    0x54e7000d  ori r7,r7,#13
.rela 5 ZLE_F__Pvoid_memcpy___Pvoid___Pvoid___uint_15 0
	     9    0x5484000f  ori r4,r4,#15
	    10    0xbce10000  bor ls,r7,#0
	    11    0xbc820000  bor le,r4,#0
	    12    0x54660000  ori r6,r3,#0
.label ZLS_F__Pvoid_memcpy___Pvoid___Pvoid___uint_13
	    13    0x00a40830  lb r4,(r5+=1)
	    14    0x00c40835  sb r4,(r6+=1)
.label ZLE_F__Pvoid_memcpy___Pvoid___Pvoid___uint_15
	    15    0x00000000  nop
.rts
	    16    0x30400000  jr r2
	    17    0x00000000  nop
.label __Pvoid_memcpy___Pvoid___Pvoid___uint__end
	    18    0x00000000  nop

.text_segment_name
.text global 0 __Pvoid_memmove___Pvoid___Pvoid___uint
	     0    0x00854011  sleu r8,r4,r5
	     1    0x21000013  bnez r8,#19
	     2    0x54830000  ori r3,r4,#0
	     3    0x08c7ffff  addi r7,r6,#-1
	     4    0x00e02013  slt r4,r7,r0
	     5    0x2080001f  bnez r4,#31
	     6    0x00673001  add r6,r3,r7
	     7    0x00a72801  add r5,r5,r7
.rela 4 ZLS_F__Pvoid_memmove___Pvoid___Pvoid___uint_16 0
	     8    0x48080010  lhi r8, #16
.rela 4 ZLE_F__Pvoid_memmove___Pvoid___Pvoid___uint_18 0
	     9    0x48040012  lhi r4, #18
	    10    0x08e70001  addi r7,r7,#1
.rela 5 ZLS_F__Pvoid_memmove___Pvoid___Pvoid___uint_16 0
	    11    0x55080010  ori r8,r8,#16
.rela 5 ZLE_F__Pvoid_memmove___Pvoid___Pvoid___uint_18 0
	    12    0x54840012  ori r4,r4,#18
	    13    0xbce00000  bor lc,r7,#0
	    14    0xbd010000  bor ls,r8,#0
	    15    0xbc820000  bor le,r4,#0
.label ZLS_F__Pvoid_memmove___Pvoid___Pvoid___uint_16
	    16    0x00a4f830  lb r4,(r5+=-1)
	    17    0x00c4f835  sb r4,(r6+=-1)
.label ZLE_F__Pvoid_memmove___Pvoid___Pvoid___uint_18
	    18    0x00000000  nop
.rts
	    19    0x30400000  jr r2
	    20    0x00000000  nop
	    21    0x00000000  nop
	    22    0x00c03011  sleu r6,r6,r0
	    23    0x20c0000d  bnez r6,#13
	    24    0x00000000  nop
	    25    0x00000000  nop
.rela 4 ZLE_F__Pvoid_memmove___Pvoid___Pvoid___uint_37 0
	    26    0x48060025  lhi r6, #37
.rela 4 ZLS_F__Pvoid_memmove___Pvoid___Pvoid___uint_35 0
	    27    0x48040023  lhi r4, #35
.rela 5 ZLE_F__Pvoid_memmove___Pvoid___Pvoid___uint_37 0
	    28    0x54c60025  ori r6,r6,#37
	    29    0x08e70001  addi r7,r7,#1
	    30    0xbcc20000  bor le,r6,#0
.rela 5 ZLS_F__Pvoid_memmove___Pvoid___Pvoid___uint_35 0
	    31    0x54840023  ori r4,r4,#35
	    32    0xbce00000  bor lc,r7,#0
	    33    0xbc810000  bor ls,r4,#0
	    34    0x54660000  ori r6,r3,#0
.label ZLS_F__Pvoid_memmove___Pvoid___Pvoid___uint_35
	    35    0x00a40830  lb r4,(r5+=1)
	    36    0x00c40835  sb r4,(r6+=1)
.label ZLE_F__Pvoid_memmove___Pvoid___Pvoid___uint_37
	    37    0x00000000  nop
.rts
	    38    0x30400000  jr r2
	    39    0x00000000  nop
.label __Pvoid_memmove___Pvoid___Pvoid___uint__end
	    40    0x00000000  nop

.text_segment_name
.text global 0 __P__cchar_strcpy___P__cchar___P__cchar
	     0    0x54830000  ori r3,r4,#0
	     1    0x00a60830  lb r6,(r5+=1)
	     2    0x20c0fffd  bnez r6,#-3
	     3    0x00860835  sb r6,(r4+=1)
	     4    0x00000000  nop
.rts
	     5    0x30400000  jr r2
	     6    0x00000000  nop
.label __P__cchar_strcpy___P__cchar___P__cchar__end
	     7    0x00000000  nop

.text_segment_name
.text global 0 __P__cchar_strncpy___P__cchar___P__cchar___uint
	     0    0x54830000  ori r3,r4,#0
	     1    0x54c70000  ori r7,r6,#0
	     2    0x14e00005  beqz r7,#5
	     3    0x08c6ffff  addi r6,r6,#-1
	     4    0x00000000  nop
	     5    0x00a70830  lb r7,(r5+=1)
	     6    0x20e0fff9  bnez r7,#-7
	     7    0x00870835  sb r7,(r4+=1)
	     8    0x00000000  nop
	     9    0x00c02811  sleu r5,r6,r0
	    10    0x20a0000a  bnez r5,#10
	    11    0x00000000  nop
	    12    0x00000000  nop
.rela 4 ZLS_F__P__cchar_strncpy___P__cchar___P__cchar___uint_21 0
	    13    0x48070015  lhi r7, #21
.rela 4 ZLS_F__P__cchar_strncpy___P__cchar___P__cchar___uint_21 0
	    14    0x48050015  lhi r5, #21
.rela 5 ZLS_F__P__cchar_strncpy___P__cchar___P__cchar___uint_21 0
	    15    0x54e70015  ori r7,r7,#21
.rela 5 ZLS_F__P__cchar_strncpy___P__cchar___P__cchar___uint_21 0
	    16    0x54a50015  ori r5,r5,#21
	    17    0xbcc00000  bor lc,r6,#0
	    18    0xbce10000  bor ls,r7,#0
	    19    0xbca20000  bor le,r5,#0
	    20    0x00000000  nop
.label ZLS_F__P__cchar_strncpy___P__cchar___P__cchar___uint_21
	    21    0x00800835  sb r0,(r4+=1)
.rts
	    22    0x30400000  jr r2
	    23    0x00000000  nop
.label __P__cchar_strncpy___P__cchar___P__cchar___uint__end
	    24    0x00000000  nop

.text_segment_name
.text global 0 __P__cchar_strcat___P__cchar___P__cchar
	     0    0x54830000  ori r3,r4,#0
	     1    0x00860830  lb r6,(r4+=1)
	     2    0x20c0fffd  bnez r6,#-3
	     3    0x00000000  nop
	     4    0x00000000  nop
	     5    0x0884ffff  addi r4,r4,#-1
	     6    0x00a60830  lb r6,(r5+=1)
	     7    0x20c0fffd  bnez r6,#-3
	     8    0x00860835  sb r6,(r4+=1)
	     9    0x00000000  nop
.rts
	    10    0x30400000  jr r2
	    11    0x00000000  nop
.label __P__cchar_strcat___P__cchar___P__cchar__end
	    12    0x00000000  nop

.text_segment_name
.text global 0 __P__cchar_strncat___P__cchar___P__cchar___uint
	     0    0x54830000  ori r3,r4,#0
	     1    0x00870830  lb r7,(r4+=1)
	     2    0x20e0fffd  bnez r7,#-3
	     3    0x00000000  nop
	     4    0x00000000  nop
	     5    0x24000003  j #3
	     6    0x0884ffff  addi r4,r4,#-1
	     7    0x00870835  sb r7,(r4+=1)
	     8    0x08c6ffff  addi r6,r6,#-1
.label __ll2___P__cchar_strncat___P__cchar___P__cchar___uint
	     9    0x14c00005  beqz r6,#5
	    10    0x00000000  nop
	    11    0x00000000  nop
	    12    0x00a70830  lb r7,(r5+=1)
	    13    0x20e0fff8  bnez r7,#-8
	    14    0x00000000  nop
	    15    0x00000000  nop
.rts
	    16    0x30400000  jr r2
	    17    0x5c800000  sb r0,0(r4)
.label __P__cchar_strncat___P__cchar___P__cchar___uint__end
	    18    0x00000000  nop

.text_segment_name
.text global 0 __sint_memcmp___Pvoid___Pvoid___uint
	     0    0x2400000b  j #11
	     1    0x00861801  add r3,r4,r6
	     2    0x00860830  lb r6,(r4+=1)
	     3    0x00a70830  lb r7,(r5+=1)
	     4    0x00c7400b  seq r8,r6,r7
	     5    0x21000005  bnez r8,#5
	     6    0x00000000  nop
	     7    0x00000000  nop
	     8    0x10e500ff  andi r5,r7,#255
.rts
	     9    0x30400000  jr r2
	    10    0x10c400ff  andi r4,r6,#255
	    11    0x00851818  sub r3,r4,r5
.label __ll1___sint_memcmp___Pvoid___Pvoid___uint
	    12    0x00643015  sne r6,r3,r4
	    13    0x20c0fff3  bnez r6,#-13
	    14    0x00000000  nop
	    15    0x00000000  nop
.rts
	    16    0x30400000  jr r2
	    17    0x48030000  lhi r3, #0
.label __sint_memcmp___Pvoid___Pvoid___uint__end
	    18    0x00000000  nop

.text_segment_name
.text global 0 __sint_strcmp___P__cchar___P__cchar
	     0    0x00830830  lb r3,(r4+=1)
	     1    0x00a60830  lb r6,(r5+=1)
	     2    0x00663815  sne r7,r3,r6
	     3    0x0060400b  seq r8,r3,r0
	     4    0x00e8380a  or r7,r7,r8
	     5    0x14e0fff9  beqz r7,#-7
	     6    0x00000000  nop
	     7    0x00000000  nop
	     8    0x10c500ff  andi r5,r6,#255
.rts
	     9    0x30400000  jr r2
	    10    0x106400ff  andi r4,r3,#255
.label __sint_strcmp___P__cchar___P__cchar__end
	    11    0x00851818  sub r3,r4,r5

.text_segment_name
.text global 0 __sint_strncmp___P__cchar___P__cchar___uint
	     0    0x2400000d  j #13
	     1    0x00861801  add r3,r4,r6
	     2    0x00860830  lb r6,(r4+=1)
	     3    0x00a70830  lb r7,(r5+=1)
	     4    0x00c74015  sne r8,r6,r7
	     5    0x00c0480b  seq r9,r6,r0
	     6    0x0109400a  or r8,r8,r9
	     7    0x15000005  beqz r8,#5
	     8    0x00000000  nop
	     9    0x00000000  nop
	    10    0x10e500ff  andi r5,r7,#255
.rts
	    11    0x30400000  jr r2
	    12    0x10c400ff  andi r4,r6,#255
	    13    0x00851818  sub r3,r4,r5
.label __ll1___sint_strncmp___P__cchar___P__cchar___uint
	    14    0x00643015  sne r6,r3,r4
	    15    0x20c0fff1  bnez r6,#-15
	    16    0x00000000  nop
	    17    0x00000000  nop
.rts
	    18    0x30400000  jr r2
	    19    0x48030000  lhi r3, #0
.label __sint_strncmp___P__cchar___P__cchar___uint__end
	    20    0x00000000  nop

.text_segment_name
.text global 0 __uint_strxfrm___P__cchar___P__cchar___uint
	     0    0x08210010  addi r1,r1,#16
	     1    0xa826fffc  sw r6,-4(r1)
	     2    0xa825fff8  sw r5,-8(r1)
	     3    0xa824fff4  sw r4,-12(r1)
	     4    0xa822fff0  sw r2,-16(r1)
	     5    0x28000000  jal #__uint_strlen___P__cchar
	     6    0x54a40000  ori r4,r5,#0
	     7    0x5024fffc  lw r4,-4(r1)
	     8    0x0064200d  sgeu r4,r3,r4
	     9    0x2080000e  bnez r4,#14
	    10    0x00000000  nop
	    11    0x00000000  nop
.rela 4 ZLE_F__uint_strxfrm___P__cchar___P__cchar___uint_24 0
	    12    0x48040018  lhi r4, #24
.rela 5 ZLE_F__uint_strxfrm___P__cchar___P__cchar___uint_24 0
	    13    0x54870018  ori r7,r4,#24
	    14    0x08650001  addi r5,r3,#1
.rela 4 ZLS_F__uint_strxfrm___P__cchar___P__cchar___uint_22 0
	    15    0x48060016  lhi r6, #22
	    16    0xbca00000  bor lc,r5,#0
.rela 5 ZLS_F__uint_strxfrm___P__cchar___P__cchar___uint_22 0
	    17    0x54c60016  ori r6,r6,#22
	    18    0x5024fff8  lw r4,-8(r1)
	    19    0xbcc10000  bor ls,r6,#0
	    20    0xbce20000  bor le,r7,#0
	    21    0x5025fff4  lw r5,-12(r1)
.label ZLS_F__uint_strxfrm___P__cchar___P__cchar___uint_22
	    22    0x00860830  lb r6,(r4+=1)
	    23    0x00a60835  sb r6,(r5+=1)
.label ZLE_F__uint_strxfrm___P__cchar___P__cchar___uint_24
	    24    0x00000000  nop
	    25    0x5024fff0  lw r4,-16(r1)
.rts
	    26    0x30800000  jr r4
	    27    0x0821fff0  addi r1,r1,#-16
.label __uint_strxfrm___P__cchar___P__cchar___uint__end
	    28    0x00000000  nop

.undef global text __uint_strlen___P__cchar

.text_segment_name
.text global 0 __Pvoid_memchr___Pvoid___sint___uint
	     0    0x00863001  add r6,r4,r6
	     1    0x2400000a  j #10
	     2    0x10a500ff  andi r5,r5,#255
	     3    0x54830000  ori r3,r4,#0
	     4    0x00870831  lbu r7,(r4+=1)
	     5    0x00a73815  sne r7,r5,r7
	     6    0x20e00004  bnez r7,#4
	     7    0x00000000  nop
	     8    0x00000000  nop
.rts
	     9    0x30400000  jr r2
	    10    0x00000000  nop
	    11    0x00000000  nop
.label __ll1___Pvoid_memchr___Pvoid___sint___uint
	    12    0x00861815  sne r3,r4,r6
	    13    0x2060fff4  bnez r3,#-12
	    14    0x00000000  nop
	    15    0x00000000  nop
.rts
	    16    0x30400000  jr r2
	    17    0x48030000  lhi r3, #0
.label __Pvoid_memchr___Pvoid___sint___uint__end
	    18    0x00000000  nop

.text_segment_name
.text global 0 __P__cchar_strchr___P__cchar___sint
	     0    0xb4a50008  xtdi r5,r5,#8
	     1    0x54830000  ori r3,r4,#0
	     2    0x00860830  lb r6,(r4+=1)
	     3    0x00a63815  sne r7,r5,r6
	     4    0x20e00004  bnez r7,#4
	     5    0x00000000  nop
	     6    0x00000000  nop
.rts
	     7    0x30400000  jr r2
	     8    0x00000000  nop
	     9    0x00000000  nop
	    10    0x20c0fff5  bnez r6,#-11
	    11    0x00000000  nop
	    12    0x00000000  nop
.rts
	    13    0x30400000  jr r2
	    14    0x48030000  lhi r3, #0
.label __P__cchar_strchr___P__cchar___sint__end
	    15    0x00000000  nop

.text_segment_name
.text global 0 __uint_strcspn___P__cchar___P__cchar
	     0    0x0803ffff  addi r3,r0,#-1
	     1    0x54a70000  ori r7,r5,#0
	     2    0x00860830  lb r6,(r4+=1)
	     3    0x08630001  addi r3,r3,#1
	     4    0x00e80830  lb r8,(r7+=1)
	     5    0x00c84815  sne r9,r6,r8
	     6    0x21200004  bnez r9,#4
	     7    0x00000000  nop
	     8    0x00000000  nop
.rts
	     9    0x30400000  jr r2
	    10    0x00000000  nop
	    11    0x00000000  nop
	    12    0x2100fff6  bnez r8,#-10
	    13    0x00000000  nop
	    14    0x00000000  nop
	    15    0x27fffff1  j #-15
.label __uint_strcspn___P__cchar___P__cchar__end
	    16    0x00000000  nop

.text_segment_name
.text global 0 __P__cchar_strpbrk___P__cchar___P__cchar
	     0    0x54830000  ori r3,r4,#0
	     1    0x2400000e  j #14
	     2    0x00000000  nop
	     3    0x54a60000  ori r6,r5,#0
	     4    0x00c70830  lb r7,(r6+=1)
	     5    0x00874015  sne r8,r4,r7
	     6    0x21000004  bnez r8,#4
	     7    0x00000000  nop
	     8    0x00000000  nop
.rts
	     9    0x30400000  jr r2
	    10    0x00000000  nop
	    11    0x00000000  nop
	    12    0x20e0fff6  bnez r7,#-10
	    13    0x00000000  nop
	    14    0x00000000  nop
	    15    0x08630001  addi r3,r3,#1
.label __ll1___P__cchar_strpbrk___P__cchar___P__cchar
	    16    0x34640000  lb r4,0(r3)
	    17    0x2080fff0  bnez r4,#-16
	    18    0x00000000  nop
	    19    0x00000000  nop
.rts
	    20    0x30400000  jr r2
	    21    0x48030000  lhi r3, #0
.label __P__cchar_strpbrk___P__cchar___P__cchar__end
	    22    0x00000000  nop

.text_segment_name
.text global 0 __P__cchar_strrchr___P__cchar___sint
	     0    0xb4a50008  xtdi r5,r5,#8
	     1    0x48030000  lhi r3, #0
	     2    0x54870000  ori r7,r4,#0
	     3    0x00860830  lb r6,(r4+=1)
	     4    0x00a64015  sne r8,r5,r6
	     5    0x21000002  bnez r8,#2
	     6    0x00000000  nop
	     7    0x00000000  nop
	     8    0x54e30000  ori r3,r7,#0
	     9    0x20c0fff7  bnez r6,#-9
	    10    0x00000000  nop
	    11    0x00000000  nop
.rts
	    12    0x30400000  jr r2
	    13    0x00000000  nop
.label __P__cchar_strrchr___P__cchar___sint__end
	    14    0x00000000  nop

.text_segment_name
.text global 0 __uint_strspn___P__cchar___P__cchar
	     0    0x54830000  ori r3,r4,#0
	     1    0x2400000d  j #13
	     2    0x00000000  nop
	     3    0x54a80000  ori r8,r5,#0
	     4    0x01070830  lb r7,(r8+=1)
	     5    0x00c7480b  seq r9,r6,r7
	     6    0x21200004  bnez r9,#4
	     7    0x00000000  nop
	     8    0x00000000  nop
	     9    0x20e0fff9  bnez r7,#-7
	    10    0x00000000  nop
	    11    0x00000000  nop
.label __ll1___uint_strspn___P__cchar___P__cchar
	    12    0x14e00006  beqz r7,#6
	    13    0x08630001  addi r3,r3,#1
	    14    0x00000000  nop
.label __ll2___uint_strspn___P__cchar___P__cchar
	    15    0x34660000  lb r6,0(r3)
	    16    0x20c0fff1  bnez r6,#-15
	    17    0x00000000  nop
	    18    0x00000000  nop
	    19    0x08630001  addi r3,r3,#1
.label __ll3___uint_strspn___P__cchar___P__cchar
.rts
	    20    0x30400000  jr r2
	    21    0x0865ffff  addi r5,r3,#-1
.label __uint_strspn___P__cchar___P__cchar__end
	    22    0x00a41818  sub r3,r5,r4

.text_segment_name
.text global 0 __P__cchar_strstr___P__cchar___P__cchar
	     0    0x54830000  ori r3,r4,#0
	     1    0x54a60000  ori r6,r5,#0
	     2    0x54640000  ori r4,r3,#0
	     3    0x00c80830  lb r8,(r6+=1)
	     4    0x21000004  bnez r8,#4
	     5    0x00870830  lb r7,(r4+=1)
	     6    0x00000000  nop
.rts
	     7    0x30400000  jr r2
	     8    0x00000000  nop
	     9    0x00000000  nop
	    10    0x00e8380b  seq r7,r7,r8
	    11    0x20e0fff6  bnez r7,#-10
	    12    0x00000000  nop
	    13    0x00000000  nop
	    14    0x00640830  lb r4,(r3+=1)
	    15    0x2080fff0  bnez r4,#-16
	    16    0x00000000  nop
	    17    0x00000000  nop
.rts
	    18    0x30400000  jr r2
	    19    0x48030000  lhi r3, #0
.label __P__cchar_strstr___P__cchar___P__cchar__end
	    20    0x00000000  nop

.text_segment_name
.text global 0 __P__cchar_strtok___P__cchar___P__cchar
.rela 4 __string___P__cchar_strtok___P__cchar___P__cchar_last 0
	     0    0x48030000  lhi r3, #0
	     1    0x20800013  bnez r4,#19
.rela 5 __string___P__cchar_strtok___P__cchar___P__cchar_last 0
	     2    0x54660000  ori r6,r3,#0
	     3    0x00000000  nop
	     4    0x50c40000  lw r4,0(r6)
	     5    0x14800032  beqz r4,#50
	     6    0x00000000  nop
	     7    0x00000000  nop
	     8    0x2400000d  j #13
	     9    0x00000000  nop
	    10    0x54a80000  ori r8,r5,#0
	    11    0x01070830  lb r7,(r8+=1)
	    12    0x0067480b  seq r9,r3,r7
	    13    0x21200004  bnez r9,#4
	    14    0x00000000  nop
	    15    0x00000000  nop
	    16    0x20e0fff9  bnez r7,#-7
	    17    0x00000000  nop
	    18    0x00000000  nop
.label __ll1___P__cchar_strtok___P__cchar___P__cchar
	    19    0x14e00006  beqz r7,#6
	    20    0x08840001  addi r4,r4,#1
	    21    0x00000000  nop
.label __ll2___P__cchar_strtok___P__cchar___P__cchar
	    22    0x34830000  lb r3,0(r4)
	    23    0x2060fff1  bnez r3,#-15
	    24    0x00000000  nop
	    25    0x00000000  nop
	    26    0x08840001  addi r4,r4,#1
.label __ll3___P__cchar_strtok___P__cchar___P__cchar
	    27    0x14600019  beqz r3,#25
	    28    0x00000000  nop
	    29    0x00000000  nop
	    30    0x0883ffff  addi r3,r4,#-1
	    31    0x54870000  ori r7,r4,#0
	    32    0x54a90000  ori r9,r5,#0
	    33    0x00880830  lb r8,(r4+=1)
	    34    0x012a0830  lb r10,(r9+=1)
	    35    0x010a5815  sne r11,r8,r10
	    36    0x2160000b  bnez r11,#11
	    37    0x00000000  nop
	    38    0x00000000  nop
	    39    0x15000005  beqz r8,#5
	    40    0x00000000  nop
	    41    0x00000000  nop
	    42    0x00e00835  sb r0,(r7+=1)
.rts
	    43    0x30400000  jr r2
	    44    0xa8c70000  sw r7,0(r6)
	    45    0x00000000  nop
.rts
	    46    0x30400000  jr r2
	    47    0xa8c00000  sw r0,0(r6)
	    48    0x00000000  nop
	    49    0x2140ffef  bnez r10,#-17
	    50    0x00000000  nop
	    51    0x00000000  nop
	    52    0x27ffffea  j #-22
	    53    0x00000000  nop
.rts
	    54    0x30400000  jr r2
	    55    0xa8c00000  sw r0,0(r6)
	    56    0x48030000  lhi r3, #0
.rts
	    57    0x30400000  jr r2
	    58    0x48030000  lhi r3, #0
.label __P__cchar_strtok___P__cchar___P__cchar__end
	    59    0x00000000  nop

.text_segment_name
.text global 0 __Pvoid_memset___Pvoid___sint___uint
	     0    0x54830000  ori r3,r4,#0
	     1    0x00c02011  sleu r4,r6,r0
	     2    0x2080000a  bnez r4,#10
	     3    0x00000000  nop
	     4    0x00000000  nop
.rela 4 ZLS_F__Pvoid_memset___Pvoid___sint___uint_13 0
	     5    0x4807000d  lhi r7, #13
.rela 4 ZLS_F__Pvoid_memset___Pvoid___sint___uint_13 0
	     6    0x4804000d  lhi r4, #13
	     7    0xbcc00000  bor lc,r6,#0
.rela 5 ZLS_F__Pvoid_memset___Pvoid___sint___uint_13 0
	     8    0x54e7000d  ori r7,r7,#13
.rela 5 ZLS_F__Pvoid_memset___Pvoid___sint___uint_13 0
	     9    0x5484000d  ori r4,r4,#13
	    10    0xbce10000  bor ls,r7,#0
	    11    0xbc820000  bor le,r4,#0
	    12    0x54660000  ori r6,r3,#0
.label ZLS_F__Pvoid_memset___Pvoid___sint___uint_13
	    13    0x00c50835  sb r5,(r6+=1)
.rts
	    14    0x30400000  jr r2
	    15    0x00000000  nop
.label __Pvoid_memset___Pvoid___sint___uint__end
	    16    0x00000000  nop

.text_segment_name
.text global 0 __P__cchar_strerror___sint
.rts
	     0    0x30400000  jr r2
.rela 4 __string___str0001003f 0
	     1    0x48030000  lhi r3, #0
.label __P__cchar_strerror___sint__end
.rela 5 __string___str0001003f 0
	     2    0x54630000  ori r3,r3,#0

.text_segment_name
.text global 0 __uint_strlen___P__cchar
	     0    0x54830000  ori r3,r4,#0
	     1    0x00650830  lb r5,(r3+=1)
	     2    0x20a0fffd  bnez r5,#-3
	     3    0x00000000  nop
	     4    0x00000000  nop
.rts
	     5    0x30400000  jr r2
	     6    0x0863ffff  addi r3,r3,#-1
.label __uint_strlen___P__cchar__end
	     7    0x00641818  sub r3,r3,r4

