
; File generated by darts version N-2018.03#7d02e3ca79#180723, Thu Feb 28 14:35:35 2019
; Copyright 2014-2018 Synopsys, Inc. All rights reserved.
; darts -B -I.. +p -d -h -I../runtime/include -I../../io_modules -I/CMC/tools/synopsys/asip_designer_vN-2018.03-SP3/linux64/chessdir/../examples/io_modules -D__tct_patch__=300 -L +Ihex lib/Release/strtoul.o tlx

; Release: ipd N-2018.03-SP3
.undef global data _ct_code

.undef global data errno

.text_segment_name
.text global 0 __ulong_strtoul___P__cchar___P__P__cchar___sint
	     0    0x0821002c  addi r1,r1,#44
.rela 4 _ct_code 0
	     1    0x48030000  lhi r3, #0
.rela 5 _ct_code 0
	     2    0x54690000  ori r9,r3,#0
	     3    0x54870000  ori r7,r4,#0
	     4    0xa822fffc  sw r2,-4(r1)
	     5    0xa829fff8  sw r9,-8(r1)
	     6    0x54030001  ori r3,r0,#1
	     7    0x00e80831  lbu r8,(r7+=1)
	     8    0x01095001  add r10,r8,r9
	     9    0x394a0000  lbu r10,0(r10)
	    10    0x114a0040  andi r10,r10,#64
	    11    0x2140fffa  bnez r10,#-6
	    12    0x00000000  nop
	    13    0x00000000  nop
	    14    0x54ea0000  ori r10,r7,#0
	    15    0xa826ffec  sw r6,-20(r1)
	    16    0x650b002d  seqi r11,r8,#45
	    17    0x00e90830  lb r9,(r7+=1)
	    18    0xa824fff4  sw r4,-12(r1)
	    19    0xa825fff0  sw r5,-16(r1)
	    20    0x2160000b  bnez r11,#11
	    21    0xa827ffe4  sw r7,-28(r1)
	    22    0xa829ffe8  sw r9,-24(r1)
	    23    0x9505002b  snei r5,r8,#43
	    24    0x20a00003  bnez r5,#3
	    25    0x48030000  lhi r3, #0
	    26    0x00000000  nop
	    27    0x55280000  ori r8,r9,#0
	    28    0x54ea0000  ori r10,r7,#0
	    29    0xa828ffe8  sw r8,-24(r1)
	    30    0x55470000  ori r7,r10,#0
	    31    0xa82affe4  sw r10,-28(r1)
	    32    0x55090000  ori r9,r8,#0
	    33    0x00c0280b  seq r5,r6,r0
	    34    0x34e80000  lb r8,0(r7)
	    35    0x64c70010  seqi r7,r6,#16
	    36    0x65040058  seqi r4,r8,#88
	    37    0x65290030  seqi r9,r9,#48
	    38    0x65080078  seqi r8,r8,#120
	    39    0x00a7280a  or r5,r5,r7
	    40    0x00a92803  and r5,r5,r9
	    41    0x0088200a  or r4,r4,r8
	    42    0x00852003  and r4,r4,r5
	    43    0x14800009  beqz r4,#9
	    44    0x5025ffec  lw r5,-20(r1)
	    45    0xa823ffe0  sw r3,-32(r1)
	    46    0x00000000  nop
	    47    0x5025ffe4  lw r5,-28(r1)
	    48    0x08a40001  addi r4,r5,#1
	    49    0x54050010  ori r5,r0,#16
	    50    0x00830830  lb r3,(r4+=1)
	    51    0xa824ffe4  sw r4,-28(r1)
	    52    0xa823ffe8  sw r3,-24(r1)
	    53    0xa825ffec  sw r5,-20(r1)
	    54    0x20a00008  bnez r5,#8
	    55    0x00000000  nop
	    56    0x00000000  nop
	    57    0x5024ffe8  lw r4,-24(r1)
	    58    0x64840030  seqi r4,r4,#48
	    59    0x20800003  bnez r4,#3
	    60    0x54050008  ori r5,r0,#8
	    61    0xa825ffec  sw r5,-20(r1)
	    62    0x5405000a  ori r5,r0,#10
	    63    0xa825ffec  sw r5,-20(r1)
	    64    0x28000000  jal #__uint_div_called___uint___uint_R__uint
	    65    0x0804ffff  addi r4,r0,#-1
.rela 4 errno 0
	    66    0x48050000  lhi r5, #0
.rela 5 errno 0
	    67    0x54a40000  ori r4,r5,#0
	    68    0x502bffe8  lw r11,-24(r1)
	    69    0x5027ffe4  lw r7,-28(r1)
	    70    0xa826ffe8  sw r6,-24(r1)
	    71    0xa824ffdc  sw r4,-36(r1)
	    72    0xa823ffe4  sw r3,-28(r1)
	    73    0x48060000  lhi r6, #0
	    74    0x5028fff8  lw r8,-8(r1)
	    75    0x5025ffec  lw r5,-20(r1)
	    76    0x48040000  lhi r4, #0
	    77    0x116c00ff  andi r12,r11,#255
	    78    0x010c6001  add r12,r8,r12
	    79    0x398c0000  lbu r12,0(r12)
	    80    0x118d0004  andi r13,r12,#4
	    81    0x21a0000c  bnez r13,#12
	    82    0x00000000  nop
	    83    0x00000000  nop
	    84    0x118d0003  andi r13,r12,#3
	    85    0x15a0002e  beqz r13,#46
	    86    0x00000000  nop
	    87    0x00000000  nop
	    88    0x118d0002  andi r13,r12,#2
	    89    0x21a00002  bnez r13,#2
	    90    0x540c0037  ori r12,r0,#55
	    91    0x00000000  nop
	    92    0x540c0057  ori r12,r0,#87
	    93    0x24000002  j #2
	    94    0x016c5818  sub r11,r11,r12
	    95    0x096bffd0  addi r11,r11,#-48
	    96    0x0165600c  sge r12,r11,r5
	    97    0x21800022  bnez r12,#34
	    98    0x00000000  nop
	    99    0x00000000  nop
	   100    0x00c06013  slt r12,r6,r0
	   101    0x2180001c  bnez r12,#28
	   102    0x00000000  nop
	   103    0x00000000  nop
	   104    0x5026ffe8  lw r6,-24(r1)
	   105    0x0064400b  seq r8,r3,r4
	   106    0x0166300e  sgt r6,r11,r6
	   107    0x0083180f  sgtu r3,r4,r3
	   108    0x00c83003  and r6,r6,r8
	   109    0x0066180a  or r3,r3,r6
	   110    0x2060000b  bnez r3,#11
	   111    0xa82bffd8  sw r11,-40(r1)
	   112    0xa827ffd4  sw r7,-44(r1)
	   113    0x28000000  jal #__sint_mul_called___sint___sint
	   114    0x00000000  nop
	   115    0x5025ffd8  lw r5,-40(r1)
	   116    0x00652001  add r4,r3,r5
	   117    0x5027ffd4  lw r7,-44(r1)
	   118    0x5028fff8  lw r8,-8(r1)
	   119    0x5023ffe4  lw r3,-28(r1)
	   120    0x54060001  ori r6,r0,#1
	   121    0x24000009  j #9
	   122    0x5025ffec  lw r5,-20(r1)
	   123    0x54030022  ori r3,r0,#34
	   124    0x5024ffdc  lw r4,-36(r1)
	   125    0x5027ffd4  lw r7,-44(r1)
	   126    0xa8830000  sw r3,0(r4)
	   127    0x0806ffff  addi r6,r0,#-1
	   128    0x5028fff8  lw r8,-8(r1)
	   129    0x5023ffe4  lw r3,-28(r1)
	   130    0x0804ffff  addi r4,r0,#-1
	   131    0x27ffffc9  j #-55
	   132    0x00eb0831  lbu r11,(r7+=1)
.label __ll2___ulong_strtoul___P__cchar___P__P__cchar___sint
	   133    0x5025ffe0  lw r5,-32(r1)
	   134    0x00a02815  sne r5,r5,r0
	   135    0x00c0180e  sgt r3,r6,r0
	   136    0x00654003  and r8,r3,r5
	   137    0x15000002  beqz r8,#2
	   138    0x54830000  ori r3,r4,#0
	   139    0x5025fff0  lw r5,-16(r1)
	   140    0x00031818  sub r3,r0,r3
	   141    0x14a00006  beqz r5,#6
	   142    0x5024fff4  lw r4,-12(r1)
	   143    0x00000000  nop
	   144    0x14c00002  beqz r6,#2
	   145    0x00000000  nop
	   146    0x00000000  nop
	   147    0x08e4ffff  addi r4,r7,#-1
	   148    0xa8a40000  sw r4,0(r5)
	   149    0x00000000  nop
	   150    0x5025fffc  lw r5,-4(r1)
.rts
	   151    0x30a00000  jr r5
	   152    0x0821ffd4  addi r1,r1,#-44
.label __ulong_strtoul___P__cchar___P__P__cchar___sint__end
	   153    0x00000000  nop

.undef global text __sint_mul_called___sint___sint

.undef global text __uint_div_called___uint___uint_R__uint

.undef global data _ct_code

.undef global data errno

