
; File generated by darts version N-2018.03#7d02e3ca79#180723, Thu Feb 28 14:35:34 2019
; Copyright 2014-2018 Synopsys, Inc. All rights reserved.
; darts -B -I.. +p -d -h -I../runtime/include -I../../io_modules -I/CMC/tools/synopsys/asip_designer_vN-2018.03-SP3/linux64/chessdir/../examples/io_modules -D__tct_patch__=300 -L +Ihex lib/Release/strtol.o tlx

; Release: ipd N-2018.03-SP3
.undef global data _ct_code

.undef global data errno

.text_segment_name
.text global 0 __slong_strtol___P__cchar___P__P__cchar___sint
	     0    0x08210038  addi r1,r1,#56
.rela 4 _ct_code 0
	     1    0x48030000  lhi r3, #0
.rela 5 _ct_code 0
	     2    0x54690000  ori r9,r3,#0
	     3    0x54870000  ori r7,r4,#0
	     4    0xa822fffc  sw r2,-4(r1)
	     5    0xa829fff8  sw r9,-8(r1)
	     6    0x54030001  ori r3,r0,#1
	     7    0x00e80831  lbu r8,(r7+=1)
	     8    0x01095001  add r10,r8,r9
	     9    0x394a0000  lbu r10,0(r10)
	    10    0x114a0040  andi r10,r10,#64
	    11    0x2140fffa  bnez r10,#-6
	    12    0x00000000  nop
	    13    0x00000000  nop
	    14    0x54ea0000  ori r10,r7,#0
	    15    0xa826ffec  sw r6,-20(r1)
	    16    0x650b002d  seqi r11,r8,#45
	    17    0x00e90830  lb r9,(r7+=1)
	    18    0xa824fff4  sw r4,-12(r1)
	    19    0xa825fff0  sw r5,-16(r1)
	    20    0x2160000b  bnez r11,#11
	    21    0xa827ffe4  sw r7,-28(r1)
	    22    0xa829ffe8  sw r9,-24(r1)
	    23    0x9505002b  snei r5,r8,#43
	    24    0x20a00003  bnez r5,#3
	    25    0x48030000  lhi r3, #0
	    26    0x00000000  nop
	    27    0x54ea0000  ori r10,r7,#0
	    28    0x55280000  ori r8,r9,#0
	    29    0xa828ffe8  sw r8,-24(r1)
	    30    0x55470000  ori r7,r10,#0
	    31    0xa82affe4  sw r10,-28(r1)
	    32    0x55090000  ori r9,r8,#0
	    33    0x00c0280b  seq r5,r6,r0
	    34    0x34e80000  lb r8,0(r7)
	    35    0x64c70010  seqi r7,r6,#16
	    36    0x65040058  seqi r4,r8,#88
	    37    0x65290030  seqi r9,r9,#48
	    38    0x65080078  seqi r8,r8,#120
	    39    0x00a7280a  or r5,r5,r7
	    40    0x00a92803  and r5,r5,r9
	    41    0x0088200a  or r4,r4,r8
	    42    0x00852003  and r4,r4,r5
	    43    0x14800009  beqz r4,#9
	    44    0x5025ffec  lw r5,-20(r1)
	    45    0xa823ffe0  sw r3,-32(r1)
	    46    0x00000000  nop
	    47    0x5025ffe4  lw r5,-28(r1)
	    48    0x08a40001  addi r4,r5,#1
	    49    0x54050010  ori r5,r0,#16
	    50    0x00860830  lb r6,(r4+=1)
	    51    0xa824ffe4  sw r4,-28(r1)
	    52    0xa826ffe8  sw r6,-24(r1)
	    53    0xa825ffec  sw r5,-20(r1)
	    54    0x20a00008  bnez r5,#8
	    55    0x00000000  nop
	    56    0x00000000  nop
	    57    0x5024ffe8  lw r4,-24(r1)
	    58    0x64840030  seqi r4,r4,#48
	    59    0x20800003  bnez r4,#3
	    60    0x54050008  ori r5,r0,#8
	    61    0xa825ffec  sw r5,-20(r1)
	    62    0x5405000a  ori r5,r0,#10
	    63    0xa825ffec  sw r5,-20(r1)
	    64    0x48048000  lhi r4, #-32768
	    65    0x20600002  bnez r3,#2
	    66    0x48067fff  lhi r6, #32767
	    67    0x54c6ffff  ori r6,r6,#65535
	    68    0x54c40000  ori r4,r6,#0
	    69    0xa826ffdc  sw r6,-36(r1)
	    70    0x28000000  jal #__sint_div_called___sint___sint_R__sint
	    71    0x00000000  nop
	    72    0x5025ffe0  lw r5,-32(r1)
	    73    0x14a0000b  beqz r5,#11
	    74    0xa823ffd8  sw r3,-40(r1)
	    75    0x00000000  nop
	    76    0x00c02810  sle r5,r6,r0
	    77    0x20a00006  bnez r5,#6
	    78    0x00000000  nop
	    79    0x00000000  nop
	    80    0x5025ffd8  lw r5,-40(r1)
	    81    0x08a50001  addi r5,r5,#1
	    82    0x5024ffec  lw r4,-20(r1)
	    83    0x00c43018  sub r6,r6,r4
	    84    0xa825ffd8  sw r5,-40(r1)
	    85    0x00063018  sub r6,r0,r6
.rela 4 errno 0
	    86    0x48050000  lhi r5, #0
.rela 5 errno 0
	    87    0x54a40000  ori r4,r5,#0
	    88    0x502affe8  lw r10,-24(r1)
	    89    0x5027ffe4  lw r7,-28(r1)
	    90    0xa824ffe8  sw r4,-24(r1)
	    91    0x48080000  lhi r8, #0
	    92    0x5025ffec  lw r5,-20(r1)
	    93    0xa826ffe4  sw r6,-28(r1)
	    94    0xa828ffd4  sw r8,-44(r1)
	    95    0x48040000  lhi r4, #0
	    96    0x5023fff8  lw r3,-8(r1)
	    97    0x114b00ff  andi r11,r10,#255
	    98    0x006b5801  add r11,r3,r11
	    99    0x396b0000  lbu r11,0(r11)
	   100    0x116c0004  andi r12,r11,#4
	   101    0x2180000c  bnez r12,#12
	   102    0x00000000  nop
	   103    0x00000000  nop
	   104    0x116c0003  andi r12,r11,#3
	   105    0x1580004c  beqz r12,#76
	   106    0x00000000  nop
	   107    0x00000000  nop
	   108    0x116c0002  andi r12,r11,#2
	   109    0x21800002  bnez r12,#2
	   110    0x540b0037  ori r11,r0,#55
	   111    0x00000000  nop
	   112    0x540b0057  ori r11,r0,#87
	   113    0x24000002  j #2
	   114    0x014b5018  sub r10,r10,r11
	   115    0x094affd0  addi r10,r10,#-48
	   116    0x0145580c  sge r11,r10,r5
	   117    0x21600040  bnez r11,#64
	   118    0x00000000  nop
	   119    0x00000000  nop
	   120    0x01005813  slt r11,r8,r0
	   121    0x2160003a  bnez r11,#58
	   122    0x00000000  nop
	   123    0x00000000  nop
	   124    0x5026ffe4  lw r6,-28(r1)
	   125    0x5023ffd8  lw r3,-40(r1)
	   126    0x0064180b  seq r3,r3,r4
	   127    0x0146300e  sgt r6,r10,r6
	   128    0x00663003  and r6,r3,r6
	   129    0xa826ffcc  sw r6,-52(r1)
	   130    0xa827ffc8  sw r7,-56(r1)
	   131    0xa82affd0  sw r10,-48(r1)
	   132    0x28000000  jal #__sint_mul_called___sint___sint
	   133    0x00000000  nop
	   134    0x5026ffe0  lw r6,-32(r1)
	   135    0x5027ffcc  lw r7,-52(r1)
	   136    0x20c00017  bnez r6,#23
	   137    0x5024ffd4  lw r4,-44(r1)
	   138    0x5025ffd8  lw r5,-40(r1)
	   139    0x0085280e  sgt r5,r4,r5
	   140    0x00a7200a  or r4,r5,r7
	   141    0x20800008  bnez r4,#8
	   142    0x5025ffd0  lw r5,-48(r1)
	   143    0x00000000  nop
	   144    0x00652001  add r4,r3,r5
	   145    0x5027ffc8  lw r7,-56(r1)
	   146    0x5025ffec  lw r5,-20(r1)
	   147    0xa824ffd4  sw r4,-44(r1)
	   148    0x54080001  ori r8,r0,#1
	   149    0x2400001f  j #31
	   150    0x5023fff8  lw r3,-8(r1)
	   151    0x5025ffe8  lw r5,-24(r1)
	   152    0x5024ffdc  lw r4,-36(r1)
	   153    0x54060022  ori r6,r0,#34
	   154    0x5027ffc8  lw r7,-56(r1)
	   155    0xa8a60000  sw r6,0(r5)
	   156    0xa824ffd4  sw r4,-44(r1)
	   157    0x0808ffff  addi r8,r0,#-1
	   158    0x5023fff8  lw r3,-8(r1)
	   159    0x24000015  j #21
	   160    0x5025ffec  lw r5,-20(r1)
	   161    0x00852813  slt r5,r4,r5
	   162    0x00a7200a  or r4,r5,r7
	   163    0x20800007  bnez r4,#7
	   164    0x54080001  ori r8,r0,#1
	   165    0x5025ffd0  lw r5,-48(r1)
	   166    0x00652018  sub r4,r3,r5
	   167    0x5027ffc8  lw r7,-56(r1)
	   168    0x5025ffec  lw r5,-20(r1)
	   169    0xa824ffd4  sw r4,-44(r1)
	   170    0x2400000a  j #10
	   171    0x5023fff8  lw r3,-8(r1)
	   172    0x5025ffe8  lw r5,-24(r1)
	   173    0x54060022  ori r6,r0,#34
	   174    0xa8a60000  sw r6,0(r5)
	   175    0x48048000  lhi r4, #-32768
	   176    0x5027ffc8  lw r7,-56(r1)
	   177    0x5023fff8  lw r3,-8(r1)
	   178    0x5025ffec  lw r5,-20(r1)
	   179    0xa824ffd4  sw r4,-44(r1)
	   180    0x0808ffff  addi r8,r0,#-1
	   181    0x27ffffab  j #-85
	   182    0x00ea0831  lbu r10,(r7+=1)
.label __ll2___slong_strtol___P__cchar___P__P__cchar___sint
	   183    0x5025fff0  lw r5,-16(r1)
	   184    0x14a00006  beqz r5,#6
	   185    0x54830000  ori r3,r4,#0
	   186    0x00000000  nop
	   187    0x15000002  beqz r8,#2
	   188    0x5024fff4  lw r4,-12(r1)
	   189    0x00000000  nop
	   190    0x08e4ffff  addi r4,r7,#-1
	   191    0xa8a40000  sw r4,0(r5)
	   192    0x00000000  nop
	   193    0x5025fffc  lw r5,-4(r1)
.rts
	   194    0x30a00000  jr r5
	   195    0x0821ffc8  addi r1,r1,#-56
.label __slong_strtol___P__cchar___P__P__cchar___sint__end
	   196    0x00000000  nop

.undef global text __sint_mul_called___sint___sint

.undef global text __sint_div_called___sint___sint_R__sint

.undef global data _ct_code

.undef global data errno

