
; File generated by darts version N-2018.03#7d02e3ca79#180723, Thu Feb 28 14:35:13 2019
; Copyright 2014-2018 Synopsys, Inc. All rights reserved.
; darts -B -I. +p -d -h -I./runtime/include -I../../io_modules -I/CMC/tools/synopsys/asip_designer_vN-2018.03-SP3/linux64/chessdir/../examples/io_modules -D__tct_patch__=300 -L +Ihex Release/tlx_div_longlong.o tlx

; Release: ipd N-2018.03-SP3
.text_segment_name
.text global 0 __ulonglong_div_called___ulonglong___ulonglong_R__ulonglong
	     0    0x00c0400b  seq r8,r6,r0
	     1    0x00c04813  slt r9,r6,r0
	     2    0x01004003  and r8,r8,r0
	     3    0x0109480a  or r9,r8,r9
	     4    0x21200021  bnez r9,#33
	     5    0x00000000  nop
	     6    0x00000000  nop
.rela 4 ZLS_F__ulonglong_div_called___ulonglong___ulonglong_R__ulonglong_16 0
	     7    0x48080010  lhi r8, #16
.rela 5 ZLS_F__ulonglong_div_called___ulonglong___ulonglong_R__ulonglong_16 0
	     8    0x55080010  ori r8,r8,#16
.rela 4 ZLE_F__ulonglong_div_called___ulonglong___ulonglong_R__ulonglong_36 0
	     9    0x48090024  lhi r9, #36
	    10    0xbd010000  bor ls,r8,#0
.rela 5 ZLE_F__ulonglong_div_called___ulonglong___ulonglong_R__ulonglong_36 0
	    11    0x55290024  ori r9,r9,#36
	    12    0xbd220000  bor le,r9,#0
	    13    0x48080000  lhi r8, #0
	    14    0xbc000040  bor lc,r0,#64
	    15    0x55090000  ori r9,r8,#0
.label ZLS_F__ulonglong_div_called___ulonglong___ulonglong_R__ulonglong_16
	    16    0x9d2a001f  srli r10,r9,#31
	    17    0x9c83001f  srli r3,r4,#31
	    18    0x89290001  slli r9,r9,#1
	    19    0x89080001  slli r8,r8,#1
	    20    0x0069480a  or r9,r3,r9
	    21    0x010a400a  or r8,r8,r10
	    22    0x9ca3001f  srli r3,r5,#31
	    23    0x88840001  slli r4,r4,#1
	    24    0x00c8500b  seq r10,r6,r8
	    25    0x00e95811  sleu r11,r7,r9
	    26    0x0064200a  or r4,r3,r4
	    27    0x00c86014  sltu r12,r6,r8
	    28    0x014b5003  and r10,r10,r11
	    29    0x014c180a  or r3,r10,r12
	    30    0x14600004  beqz r3,#4
	    31    0x88a50001  slli r5,r5,#1
	    32    0x00000000  nop
	    33    0x01274818  sub r9,r9,r7
	    34    0x54a50001  ori r5,r5,#1
	    35    0x01064019  subx r8,r8,r6
.label ZLE_F__ulonglong_div_called___ulonglong___ulonglong_R__ulonglong_36
	    36    0x00000000  nop
	    37    0x2400000e  j #14
	    38    0x00000000  nop
	    39    0x0086480b  seq r9,r4,r6
	    40    0x00e54011  sleu r8,r7,r5
	    41    0x01094803  and r9,r8,r9
	    42    0x00c41814  sltu r3,r6,r4
	    43    0x0069180a  or r3,r3,r9
	    44    0x54a90000  ori r9,r5,#0
	    45    0x54880000  ori r8,r4,#0
	    46    0x14600004  beqz r3,#4
	    47    0x48040000  lhi r4, #0
	    48    0x54850000  ori r5,r4,#0
	    49    0x01274818  sub r9,r9,r7
	    50    0x01064019  subx r8,r8,r6
	    51    0x54050001  ori r5,r0,#1
	    52    0xa825fffc  sw r5,-4(r1)
.rts
	    53    0x30400000  jr r2
	    54    0xa824fff8  sw r4,-8(r1)
.label __ulonglong_div_called___ulonglong___ulonglong_R__ulonglong__end
	    55    0x00000000  nop

.text_segment_name
.text global 0 __slonglong_div_called___slonglong___slonglong_R__slonglong
	     0    0x0080400b  seq r8,r4,r0
	     1    0x00804813  slt r9,r4,r0
	     2    0x01004003  and r8,r8,r0
	     3    0x0109180a  or r3,r8,r9
	     4    0x14600003  beqz r3,#3
	     5    0x548f0000  ori r15,r4,#0
	     6    0x00000000  nop
	     7    0x00052818  sub r5,r0,r5
	     8    0x00047819  subx r15,r0,r4
	     9    0x00c0400b  seq r8,r6,r0
	    10    0x00c04813  slt r9,r6,r0
	    11    0x01004003  and r8,r8,r0
	    12    0x0109480a  or r9,r8,r9
	    13    0x15200003  beqz r9,#3
	    14    0x54ca0000  ori r10,r6,#0
	    15    0x00000000  nop
	    16    0x00073818  sub r7,r0,r7
	    17    0x00065019  subx r10,r0,r6
	    18    0x0140400b  seq r8,r10,r0
	    19    0x01404813  slt r9,r10,r0
	    20    0x01004003  and r8,r8,r0
	    21    0x0109480a  or r9,r8,r9
	    22    0x21200021  bnez r9,#33
	    23    0x00000000  nop
	    24    0x00000000  nop
.rela 4 ZLS_F__slonglong_div_called___slonglong___slonglong_R__slonglong_34 0
	    25    0x48080022  lhi r8, #34
.rela 5 ZLS_F__slonglong_div_called___slonglong___slonglong_R__slonglong_34 0
	    26    0x55080022  ori r8,r8,#34
.rela 4 ZLE_F__slonglong_div_called___slonglong___slonglong_R__slonglong_54 0
	    27    0x48090036  lhi r9, #54
	    28    0xbd010000  bor ls,r8,#0
.rela 5 ZLE_F__slonglong_div_called___slonglong___slonglong_R__slonglong_54 0
	    29    0x55290036  ori r9,r9,#54
	    30    0xbd220000  bor le,r9,#0
	    31    0x48080000  lhi r8, #0
	    32    0xbc000040  bor lc,r0,#64
	    33    0x55090000  ori r9,r8,#0
.label ZLS_F__slonglong_div_called___slonglong___slonglong_R__slonglong_34
	    34    0x9d2c001f  srli r12,r9,#31
	    35    0x9deb001f  srli r11,r15,#31
	    36    0x89290001  slli r9,r9,#1
	    37    0x89080001  slli r8,r8,#1
	    38    0x012b480a  or r9,r9,r11
	    39    0x010c400a  or r8,r8,r12
	    40    0x9cab001f  srli r11,r5,#31
	    41    0x89ef0001  slli r15,r15,#1
	    42    0x010a600b  seq r12,r8,r10
	    43    0x00e96811  sleu r13,r7,r9
	    44    0x016f780a  or r15,r11,r15
	    45    0x01487014  sltu r14,r10,r8
	    46    0x018d6003  and r12,r12,r13
	    47    0x018e580a  or r11,r12,r14
	    48    0x15600004  beqz r11,#4
	    49    0x88a50001  slli r5,r5,#1
	    50    0x00000000  nop
	    51    0x01274818  sub r9,r9,r7
	    52    0x54a50001  ori r5,r5,#1
	    53    0x010a4019  subx r8,r8,r10
.label ZLE_F__slonglong_div_called___slonglong___slonglong_R__slonglong_54
	    54    0x00000000  nop
	    55    0x2400000e  j #14
	    56    0x00000000  nop
	    57    0x014f480b  seq r9,r10,r15
	    58    0x00e54011  sleu r8,r7,r5
	    59    0x01094803  and r9,r8,r9
	    60    0x014f5814  sltu r11,r10,r15
	    61    0x012b580a  or r11,r9,r11
	    62    0x55e80000  ori r8,r15,#0
	    63    0x54a90000  ori r9,r5,#0
	    64    0x15600004  beqz r11,#4
	    65    0x480f0000  lhi r15, #0
	    66    0x55e50000  ori r5,r15,#0
	    67    0x01274818  sub r9,r9,r7
	    68    0x010a4019  subx r8,r8,r10
	    69    0x54050001  ori r5,r0,#1
	    70    0x14600003  beqz r3,#3
	    71    0xa825fffc  sw r5,-4(r1)
	    72    0xa82ffff8  sw r15,-8(r1)
	    73    0x00094818  sub r9,r0,r9
	    74    0x00084019  subx r8,r0,r8
	    75    0x0086301a  xor r6,r4,r6
	    76    0x00c0200b  seq r4,r6,r0
	    77    0x00c03013  slt r6,r6,r0
	    78    0x00802003  and r4,r4,r0
	    79    0x0086200a  or r4,r4,r6
	    80    0x14800009  beqz r4,#9
	    81    0x00000000  nop
	    82    0x00000000  nop
	    83    0x5024fffc  lw r4,-4(r1)
	    84    0x00042018  sub r4,r0,r4
	    85    0x5026fff8  lw r6,-8(r1)
	    86    0x00063019  subx r6,r0,r6
	    87    0xa824fffc  sw r4,-4(r1)
.rts
	    88    0x30400000  jr r2
	    89    0xa826fff8  sw r6,-8(r1)
	    90    0x00000000  nop
.rts
	    91    0x30400000  jr r2
	    92    0x00000000  nop
.label __slonglong_div_called___slonglong___slonglong_R__slonglong__end
	    93    0x00000000  nop

