
; File generated by darts version N-2018.03#7d02e3ca79#180723, Thu Feb 28 14:35:13 2019
; Copyright 2014-2018 Synopsys, Inc. All rights reserved.
; darts -B -I. +p -d -h -I./runtime/include -I../../io_modules -I/CMC/tools/synopsys/asip_designer_vN-2018.03-SP3/linux64/chessdir/../examples/io_modules -D__tct_patch__=300 -L +Ihex Release/tlx_div_int.o tlx

; Release: ipd N-2018.03-SP3
.text_segment_name
.text global 0 __sint_mul_called___sint___sint
.rela 4 ZLE_F__sint_mul_called___sint___sint_14 0
	     0    0x4803000e  lhi r3, #14
.rela 4 ZLS_F__sint_mul_called___sint___sint_8 0
	     1    0x48060008  lhi r6, #8
.rela 5 ZLE_F__sint_mul_called___sint___sint_14 0
	     2    0x5463000e  ori r3,r3,#14
	     3    0xbc620000  bor le,r3,#0
.rela 5 ZLS_F__sint_mul_called___sint___sint_8 0
	     4    0x54c60008  ori r6,r6,#8
	     5    0xbc000020  bor lc,r0,#32
	     6    0xbcc10000  bor ls,r6,#0
	     7    0x48030000  lhi r3, #0
.label ZLS_F__sint_mul_called___sint___sint_8
	     8    0x10a60001  andi r6,r5,#1
	     9    0x14c00002  beqz r6,#2
	    10    0x00000000  nop
	    11    0x00000000  nop
	    12    0x00641801  add r3,r3,r4
	    13    0x88840001  slli r4,r4,#1
.label ZLE_F__sint_mul_called___sint___sint_14
	    14    0x98a50001  srai r5,r5,#1
.rts
	    15    0x30400000  jr r2
	    16    0x00000000  nop
.label __sint_mul_called___sint___sint__end
	    17    0x00000000  nop

.text_segment_name
.text global 0 __slonglong_lmul_called___slonglong___slonglong
.rela 4 ZLS_F__slonglong_lmul_called___slonglong___slonglong_11 0
	     0    0x4808000b  lhi r8, #11
.rela 4 ZLE_F__slonglong_lmul_called___slonglong___slonglong_28 0
	     1    0x4803001c  lhi r3, #28
.rela 5 ZLS_F__slonglong_lmul_called___slonglong___slonglong_11 0
	     2    0x5508000b  ori r8,r8,#11
.rela 5 ZLE_F__slonglong_lmul_called___slonglong___slonglong_28 0
	     3    0x5463001c  ori r3,r3,#28
	     4    0x480a0000  lhi r10, #0
	     5    0xbd010000  bor ls,r8,#0
	     6    0xbc620000  bor le,r3,#0
	     7    0xbc000040  bor lc,r0,#64
	     8    0x55430000  ori r3,r10,#0
	     9    0x55490000  ori r9,r10,#0
	    10    0x55480000  ori r8,r10,#0
.label ZLS_F__slonglong_lmul_called___slonglong___slonglong_11
	    11    0x10eb0001  andi r11,r7,#1
	    12    0x01605815  sne r11,r11,r0
	    13    0x0160580a  or r11,r11,r0
	    14    0x15600005  beqz r11,#5
	    15    0x00000000  nop
	    16    0x00000000  nop
	    17    0x00651801  add r3,r3,r5
	    18    0x00894802  addx r9,r4,r9
	    19    0x55280000  ori r8,r9,#0
	    20    0x546a0000  ori r10,r3,#0
	    21    0x9cac001f  srli r12,r5,#31
	    22    0x88cb001f  slli r11,r6,#31
	    23    0x88840001  slli r4,r4,#1
	    24    0x9ce70001  srli r7,r7,#1
	    25    0x88a50001  slli r5,r5,#1
	    26    0x98c60001  srai r6,r6,#1
	    27    0x008c200a  or r4,r4,r12
.label ZLE_F__slonglong_lmul_called___slonglong___slonglong_28
	    28    0x00eb380a  or r7,r7,r11
	    29    0xa828fff8  sw r8,-8(r1)
.rts
	    30    0x30400000  jr r2
	    31    0xa82afffc  sw r10,-4(r1)
.label __slonglong_lmul_called___slonglong___slonglong__end
	    32    0x00000000  nop

